#
# There is insufficient memory for the Java Runtime Environment to continue.
# Native memory allocation (mmap) failed to map 109051904 bytes for G1 virtual space
# Possible reasons:
#   The system is out of physical RAM or swap space
#   The process is running with CompressedOops enabled, and the Java Heap may be blocking the growth of the native heap
# Possible solutions:
#   Reduce memory load on the system
#   Increase physical memory or swap space
#   Check if swap backing store is full
#   Decrease Java heap size (-Xmx/-Xms)
#   Decrease number of Java threads
#   Decrease Java thread stack sizes (-Xss)
#   Set larger code cache with -XX:ReservedCodeCacheSize=
#   JVM is running with Zero Based Compressed Oops mode in which the Java heap is
#     placed in the first 32GB address space. The Java Heap base address is the
#     maximum limit for the native heap growth. Please use -XX:HeapBaseMinAddress
#     to set the Java Heap base and to place the Java Heap above 32GB virtual address.
# This output file may be truncated or incomplete.
#
#  Out of Memory Error (os_windows.cpp:3617), pid=55432, tid=51848
#
# JRE version: OpenJDK Runtime Environment Temurin-17.0.8+7 (17.0.8+7) (build 17.0.8+7)
# Java VM: OpenJDK 64-Bit Server VM Temurin-17.0.8+7 (17.0.8+7, mixed mode, tiered, compressed oops, compressed class ptrs, g1 gc, windows-amd64)
# No core dump will be written. Minidumps are not enabled by default on client versions of Windows
#

---------------  S U M M A R Y ------------

Command Line: -ea -Dfile.encoding=UTF-8 -XX:+ShowCodeDetailsInExceptionMessages org.testng.remote.RemoteTestNG -serport 63800 -protocol json -d C:\Users\koppu\eclipse-workspace\loginforgo\test-output C:\WINDOWS\TEMP\testng-eclipse--1477522202\testng-customsuite.xml

Host: 11th Gen Intel(R) Core(TM) i5-11320H @ 3.20GHz, 8 cores, 15G,  Windows 11 , 64 bit Build 22621 (10.0.22621.3085)
Time: Fri Apr 26 16:35:53 2024 India Standard Time elapsed time: 2.051769 seconds (0d 0h 0m 2s)

---------------  T H R E A D  ---------------

Current thread (0x00000167531cdc50):  VMThread "VM Thread" [stack: 0x000000178fb00000,0x000000178fc00000] [id=51848]

Stack: [0x000000178fb00000,0x000000178fc00000]
Native frames: (J=compiled Java code, j=interpreted, Vv=VM code, C=native code)
V  [jvm.dll+0x678b0a]
V  [jvm.dll+0x835e84]
V  [jvm.dll+0x83762e]
V  [jvm.dll+0x837c93]
V  [jvm.dll+0x24746f]
V  [jvm.dll+0x675859]
V  [jvm.dll+0x66a0ea]
V  [jvm.dll+0x306c7b]
V  [jvm.dll+0x30e166]
V  [jvm.dll+0x35dd3e]
V  [jvm.dll+0x35df6f]
V  [jvm.dll+0x2ddb48]
V  [jvm.dll+0x2dbd0c]
V  [jvm.dll+0x2db2dc]
V  [jvm.dll+0x31f18b]
V  [jvm.dll+0x83c15b]
V  [jvm.dll+0x83ce94]
V  [jvm.dll+0x83d3ac]
V  [jvm.dll+0x83d784]
V  [jvm.dll+0x83d850]
V  [jvm.dll+0x7e64ca]
V  [jvm.dll+0x677955]
C  [ucrtbase.dll+0x29363]
C  [KERNEL32.DLL+0x1257d]
C  [ntdll.dll+0x5aa58]

VM_Operation (0x000000178f5fb390): G1CollectForAllocation, mode: safepoint, requested by thread 0x00000167346e9570


---------------  P R O C E S S  ---------------

Threads class SMR info:
_java_thread_list=0x0000016758ca4910, length=29, elements={
0x00000167346e9570, 0x00000167531d12b0, 0x00000167531d1e70, 0x0000016753214280,
0x0000016753214e40, 0x0000016753219920, 0x000001675321a2e0, 0x00000167532260b0,
0x000001675322af80, 0x000001675322b890, 0x00000167533a8d30, 0x00000167533c5740,
0x00000167533c42e0, 0x00000167588a8290, 0x00000167583aabd0, 0x0000016758846060,
0x0000016758323a90, 0x00000167583253e0, 0x0000016758323070, 0x0000016758323580,
0x0000016758323fa0, 0x00000167583244b0, 0x00000167583249c0, 0x0000016758324ed0,
0x0000016758322650, 0x0000016758322b60, 0x000001675a8dc080, 0x000001675a8e3a00,
0x000001675a8df320
}

Java Threads: ( => current thread )
  0x00000167346e9570 JavaThread "Forwarding newSession on session null to remote" [_thread_blocked, id=60520, stack(0x000000178f500000,0x000000178f600000)]
  0x00000167531d12b0 JavaThread "Reference Handler" daemon [_thread_blocked, id=69848, stack(0x000000178fc00000,0x000000178fd00000)]
  0x00000167531d1e70 JavaThread "Finalizer" daemon [_thread_blocked, id=25300, stack(0x000000178fd00000,0x000000178fe00000)]
  0x0000016753214280 JavaThread "Signal Dispatcher" daemon [_thread_blocked, id=47960, stack(0x000000178fe00000,0x000000178ff00000)]
  0x0000016753214e40 JavaThread "Attach Listener" daemon [_thread_blocked, id=50576, stack(0x000000178ff00000,0x0000001790000000)]
  0x0000016753219920 JavaThread "Service Thread" daemon [_thread_blocked, id=62608, stack(0x0000001790000000,0x0000001790100000)]
  0x000001675321a2e0 JavaThread "Monitor Deflation Thread" daemon [_thread_blocked, id=71764, stack(0x0000001790100000,0x0000001790200000)]
  0x00000167532260b0 JavaThread "C2 CompilerThread0" daemon [_thread_blocked, id=60684, stack(0x0000001790200000,0x0000001790300000)]
  0x000001675322af80 JavaThread "C1 CompilerThread0" daemon [_thread_blocked, id=54680, stack(0x0000001790300000,0x0000001790400000)]
  0x000001675322b890 JavaThread "Sweeper thread" daemon [_thread_blocked, id=51228, stack(0x0000001790400000,0x0000001790500000)]
  0x00000167533a8d30 JavaThread "Notification Thread" daemon [_thread_blocked, id=50564, stack(0x0000001790500000,0x0000001790600000)]
  0x00000167533c5740 JavaThread "Common-Cleaner" daemon [_thread_blocked, id=70276, stack(0x0000001790700000,0x0000001790800000)]
  0x00000167533c42e0 JavaThread "ReaderThread" [_thread_in_native, id=36976, stack(0x0000001790a00000,0x0000001790b00000)]
  0x00000167588a8290 JavaThread "ForkJoinPool.commonPool-worker-1" daemon [_thread_blocked, id=36296, stack(0x0000001791300000,0x0000001791400000)]
  0x00000167583aabd0 JavaThread "ForkJoinPool.commonPool-worker-2" daemon [_thread_blocked, id=34864, stack(0x0000001791400000,0x0000001791500000)]
  0x0000016758846060 JavaThread "ForkJoinPool.commonPool-worker-3" daemon [_thread_blocked, id=26072, stack(0x0000001791500000,0x0000001791600000)]
  0x0000016758323a90 JavaThread "ForkJoinPool.commonPool-worker-4" daemon [_thread_blocked, id=44644, stack(0x0000001791600000,0x0000001791700000)]
  0x00000167583253e0 JavaThread "ForkJoinPool.commonPool-worker-5" daemon [_thread_blocked, id=27280, stack(0x0000001791700000,0x0000001791800000)]
  0x0000016758323070 JavaThread "ForkJoinPool.commonPool-worker-6" daemon [_thread_blocked, id=33832, stack(0x0000001791800000,0x0000001791900000)]
  0x0000016758323580 JavaThread "ForkJoinPool.commonPool-worker-7" daemon [_thread_blocked, id=16964, stack(0x0000001791900000,0x0000001791a00000)]
  0x0000016758323fa0 JavaThread "HttpClient-1-SelectorManager" daemon [_thread_in_native, id=58228, stack(0x0000001791c00000,0x0000001791d00000)]
  0x00000167583244b0 JavaThread "External Process Output Forwarder - C:\Users\koppu\.cache\selenium\chromedriver\win64\123.0.6312.122\chromedriver.exe" daemon [_thread_in_native, id=67384, stack(0x0000001791d00000,0x0000001791e00000)]
  0x00000167583249c0 JavaThread "Driver Service Executor" daemon [_thread_blocked, id=15520, stack(0x0000001791e00000,0x0000001791f00000)]
  0x0000016758324ed0 JavaThread "Driver Service Executor" daemon [_thread_in_native, id=39912, stack(0x0000001791f00000,0x0000001792000000)]
  0x0000016758322650 JavaThread "UrlChecker-2" daemon [_thread_blocked, id=50520, stack(0x0000001792000000,0x0000001792100000)]
  0x0000016758322b60 JavaThread "Keep-Alive-Timer" daemon [_thread_blocked, id=2308, stack(0x0000001792100000,0x0000001792200000)]
  0x000001675a8dc080 JavaThread "JdkHttpClient-0-0" daemon [_thread_blocked, id=19468, stack(0x0000001792200000,0x0000001792300000)]
  0x000001675a8e3a00 JavaThread "JdkHttpClient-0-1" daemon [_thread_blocked, id=64184, stack(0x0000001792300000,0x0000001792400000)]
  0x000001675a8df320 JavaThread "JdkHttpClient-0-2" daemon [_thread_blocked, id=40272, stack(0x0000001792400000,0x0000001792500000)]

Other Threads:
=>0x00000167531cdc50 VMThread "VM Thread" [stack: 0x000000178fb00000,0x000000178fc00000] [id=51848]
  0x000001673476d260 WatcherThread [stack: 0x0000001790600000,0x0000001790700000] [id=38560]
  0x0000016734755c10 GCTaskThread "GC Thread#0" [stack: 0x000000178f600000,0x000000178f700000] [id=41024]
  0x00000167584110c0 GCTaskThread "GC Thread#1" [stack: 0x0000001790b00000,0x0000001790c00000] [id=67880]
  0x000001675839ee80 GCTaskThread "GC Thread#2" [stack: 0x0000001790c00000,0x0000001790d00000] [id=17024]
  0x000001675840aa50 GCTaskThread "GC Thread#3" [stack: 0x0000001790d00000,0x0000001790e00000] [id=71512]
  0x000001675840ad10 GCTaskThread "GC Thread#4" [stack: 0x0000001790e00000,0x0000001790f00000] [id=69692]
  0x000001675840b7e0 GCTaskThread "GC Thread#5" [stack: 0x0000001790f00000,0x0000001791000000] [id=13712]
  0x00000167583e83f0 GCTaskThread "GC Thread#6" [stack: 0x0000001791000000,0x0000001791100000] [id=19512]
  0x00000167583e8ec0 GCTaskThread "GC Thread#7" [stack: 0x0000001791100000,0x0000001791200000] [id=17832]
  0x0000016734766800 ConcurrentGCThread "G1 Main Marker" [stack: 0x000000178f700000,0x000000178f800000] [id=26272]
  0x0000016734767210 ConcurrentGCThread "G1 Conc#0" [stack: 0x000000178f800000,0x000000178f900000] [id=58232]
  0x0000016758eb8d70 ConcurrentGCThread "G1 Conc#1" [stack: 0x0000001791b00000,0x0000001791c00000] [id=24368]
  0x000001673478e430 ConcurrentGCThread "G1 Refine#0" [stack: 0x000000178f900000,0x000000178fa00000] [id=31412]
  0x00000167583fafd0 ConcurrentGCThread "G1 Refine#1" [stack: 0x0000001791200000,0x0000001791300000] [id=63908]
  0x0000016753022230 ConcurrentGCThread "G1 Service" [stack: 0x000000178fa00000,0x000000178fb00000] [id=11464]

Threads with active compile tasks:
C2 CompilerThread0     2059 2587   !   4       java.net.URL::set (114 bytes)

VM state: at safepoint (normal execution)

VM Mutex/Monitor currently owned by a thread:  ([mutex/lock_event])
[0x00000167346e4950] Threads_lock - owner thread: 0x00000167531cdc50
[0x00000167346e44d0] Heap_lock - owner thread: 0x00000167346e9570

Heap address: 0x0000000703600000, size: 4042 MB, Compressed Oops mode: Zero based, Oop shift amount: 3

CDS archive(s) not mapped
Compressed class space mapped at: 0x0000000800000000-0x0000000840000000, reserved size: 1073741824
Narrow klass base: 0x0000000800000000, Narrow klass shift: 0, Narrow klass range: 0x40000000

GC Precious Log:
 CPUs: 8 total, 8 available
 Memory: 16167M
 Large Page Support: Disabled
 NUMA Support: Disabled
 Compressed Oops: Enabled (Zero based)
 Heap Region Size: 2M
 Heap Min Capacity: 8M
 Heap Initial Capacity: 254M
 Heap Max Capacity: 4042M
 Pre-touch: Disabled
 Parallel Workers: 8
 Concurrent Workers: 2
 Concurrent Refinement Workers: 8
 Periodic GC: Disabled

Heap:
 garbage-first heap   total 49152K, used 15743K [0x0000000703600000, 0x0000000800000000)
  region size 2048K, 1 young (2048K), 1 survivors (2048K)
 Metaspace       used 27380K, committed 27712K, reserved 1114112K
  class space    used 2986K, committed 3136K, reserved 1048576K

Heap Regions: E=young(eden), S=young(survivor), O=old, HS=humongous(starts), HC=humongous(continues), CS=collection set, F=free, OA=open archive, CA=closed archive, TAMS=top-at-mark-start (previous, next)
|   0|0x0000000703600000, 0x0000000703800000, 0x0000000703800000|100%| O|  |TAMS 0x0000000703800000, 0x0000000703600000| Untracked 
|   1|0x0000000703800000, 0x0000000703a00000, 0x0000000703a00000|100%| O|  |TAMS 0x0000000703a00000, 0x0000000703800000| Untracked 
|   2|0x0000000703a00000, 0x0000000703c00000, 0x0000000703c00000|100%| O|  |TAMS 0x0000000703c00000, 0x0000000703a00000| Untracked 
|   3|0x0000000703c00000, 0x0000000703c00000, 0x0000000703e00000|  0%| F|  |TAMS 0x0000000703c00000, 0x0000000703c00000| Untracked 
|   4|0x0000000703e00000, 0x0000000704000000, 0x0000000704000000|100%| O|  |TAMS 0x0000000703e00000, 0x0000000703e00000| Untracked 
|   5|0x0000000704000000, 0x0000000704200000, 0x0000000704200000|100%| O|  |TAMS 0x0000000704000000, 0x0000000704000000| Untracked 
|   6|0x0000000704200000, 0x0000000704400000, 0x0000000704400000|100%| O|  |TAMS 0x0000000704200000, 0x0000000704200000| Untracked 
|   7|0x0000000704400000, 0x0000000704600000, 0x0000000704600000|100%| O|  |TAMS 0x0000000704400000, 0x0000000704400000| Untracked 
|   8|0x0000000704600000, 0x0000000704600000, 0x0000000704800000|  0%| F|  |TAMS 0x0000000704600000, 0x0000000704600000| Untracked 
|   9|0x0000000704800000, 0x0000000704800000, 0x0000000704a00000|  0%| F|  |TAMS 0x0000000704800000, 0x0000000704800000| Untracked 
|  10|0x0000000704a00000, 0x0000000704a00000, 0x0000000704c00000|  0%| F|  |TAMS 0x0000000704a00000, 0x0000000704a00000| Untracked 
|  11|0x0000000704c00000, 0x0000000704c00000, 0x0000000704e00000|  0%| F|  |TAMS 0x0000000704c00000, 0x0000000704c00000| Untracked 
|  12|0x0000000704e00000, 0x0000000704e43a00, 0x0000000705000000| 13%| O|  |TAMS 0x0000000704e00000, 0x0000000704e00000| Untracked 
|  13|0x0000000705000000, 0x0000000705000000, 0x0000000705200000|  0%| F|  |TAMS 0x0000000705000000, 0x0000000705000000| Untracked 
|  14|0x0000000705200000, 0x0000000705200000, 0x0000000705400000|  0%| F|  |TAMS 0x0000000705200000, 0x0000000705200000| Untracked 
|  15|0x0000000705400000, 0x0000000705400000, 0x0000000705600000|  0%| F|  |TAMS 0x0000000705400000, 0x0000000705400000| Untracked 
|  16|0x0000000705600000, 0x000000070571c290, 0x0000000705800000| 55%| S|CS|TAMS 0x0000000705600000, 0x0000000705600000| Complete 
|  17|0x0000000705800000, 0x0000000705800000, 0x0000000705a00000|  0%| F|  |TAMS 0x0000000705800000, 0x0000000705800000| Untracked 
|  18|0x0000000705a00000, 0x0000000705a00000, 0x0000000705c00000|  0%| F|  |TAMS 0x0000000705a00000, 0x0000000705a00000| Untracked 
|  19|0x0000000705c00000, 0x0000000705c00000, 0x0000000705e00000|  0%| F|  |TAMS 0x0000000705c00000, 0x0000000705c00000| Untracked 
|  20|0x0000000705e00000, 0x0000000705e00000, 0x0000000706000000|  0%| F|  |TAMS 0x0000000705e00000, 0x0000000705e00000| Untracked 
| 122|0x0000000712a00000, 0x0000000712a00000, 0x0000000712c00000|  0%| F|  |TAMS 0x0000000712a00000, 0x0000000712a00000| Untracked 
| 123|0x0000000712c00000, 0x0000000712c00000, 0x0000000712e00000|  0%| F|  |TAMS 0x0000000712c00000, 0x0000000712c00000| Untracked 
| 126|0x0000000713200000, 0x0000000713200000, 0x0000000713400000|  0%| F|  |TAMS 0x0000000713200000, 0x0000000713200000| Untracked 

Card table byte_map: [0x00000167478b0000,0x00000167480a0000] _byte_map_base: 0x0000016744095000

Marking Bits (Prev, Next): (CMBitMap*) 0x0000016734756280, (CMBitMap*) 0x0000016734756240
 Prev Bits: [0x000001674c7c0000, 0x00000167506e8000)
 Next Bits: [0x0000016748890000, 0x000001674c7b8000)

Polling page: 0x0000016732680000

Metaspace:

Usage:
  Non-class:     23.82 MB used.
      Class:      2.92 MB used.
       Both:     26.74 MB used.

Virtual space:
  Non-class space:       64.00 MB reserved,      24.00 MB ( 38%) committed,  1 nodes.
      Class space:        1.00 GB reserved,       3.06 MB ( <1%) committed,  1 nodes.
             Both:        1.06 GB reserved,      27.06 MB (  2%) committed. 

Chunk freelists:
   Non-Class:  7.67 MB
       Class:  12.82 MB
        Both:  20.49 MB

MaxMetaspaceSize: unlimited
CompressedClassSpaceSize: 1.00 GB
Initial GC threshold: 21.00 MB
Current GC threshold: 35.31 MB
CDS: off
MetaspaceReclaimPolicy: balanced
 - commit_granule_bytes: 65536.
 - commit_granule_words: 8192.
 - virtual_space_node_default_size: 8388608.
 - enlarge_chunks_in_place: 1.
 - new_chunks_are_fully_committed: 0.
 - uncommit_free_chunks: 1.
 - use_allocation_guard: 0.
 - handle_deallocations: 1.


Internal statistics:

num_allocs_failed_limit: 3.
num_arena_births: 358.
num_arena_deaths: 0.
num_vsnodes_births: 2.
num_vsnodes_deaths: 0.
num_space_committed: 433.
num_space_uncommitted: 0.
num_chunks_returned_to_freelist: 3.
num_chunks_taken_from_freelist: 855.
num_chunk_merges: 0.
num_chunk_splits: 507.
num_chunks_enlarged: 327.
num_inconsistent_stats: 0.

CodeHeap 'non-profiled nmethods': size=120000Kb used=1205Kb max_used=1205Kb free=118795Kb
 bounds [0x000001673f860000, 0x000001673fad0000, 0x0000016746d90000]
CodeHeap 'profiled nmethods': size=120000Kb used=5262Kb max_used=5262Kb free=114738Kb
 bounds [0x0000016737d90000, 0x00000167382c0000, 0x000001673f2c0000]
CodeHeap 'non-nmethods': size=5760Kb used=1256Kb max_used=1302Kb free=4503Kb
 bounds [0x000001673f2c0000, 0x000001673f530000, 0x000001673f860000]
 total_blobs=3154 nmethods=2604 adapters=462
 compilation: enabled
              stopped_count=0, restarted_count=0
 full_count=0

Compilation events (20 events):
Event: 2.045 Thread 0x000001675322af80 2598       3       java.lang.invoke.BoundMethodHandle$Species_LL::make (12 bytes)
Event: 2.046 Thread 0x000001675322af80 nmethod 2598 0x00000167382aff90 code [0x00000167382b0140, 0x00000167382b0428]
Event: 2.046 Thread 0x000001675322af80 2600       3       java.lang.invoke.Invokers::maybeCustomize (5 bytes)
Event: 2.046 Thread 0x000001675322af80 nmethod 2600 0x00000167382b0590 code [0x00000167382b0720, 0x00000167382b08c8]
Event: 2.046 Thread 0x000001675322af80 2601       3       java.lang.invoke.MethodHandle::maybeCustomize (38 bytes)
Event: 2.046 Thread 0x000001675322af80 nmethod 2601 0x00000167382b0990 code [0x00000167382b0b60, 0x00000167382b1048]
Event: 2.046 Thread 0x000001675322af80 2604       3       java.lang.invoke.BoundMethodHandle$SpeciesData::extendWith (62 bytes)
Event: 2.047 Thread 0x00000167532260b0 nmethod 2586 0x000001673f98b910 code [0x000001673f98bae0, 0x000001673f98c808]
Event: 2.047 Thread 0x00000167532260b0 2591       4       jdk.internal.org.objectweb.asm.MethodWriter::visitCode (1 bytes)
Event: 2.047 Thread 0x00000167532260b0 nmethod 2591 0x000001673f98ce10 code [0x000001673f98cf80, 0x000001673f98cff8]
Event: 2.047 Thread 0x00000167532260b0 2587   !   4       java.net.URL::set (114 bytes)
Event: 2.047 Thread 0x000001675322af80 nmethod 2604 0x00000167382b1210 code [0x00000167382b1480, 0x00000167382b1f38]
Event: 2.047 Thread 0x000001675322af80 2605       3       org.openqa.selenium.remote.codec.AbstractHttpCommandCodec$CommandSpec$$Lambda$569/0x000000080032e610::test (8 bytes)
Event: 2.047 Thread 0x000001675322af80 nmethod 2605 0x00000167382b2290 code [0x00000167382b2440, 0x00000167382b27d8]
Event: 2.047 Thread 0x000001675322af80 2603       3       java.util.stream.Collectors$$Lambda$195/0x00000008001c9c90::accept (14 bytes)
Event: 2.047 Thread 0x000001675322af80 nmethod 2603 0x00000167382b2910 code [0x00000167382b2ae0, 0x00000167382b30a8]
Event: 2.047 Thread 0x000001675322af80 2606       3       org.openqa.selenium.remote.codec.AbstractHttpCommandCodec$CommandSpec::lambda$new$0 (13 bytes)
Event: 2.047 Thread 0x000001675322af80 nmethod 2606 0x00000167382b3310 code [0x00000167382b34c0, 0x00000167382b36d8]
Event: 2.047 Thread 0x000001675322af80 2602       1       java.lang.invoke.MethodHandleImpl$AsVarargsCollector::getTarget (5 bytes)
Event: 2.047 Thread 0x000001675322af80 nmethod 2602 0x000001673f98d110 code [0x000001673f98d2a0, 0x000001673f98d378]

GC Heap History (11 events):
Event: 0.689 GC heap before
{Heap before GC invocations=0 (full 0):
 garbage-first heap   total 260096K, used 20480K [0x0000000703600000, 0x0000000800000000)
  region size 2048K, 11 young (22528K), 0 survivors (0K)
 Metaspace       used 15040K, committed 15296K, reserved 1114112K
  class space    used 1492K, committed 1600K, reserved 1048576K
}
Event: 0.693 GC heap after
{Heap after GC invocations=1 (full 0):
 garbage-first heap   total 260096K, used 6860K [0x0000000703600000, 0x0000000800000000)
  region size 2048K, 2 young (4096K), 2 survivors (4096K)
 Metaspace       used 15040K, committed 15296K, reserved 1114112K
  class space    used 1492K, committed 1600K, reserved 1048576K
}
Event: 1.007 GC heap before
{Heap before GC invocations=1 (full 0):
 garbage-first heap   total 260096K, used 29388K [0x0000000703600000, 0x0000000800000000)
  region size 2048K, 13 young (26624K), 2 survivors (4096K)
 Metaspace       used 20792K, committed 21056K, reserved 1114112K
  class space    used 2140K, committed 2240K, reserved 1048576K
}
Event: 1.011 GC heap after
{Heap after GC invocations=2 (full 0):
 garbage-first heap   total 260096K, used 9445K [0x0000000703600000, 0x0000000800000000)
  region size 2048K, 2 young (4096K), 2 survivors (4096K)
 Metaspace       used 20792K, committed 21056K, reserved 1114112K
  class space    used 2140K, committed 2240K, reserved 1048576K
}
Event: 1.061 GC heap before
{Heap before GC invocations=2 (full 0):
 garbage-first heap   total 260096K, used 13541K [0x0000000703600000, 0x0000000800000000)
  region size 2048K, 5 young (10240K), 2 survivors (4096K)
 Metaspace       used 21286K, committed 21504K, reserved 1114112K
  class space    used 2193K, committed 2304K, reserved 1048576K
}
Event: 1.065 GC heap after
{Heap after GC invocations=3 (full 0):
 garbage-first heap   total 260096K, used 10948K [0x0000000703600000, 0x0000000800000000)
  region size 2048K, 2 young (4096K), 2 survivors (4096K)
 Metaspace       used 21286K, committed 21504K, reserved 1114112K
  class space    used 2193K, committed 2304K, reserved 1048576K
}
Event: 1.239 GC heap before
{Heap before GC invocations=4 (full 0):
 garbage-first heap   total 49152K, used 29380K [0x0000000703600000, 0x0000000800000000)
  region size 2048K, 12 young (24576K), 2 survivors (4096K)
 Metaspace       used 22765K, committed 23040K, reserved 1114112K
  class space    used 2356K, committed 2496K, reserved 1048576K
}
Event: 1.243 GC heap after
{Heap after GC invocations=5 (full 0):
 garbage-first heap   total 49152K, used 15044K [0x0000000703600000, 0x0000000800000000)
  region size 2048K, 4 young (8192K), 4 survivors (8192K)
 Metaspace       used 22765K, committed 23040K, reserved 1114112K
  class space    used 2356K, committed 2496K, reserved 1048576K
}
Event: 1.265 GC heap before
{Heap before GC invocations=5 (full 0):
 garbage-first heap   total 49152K, used 15044K [0x0000000703600000, 0x0000000800000000)
  region size 2048K, 5 young (10240K), 4 survivors (8192K)
 Metaspace       used 23207K, committed 23552K, reserved 1114112K
  class space    used 2416K, committed 2560K, reserved 1048576K
}
Event: 1.270 GC heap after
{Heap after GC invocations=6 (full 0):
 garbage-first heap   total 49152K, used 15940K [0x0000000703600000, 0x0000000800000000)
  region size 2048K, 1 young (2048K), 1 survivors (2048K)
 Metaspace       used 23207K, committed 23552K, reserved 1114112K
  class space    used 2416K, committed 2560K, reserved 1048576K
}
Event: 2.048 GC heap before
{Heap before GC invocations=6 (full 0):
 garbage-first heap   total 49152K, used 28228K [0x0000000703600000, 0x0000000800000000)
  region size 2048K, 7 young (14336K), 1 survivors (2048K)
 Metaspace       used 27380K, committed 27712K, reserved 1114112K
  class space    used 2986K, committed 3136K, reserved 1048576K
}

Dll operation events (7 events):
Event: 0.006 Loaded shared library C:\Users\koppu\.p2\pool\plugins\org.eclipse.justj.openjdk.hotspot.jre.full.win32.x86_64_17.0.8.v20230801-1951\jre\bin\java.dll
Event: 0.119 Loaded shared library C:\Users\koppu\.p2\pool\plugins\org.eclipse.justj.openjdk.hotspot.jre.full.win32.x86_64_17.0.8.v20230801-1951\jre\bin\net.dll
Event: 0.120 Loaded shared library C:\Users\koppu\.p2\pool\plugins\org.eclipse.justj.openjdk.hotspot.jre.full.win32.x86_64_17.0.8.v20230801-1951\jre\bin\nio.dll
Event: 0.126 Loaded shared library C:\Users\koppu\.p2\pool\plugins\org.eclipse.justj.openjdk.hotspot.jre.full.win32.x86_64_17.0.8.v20230801-1951\jre\bin\zip.dll
Event: 0.224 Loaded shared library C:\Users\koppu\.p2\pool\plugins\org.eclipse.justj.openjdk.hotspot.jre.full.win32.x86_64_17.0.8.v20230801-1951\jre\bin\jimage.dll
Event: 0.294 Loaded shared library C:\Users\koppu\.p2\pool\plugins\org.eclipse.justj.openjdk.hotspot.jre.full.win32.x86_64_17.0.8.v20230801-1951\jre\bin\verify.dll
Event: 0.891 Loaded shared library C:\Users\koppu\.p2\pool\plugins\org.eclipse.justj.openjdk.hotspot.jre.full.win32.x86_64_17.0.8.v20230801-1951\jre\bin\sunmscapi.dll

Deoptimization events (20 events):
Event: 1.327 Thread 0x00000167346e9570 Uncommon trap: trap_request=0xffffffde fr.pc=0x000001673f932410 relative=0x0000000000000270
Event: 1.327 Thread 0x00000167346e9570 Uncommon trap: reason=class_check action=maybe_recompile pc=0x000001673f932410 method=java.util.regex.Matcher.search(I)Z @ 121 c2
Event: 1.327 Thread 0x00000167346e9570 DEOPT PACKING pc=0x000001673f932410 sp=0x000000178f5fc520
Event: 1.327 Thread 0x00000167346e9570 DEOPT UNPACKING pc=0x000001673f31a1a3 sp=0x000000178f5fc4b0 mode 2
Event: 1.327 Thread 0x00000167346e9570 Uncommon trap: trap_request=0xffffffde fr.pc=0x000001673f932410 relative=0x0000000000000270
Event: 1.327 Thread 0x00000167346e9570 Uncommon trap: reason=class_check action=maybe_recompile pc=0x000001673f932410 method=java.util.regex.Matcher.search(I)Z @ 121 c2
Event: 1.327 Thread 0x00000167346e9570 DEOPT PACKING pc=0x000001673f932410 sp=0x000000178f5fc5f0
Event: 1.327 Thread 0x00000167346e9570 DEOPT UNPACKING pc=0x000001673f31a1a3 sp=0x000000178f5fc580 mode 2
Event: 1.327 Thread 0x00000167346e9570 Uncommon trap: trap_request=0xffffffde fr.pc=0x000001673f932410 relative=0x0000000000000270
Event: 1.327 Thread 0x00000167346e9570 Uncommon trap: reason=class_check action=maybe_recompile pc=0x000001673f932410 method=java.util.regex.Matcher.search(I)Z @ 121 c2
Event: 1.327 Thread 0x00000167346e9570 DEOPT PACKING pc=0x000001673f932410 sp=0x000000178f5fc440
Event: 1.327 Thread 0x00000167346e9570 DEOPT UNPACKING pc=0x000001673f31a1a3 sp=0x000000178f5fc3d0 mode 2
Event: 1.384 Thread 0x00000167346e9570 Uncommon trap: trap_request=0xffffff45 fr.pc=0x000001673f8fcd44 relative=0x0000000000002d64
Event: 1.384 Thread 0x00000167346e9570 Uncommon trap: reason=unstable_if action=reinterpret pc=0x000001673f8fcd44 method=jdk.internal.org.objectweb.asm.Frame.push(Ljdk/internal/org/objectweb/asm/SymbolTable;Ljava/lang/String;)V @ 49 c2
Event: 1.384 Thread 0x00000167346e9570 DEOPT PACKING pc=0x000001673f8fcd44 sp=0x000000178f5faa60
Event: 1.384 Thread 0x00000167346e9570 DEOPT UNPACKING pc=0x000001673f31a1a3 sp=0x000000178f5fa980 mode 2
Event: 1.446 Thread 0x000001675a8dc080 DEOPT PACKING pc=0x00000167380de9c2 sp=0x00000017922fa2a0
Event: 1.446 Thread 0x000001675a8dc080 DEOPT UNPACKING pc=0x000001673f31ace3 sp=0x00000017922f97b0 mode 0
Event: 1.474 Thread 0x000001675a8dc080 DEOPT PACKING pc=0x00000167380de9e3 sp=0x00000017922fd1f0
Event: 1.475 Thread 0x000001675a8dc080 DEOPT UNPACKING pc=0x000001673f31ace3 sp=0x00000017922fc700 mode 0

Classes unloaded (0 events):
No events

Classes redefined (0 events):
No events

Internal exceptions (20 events):
Event: 1.327 Thread 0x00000167346e9570 Exception <a 'java/lang/NoSuchMethodError'{0x0000000712b0e6d0}: 'int java.lang.invoke.DirectMethodHandle$Holder.invokeSpecialIFC(java.lang.Object, java.lang.Object, java.lang.Object, java.lang.Object)'> (0x0000000712b0e6d0) 
thrown [s\src\hotspot\share\interpreter\linkResolver.cpp, line 759]
Event: 1.332 Thread 0x00000167346e9570 Exception <a 'java/lang/NoSuchMethodError'{0x0000000712b4a238}: 'java.lang.Object java.lang.invoke.DirectMethodHandle$Holder.invokeVirtual(java.lang.Object, java.lang.Object, java.lang.Object, java.lang.Object)'> (0x0000000712b4a238) 
thrown [s\src\hotspot\share\interpreter\linkResolver.cpp, line 759]
Event: 1.337 Thread 0x00000167346e9570 Exception <a 'java/lang/NoSuchMethodError'{0x0000000712b51d48}: 'void java.lang.invoke.DirectMethodHandle$Holder.invokeStatic(java.lang.Object, long)'> (0x0000000712b51d48) 
thrown [s\src\hotspot\share\interpreter\linkResolver.cpp, line 759]
Event: 1.337 Thread 0x00000167346e9570 Exception <a 'java/lang/NoSuchMethodError'{0x0000000712b57398}: 'java.lang.Object java.lang.invoke.DirectMethodHandle$Holder.newInvokeSpecial(java.lang.Object, long)'> (0x0000000712b57398) 
thrown [s\src\hotspot\share\interpreter\linkResolver.cpp, line 759]
Event: 1.338 Thread 0x00000167346e9570 Exception <a 'java/lang/NoSuchMethodError'{0x0000000712b5ded8}: 'java.lang.Object java.lang.invoke.DirectMethodHandle$Holder.invokeStatic(java.lang.Object, java.lang.Object, long, java.lang.Object)'> (0x0000000712b5ded8) 
thrown [s\src\hotspot\share\interpreter\linkResolver.cpp, line 759]
Event: 1.339 Thread 0x00000167346e9570 Exception <a 'java/lang/NoSuchMethodError'{0x0000000712b61c18}: 'java.lang.Object java.lang.invoke.DirectMethodHandle$Holder.invokeStaticInit(java.lang.Object, java.lang.Object, long, java.lang.Object)'> (0x0000000712b61c18) 
thrown [s\src\hotspot\share\interpreter\linkResolver.cpp, line 759]
Event: 1.339 Thread 0x00000167346e9570 Exception <a 'java/lang/NoSuchMethodError'{0x0000000712b681f0}: 'java.lang.Object java.lang.invoke.DirectMethodHandle$Holder.newInvokeSpecial(java.lang.Object, java.lang.Object, long)'> (0x0000000712b681f0) 
thrown [s\src\hotspot\share\interpreter\linkResolver.cpp, line 759]
Event: 1.351 Thread 0x0000016758322650 Exception <a 'java/net/ConnectException'{0x0000000712be74c0}: Connection refused: no further information> (0x0000000712be74c0) 
thrown [s\src\hotspot\share\prims\jni.cpp, line 535]
Event: 1.351 Thread 0x0000016758322650 Exception <a 'java/net/SocketException'{0x0000000712be77f8}: Socket is not connected: shutdown> (0x0000000712be77f8) 
thrown [s\src\hotspot\share\prims\jni.cpp, line 535]
Event: 1.384 Thread 0x00000167346e9570 Exception <a 'java/lang/NoSuchMethodError'{0x0000000705e39528}: 'double java.lang.invoke.DirectMethodHandle$Holder.invokeVirtual(java.lang.Object, java.lang.Object)'> (0x0000000705e39528) 
thrown [s\src\hotspot\share\interpreter\linkResolver.cpp, line 759]
Event: 1.385 Thread 0x00000167346e9570 Exception <a 'java/lang/NoSuchMethodError'{0x0000000705e401e0}: 'float java.lang.invoke.DirectMethodHandle$Holder.invokeVirtual(java.lang.Object, java.lang.Object)'> (0x0000000705e401e0) 
thrown [s\src\hotspot\share\interpreter\linkResolver.cpp, line 759]
Event: 1.385 Thread 0x00000167346e9570 Exception <a 'java/lang/NoSuchMethodError'{0x0000000705e49468}: 'long java.lang.invoke.DirectMethodHandle$Holder.invokeVirtual(java.lang.Object, java.lang.Object)'> (0x0000000705e49468) 
thrown [s\src\hotspot\share\interpreter\linkResolver.cpp, line 759]
Event: 1.401 Thread 0x00000167346e9570 Exception <a 'java/lang/NoSuchMethodError'{0x0000000705f6a5b0}: 'java.lang.Object java.lang.invoke.DirectMethodHandle$Holder.newInvokeSpecial(java.lang.Object, java.lang.Object, int, int)'> (0x0000000705f6a5b0) 
thrown [s\src\hotspot\share\interpreter\linkResolver.cpp, line 759]
Event: 1.402 Thread 0x00000167346e9570 Exception <a 'java/lang/NoSuchMethodError'{0x0000000705f75580}: 'void java.lang.invoke.DirectMethodHandle$Holder.invokeStatic(java.lang.Object, java.lang.Object, int)'> (0x0000000705f75580) 
thrown [s\src\hotspot\share\interpreter\linkResolver.cpp, line 759]
Event: 1.439 Thread 0x000001675a8dc080 Exception <a 'java/lang/NoSuchMethodError'{0x0000000705a22458}: 'java.lang.Object java.lang.invoke.DirectMethodHandle$Holder.invokeSpecial(java.lang.Object, java.lang.Object, java.lang.Object, java.lang.Object, int)'> (0x0000000705a22458) 
thrown [s\src\hotspot\share\interpreter\linkResolver.cpp, line 759]
Event: 1.439 Thread 0x000001675a8dc080 Exception <a 'java/lang/NoSuchMethodError'{0x0000000705a26020}: 'java.lang.Object java.lang.invoke.Invokers$Holder.linkToTargetMethod(java.lang.Object, java.lang.Object, int, java.lang.Object)'> (0x0000000705a26020) 
thrown [s\src\hotspot\share\interpreter\linkResolver.cpp, line 759]
Event: 1.456 Thread 0x000001675a8dc080 Exception <a 'java/lang/NoSuchMethodError'{0x0000000705b75e38}: 'void java.lang.invoke.DirectMethodHandle$Holder.invokeSpecial(java.lang.Object, java.lang.Object, java.lang.Object, java.lang.Object, java.lang.Object)'> (0x0000000705b75e38) 
thrown [s\src\hotspot\share\interpreter\linkResolver.cpp, line 759]
Event: 2.021 Thread 0x000001675a8dc080 Exception <a 'java/lang/NoSuchMethodError'{0x00000007058ecec8}: 'java.lang.Object java.lang.invoke.DirectMethodHandle$Holder.newInvokeSpecial(java.lang.Object, java.lang.Object, long, java.lang.Object, java.lang.Object, java.lang.Object)'> (0x00000007058ecec8) 
thrown [s\src\hotspot\share\interpreter\linkResolver.cpp, line 759]
Event: 2.024 Thread 0x000001675a8dc080 Exception <a 'java/lang/NoSuchMethodError'{0x0000000705912620}: 'void java.lang.invoke.DirectMethodHandle$Holder.invokeSpecial(java.lang.Object, java.lang.Object, java.lang.Object, java.lang.Object, java.lang.Object, java.lang.Object, java.lang.Object)'> (0x0000000705912620) 
thrown [s\src\hotspot\share\interpreter\linkResolver.cpp, line 759]
Event: 2.036 Thread 0x00000167346e9570 Exception <a 'java/lang/NoSuchMethodError'{0x0000000705965840}: 'java.lang.Object java.lang.invoke.DirectMethodHandle$Holder.invokeSpecialIFC(java.lang.Object, java.lang.Object, java.lang.Object)'> (0x0000000705965840) 
thrown [s\src\hotspot\share\interpreter\linkResolver.cpp, line 759]

VM Operations (20 events):
Event: 1.011 Executing VM operation: G1CollectForAllocation done
Event: 1.061 Executing VM operation: CollectForMetadataAllocation
Event: 1.065 Executing VM operation: CollectForMetadataAllocation done
Event: 1.070 Executing VM operation: G1PauseRemark
Event: 1.070 Executing VM operation: G1PauseRemark done
Event: 1.071 Executing VM operation: G1PauseCleanup
Event: 1.071 Executing VM operation: G1PauseCleanup done
Event: 1.239 Executing VM operation: G1CollectForAllocation
Event: 1.243 Executing VM operation: G1CollectForAllocation done
Event: 1.265 Executing VM operation: G1CollectForAllocation
Event: 1.270 Executing VM operation: G1CollectForAllocation done
Event: 1.374 Executing VM operation: HandshakeAllThreads
Event: 1.374 Executing VM operation: HandshakeAllThreads done
Event: 1.374 Executing VM operation: HandshakeAllThreads
Event: 1.374 Executing VM operation: HandshakeAllThreads done
Event: 1.376 Executing VM operation: HandshakeAllThreads
Event: 1.376 Executing VM operation: HandshakeAllThreads done
Event: 2.009 Executing VM operation: HandshakeAllThreads
Event: 2.009 Executing VM operation: HandshakeAllThreads done
Event: 2.047 Executing VM operation: G1CollectForAllocation

Events (20 events):
Event: 2.018 loading class java/util/stream/ReferencePipeline$5
Event: 2.018 loading class java/util/stream/LongPipeline$StatelessOp
Event: 2.018 loading class java/util/stream/LongPipeline
Event: 2.018 loading class java/util/stream/LongStream
Event: 2.019 loading class java/util/stream/LongStream done
Event: 2.019 loading class java/util/stream/LongPipeline done
Event: 2.019 loading class java/util/stream/LongPipeline$StatelessOp done
Event: 2.019 loading class java/util/stream/ReferencePipeline$5 done
Event: 2.019 loading class java/util/stream/FindOps$FindSink$OfLong
Event: 2.019 loading class java/util/stream/Sink$OfLong
Event: 2.019 loading class java/util/function/LongConsumer
Event: 2.019 loading class java/util/function/LongConsumer done
Event: 2.019 loading class java/util/stream/Sink$OfLong done
Event: 2.019 loading class java/util/stream/FindOps$FindSink$OfLong done
Event: 2.019 loading class java/util/OptionalLong
Event: 2.019 loading class java/util/OptionalLong done
Event: 2.020 loading class java/util/stream/ReferencePipeline$5$1
Event: 2.020 loading class java/util/stream/ReferencePipeline$5$1 done
Event: 2.034 loading class java/math/MathContext
Event: 2.034 loading class java/math/MathContext done


Dynamic libraries:
0x00007ff7795f0000 - 0x00007ff7795fe000 	C:\Users\koppu\.p2\pool\plugins\org.eclipse.justj.openjdk.hotspot.jre.full.win32.x86_64_17.0.8.v20230801-1951\jre\bin\javaw.exe
0x00007ffaa1ed0000 - 0x00007ffaa20e7000 	C:\WINDOWS\SYSTEM32\ntdll.dll
0x00007ffaa0520000 - 0x00007ffaa05e4000 	C:\WINDOWS\System32\KERNEL32.DLL
0x00007ffa9f210000 - 0x00007ffa9f5b6000 	C:\WINDOWS\System32\KERNELBASE.dll
0x00007ffa9fa20000 - 0x00007ffa9fb31000 	C:\WINDOWS\System32\ucrtbase.dll
0x00007ffa91130000 - 0x00007ffa91147000 	C:\Users\koppu\.p2\pool\plugins\org.eclipse.justj.openjdk.hotspot.jre.full.win32.x86_64_17.0.8.v20230801-1951\jre\bin\jli.dll
0x00007ffa984a0000 - 0x00007ffa984b9000 	C:\Users\koppu\.p2\pool\plugins\org.eclipse.justj.openjdk.hotspot.jre.full.win32.x86_64_17.0.8.v20230801-1951\jre\bin\VCRUNTIME140.dll
0x00007ffaa0b80000 - 0x00007ffaa0d2e000 	C:\WINDOWS\System32\USER32.dll
0x00007ffa9fb40000 - 0x00007ffa9fb66000 	C:\WINDOWS\System32\win32u.dll
0x00007ffaa1530000 - 0x00007ffaa1559000 	C:\WINDOWS\System32\GDI32.dll
0x00007ffa8d1d0000 - 0x00007ffa8d463000 	C:\WINDOWS\WinSxS\amd64_microsoft.windows.common-controls_6595b64144ccf1df_6.0.22621.2506_none_270c5ae97388e100\COMCTL32.dll
0x00007ffa9f900000 - 0x00007ffa9fa18000 	C:\WINDOWS\System32\gdi32full.dll
0x00007ffaa0ad0000 - 0x00007ffaa0b77000 	C:\WINDOWS\System32\msvcrt.dll
0x00007ffa9f5c0000 - 0x00007ffa9f65a000 	C:\WINDOWS\System32\msvcp_win.dll
0x00007ffaa1070000 - 0x00007ffaa10a1000 	C:\WINDOWS\System32\IMM32.DLL
0x00007ffa94500000 - 0x00007ffa9450c000 	C:\Users\koppu\.p2\pool\plugins\org.eclipse.justj.openjdk.hotspot.jre.full.win32.x86_64_17.0.8.v20230801-1951\jre\bin\vcruntime140_1.dll
0x00007ffa6bf80000 - 0x00007ffa6c011000 	C:\Users\koppu\.p2\pool\plugins\org.eclipse.justj.openjdk.hotspot.jre.full.win32.x86_64_17.0.8.v20230801-1951\jre\bin\msvcp140.dll
0x00007ffa48710000 - 0x00007ffa4935c000 	C:\Users\koppu\.p2\pool\plugins\org.eclipse.justj.openjdk.hotspot.jre.full.win32.x86_64_17.0.8.v20230801-1951\jre\bin\server\jvm.dll
0x00007ffaa0720000 - 0x00007ffaa07d3000 	C:\WINDOWS\System32\ADVAPI32.dll
0x00007ffaa09c0000 - 0x00007ffaa0a68000 	C:\WINDOWS\System32\sechost.dll
0x00007ffa9fb70000 - 0x00007ffa9fb98000 	C:\WINDOWS\System32\bcrypt.dll
0x00007ffa9fc20000 - 0x00007ffa9fd37000 	C:\WINDOWS\System32\RPCRT4.dll
0x00007ffa90910000 - 0x00007ffa90919000 	C:\WINDOWS\SYSTEM32\WSOCK32.dll
0x00007ffa98cf0000 - 0x00007ffa98d24000 	C:\WINDOWS\SYSTEM32\WINMM.dll
0x00007ffa9ee80000 - 0x00007ffa9eecd000 	C:\WINDOWS\SYSTEM32\POWRPROF.dll
0x00007ffaa07e0000 - 0x00007ffaa0851000 	C:\WINDOWS\System32\WS2_32.dll
0x00007ffa97940000 - 0x00007ffa9794a000 	C:\WINDOWS\SYSTEM32\VERSION.dll
0x00007ffa9ec80000 - 0x00007ffa9ec93000 	C:\WINDOWS\SYSTEM32\UMPDC.dll
0x00007ffa9e250000 - 0x00007ffa9e268000 	C:\WINDOWS\SYSTEM32\kernel.appcore.dll
0x00007ffa94230000 - 0x00007ffa9423a000 	C:\Users\koppu\.p2\pool\plugins\org.eclipse.justj.openjdk.hotspot.jre.full.win32.x86_64_17.0.8.v20230801-1951\jre\bin\jimage.dll
0x00007ffa9cbf0000 - 0x00007ffa9ce23000 	C:\WINDOWS\SYSTEM32\DBGHELP.DLL
0x00007ffa9fef0000 - 0x00007ffaa0279000 	C:\WINDOWS\System32\combase.dll
0x00007ffaa0440000 - 0x00007ffaa0517000 	C:\WINDOWS\System32\OLEAUT32.dll
0x00007ffa98060000 - 0x00007ffa98092000 	C:\WINDOWS\SYSTEM32\dbgcore.DLL
0x00007ffa9fba0000 - 0x00007ffa9fc1a000 	C:\WINDOWS\System32\bcryptPrimitives.dll
0x00007ffa881b0000 - 0x00007ffa881d5000 	C:\Users\koppu\.p2\pool\plugins\org.eclipse.justj.openjdk.hotspot.jre.full.win32.x86_64_17.0.8.v20230801-1951\jre\bin\java.dll
0x00007ffa8ff40000 - 0x00007ffa8ff58000 	C:\Users\koppu\.p2\pool\plugins\org.eclipse.justj.openjdk.hotspot.jre.full.win32.x86_64_17.0.8.v20230801-1951\jre\bin\zip.dll
0x00007ffaa1580000 - 0x00007ffaa1ddb000 	C:\WINDOWS\System32\SHELL32.dll
0x00007ffa9d170000 - 0x00007ffa9da66000 	C:\WINDOWS\SYSTEM32\windows.storage.dll
0x00007ffa9d030000 - 0x00007ffa9d16e000 	C:\WINDOWS\SYSTEM32\wintypes.dll
0x00007ffaa0d50000 - 0x00007ffaa0e43000 	C:\WINDOWS\System32\SHCORE.dll
0x00007ffa9fd40000 - 0x00007ffa9fd9e000 	C:\WINDOWS\System32\shlwapi.dll
0x00007ffa9f140000 - 0x00007ffa9f166000 	C:\WINDOWS\SYSTEM32\profapi.dll
0x00007ffa88690000 - 0x00007ffa886a9000 	C:\Users\koppu\.p2\pool\plugins\org.eclipse.justj.openjdk.hotspot.jre.full.win32.x86_64_17.0.8.v20230801-1951\jre\bin\net.dll
0x00007ffa99990000 - 0x00007ffa99ac7000 	C:\WINDOWS\SYSTEM32\WINHTTP.dll
0x00007ffa9e6d0000 - 0x00007ffa9e739000 	C:\WINDOWS\system32\mswsock.dll
0x00007ffa7e690000 - 0x00007ffa7e6a5000 	C:\Users\koppu\.p2\pool\plugins\org.eclipse.justj.openjdk.hotspot.jre.full.win32.x86_64_17.0.8.v20230801-1951\jre\bin\nio.dll
0x00007ffa928a0000 - 0x00007ffa928b0000 	C:\Users\koppu\.p2\pool\plugins\org.eclipse.justj.openjdk.hotspot.jre.full.win32.x86_64_17.0.8.v20230801-1951\jre\bin\verify.dll
0x00007ffa9dd40000 - 0x00007ffa9de39000 	C:\WINDOWS\SYSTEM32\DNSAPI.dll
0x00007ffa9dcd0000 - 0x00007ffa9dcfd000 	C:\WINDOWS\SYSTEM32\IPHLPAPI.DLL
0x00007ffaa06f0000 - 0x00007ffaa06f9000 	C:\WINDOWS\System32\NSI.dll
0x00007ffa97ea0000 - 0x00007ffa97eaa000 	C:\Windows\System32\rasadhlp.dll
0x00007ffa986f0000 - 0x00007ffa98773000 	C:\WINDOWS\System32\fwpuclnt.dll
0x00007ffa9e920000 - 0x00007ffa9e93b000 	C:\WINDOWS\SYSTEM32\CRYPTSP.dll
0x00007ffa9e1b0000 - 0x00007ffa9e1e5000 	C:\WINDOWS\system32\rsaenh.dll
0x00007ffa9e7c0000 - 0x00007ffa9e7ec000 	C:\WINDOWS\SYSTEM32\USERENV.dll
0x00007ffa9e940000 - 0x00007ffa9e94c000 	C:\WINDOWS\SYSTEM32\CRYPTBASE.dll
0x00007ffa993d0000 - 0x00007ffa993e9000 	C:\WINDOWS\SYSTEM32\dhcpcsvc6.DLL
0x00007ffa991e0000 - 0x00007ffa991ff000 	C:\WINDOWS\SYSTEM32\dhcpcsvc.DLL
0x00007ffa92830000 - 0x00007ffa9283e000 	C:\Users\koppu\.p2\pool\plugins\org.eclipse.justj.openjdk.hotspot.jre.full.win32.x86_64_17.0.8.v20230801-1951\jre\bin\sunmscapi.dll
0x00007ffa9f6d0000 - 0x00007ffa9f836000 	C:\WINDOWS\System32\CRYPT32.dll
0x00007ffa9eb50000 - 0x00007ffa9eb7e000 	C:\WINDOWS\SYSTEM32\ncrypt.dll
0x00007ffa9eb10000 - 0x00007ffa9eb47000 	C:\WINDOWS\SYSTEM32\NTASN1.dll
0x00007ffa92810000 - 0x00007ffa92818000 	C:\WINDOWS\system32\wshunix.dll

dbghelp: loaded successfully - version: 4.0.5 - missing functions: none
symbol engine: initialized successfully - sym options: 0x614 - pdb path: .;C:\Users\koppu\.p2\pool\plugins\org.eclipse.justj.openjdk.hotspot.jre.full.win32.x86_64_17.0.8.v20230801-1951\jre\bin;C:\WINDOWS\SYSTEM32;C:\WINDOWS\WinSxS\amd64_microsoft.windows.common-controls_6595b64144ccf1df_6.0.22621.2506_none_270c5ae97388e100;C:\Users\koppu\.p2\pool\plugins\org.eclipse.justj.openjdk.hotspot.jre.full.win32.x86_64_17.0.8.v20230801-1951\jre\bin\server

VM Arguments:
jvm_args: -ea -Dfile.encoding=UTF-8 -XX:+ShowCodeDetailsInExceptionMessages 
java_command: org.testng.remote.RemoteTestNG -serport 63800 -protocol json -d C:\Users\koppu\eclipse-workspace\loginforgo\test-output C:\WINDOWS\TEMP\testng-eclipse--1477522202\testng-customsuite.xml
java_class_path (initial): C:\Users\koppu\eclipse\java-2023-06\eclipse\configuration\org.eclipse.osgi\606\0\.cp\lib\testng-remote.jar;C:\Users\koppu\eclipse-workspace\loginforgo\target\test-classes;C:\Users\koppu\eclipse-workspace\loginforgo\target\classes;C:\Users\koppu\.p2\pool\plugins\org.testng_7.9.0.r202312310341.jar;C:\Users\koppu\.p2\pool\plugins\com.beust.jcommander_1.82.0.jar;C:\Users\koppu\.p2\pool\plugins\org.apache-extras.beanshell.bsh_2.0.0.b6.jar;C:\Users\koppu\.p2\pool\plugins\org.yaml.snakeyaml_1.21.0.jar;C:\Users\koppu\.p2\pool\plugins\org.webjars.jquery_3.7.1.jar;C:\Users\koppu\.m2\repository\org\testng\testng\7.9.0\testng-7.9.0.jar;C:\Users\koppu\.m2\repository\org\slf4j\slf4j-api\1.7.36\slf4j-api-1.7.36.jar;C:\Users\koppu\.m2\repository\com\beust\jcommander\1.82\jcommander-1.82.jar;C:\Users\koppu\.m2\repository\org\webjars\jquery\3.7.1\jquery-3.7.1.jar;C:\Users\koppu\.m2\repository\org\seleniumhq\selenium\selenium-java\4.19.1\selenium-java-4.19.1.jar;C:\Users\koppu\.m2\repository\org\seleniumhq\selenium\selenium-api\4.19.1\selenium-api-4.19.1.jar;C:\Users\koppu\.m2\repository\org\seleniumhq\selenium\selenium-chrome-driver\4.19.1\selenium-chrome-driver-4.19.1.jar;C:\Users\koppu\.m2\repository\com\google\auto\service\auto-service-annotations\1.1.1\auto-service-annotations-1.1.1.jar;C:\Users\koppu\.m2\repository\org\seleniumhq\selenium\selenium-chromium-driver\4.19.1\selenium-chromium-driver-4.19.1.jar;C:\Users\koppu\.m2\repository\org\seleniumhq\selenium\selenium-json\4.19.1\selenium-json-4.19.1.jar;C:\Users\koppu\.m2\repository\org\seleniumhq\selenium\selenium-manager\4.19.1\selenium-manager-4.19.1.jar;C:\Users\koppu\.m2\repository\org\seleniumhq\selenium\selenium-devtools-v121\4.19.1\selenium-devtools-v121-4.19.1.jar;C:\Users\koppu\.m2\repository\org\seleniumhq\selenium\selenium-devtools-v122\4.19.1\selenium-devtools-v122-4.19.1.jar;C:\Users\koppu\.m2\repository\org\seleniumhq\selenium\selenium-devtools-v123\4.19.1\selenium-devtools-v123-4.19.1
Launcher Type: SUN_STANDARD

[Global flags]
     intx CICompilerCount                          = 4                                         {product} {ergonomic}
     uint ConcGCThreads                            = 2                                         {product} {ergonomic}
     uint G1ConcRefinementThreads                  = 8                                         {product} {ergonomic}
   size_t G1HeapRegionSize                         = 2097152                                   {product} {ergonomic}
    uintx GCDrainStackTargetSize                   = 64                                        {product} {ergonomic}
   size_t InitialHeapSize                          = 266338304                                 {product} {ergonomic}
   size_t MarkStackSize                            = 4194304                                   {product} {ergonomic}
   size_t MaxHeapSize                              = 4238344192                                {product} {ergonomic}
   size_t MaxNewSize                               = 2541748224                                {product} {ergonomic}
   size_t MinHeapDeltaBytes                        = 2097152                                   {product} {ergonomic}
   size_t MinHeapSize                              = 8388608                                   {product} {ergonomic}
    uintx NonNMethodCodeHeapSize                   = 5839372                                {pd product} {ergonomic}
    uintx NonProfiledCodeHeapSize                  = 122909434                              {pd product} {ergonomic}
    uintx ProfiledCodeHeapSize                     = 122909434                              {pd product} {ergonomic}
    uintx ReservedCodeCacheSize                    = 251658240                              {pd product} {ergonomic}
     bool SegmentedCodeCache                       = true                                      {product} {ergonomic}
     bool ShowCodeDetailsInExceptionMessages       = true                                   {manageable} {command line}
   size_t SoftMaxHeapSize                          = 4238344192                             {manageable} {ergonomic}
     bool UseCompressedClassPointers               = true                           {product lp64_product} {ergonomic}
     bool UseCompressedOops                        = true                           {product lp64_product} {ergonomic}
     bool UseG1GC                                  = true                                      {product} {ergonomic}
     bool UseLargePagesIndividualAllocation        = false                                  {pd product} {ergonomic}

Logging:
Log output configuration:
 #0: stdout all=warning uptime,level,tags
 #1: stderr all=off uptime,level,tags

Environment Variables:
JAVA_HOME=C:\Program Files\Java\jdk-20
PATH=C:/Users/koppu/.p2/pool/plugins/org.eclipse.justj.openjdk.hotspot.jre.full.win32.x86_64_20.0.2.v20230801-2057/jre/bin/server;C:/Users/koppu/.p2/pool/plugins/org.eclipse.justj.openjdk.hotspot.jre.full.win32.x86_64_20.0.2.v20230801-2057/jre/bin;C:\Program Files\Common Files\Oracle\Java\javapath;C:\Program Files (x86)\Common Files\Oracle\Java\javapath;C:\WINDOWS\system32;C:\WINDOWS;C:\WINDOWS\System32\Wbem;C:\WINDOWS\System32\WindowsPowerShell\v1.0\;C:\WINDOWS\System32\OpenSSH\;C:\Program Files (x86)\Java\jre-1.8\bin;C:\Program Files (x86)\Common Files\Oracle\Java\javapath;C:\Program Files\Java\jdk-20\bin;C:\Program Files\Common Files\Oracle\Java\javapath;C:\Program Files\MySQL\MySQL Server 8.0\bin;c:\Program Files\Vector SIL Kit 4.0.34\x86\bin;c:\Program Files\Vector SIL Kit 4.0.34\x86_64\bin;c:\Program Files (x86)\Vector CANdb++ 3.1\Exec32;C:\Program Files (x86)\nodejs\;C:\Program Files\MySQL\MySQL Shell 8.0\bin\;C:\Users\koppu\AppData\Roaming\npm;C:\WINDOWS\system32;
USERNAME=koppu
OS=Windows_NT
PROCESSOR_IDENTIFIER=Intel64 Family 6 Model 140 Stepping 2, GenuineIntel
TMP=C:\WINDOWS\TEMP
TEMP=C:\WINDOWS\TEMP



---------------  S Y S T E M  ---------------

OS:
 Windows 11 , 64 bit Build 22621 (10.0.22621.3085)
OS uptime: 38 days 22:35 hours

CPU: total 8 (initial active 8) (4 cores per cpu, 2 threads per core) family 6 model 140 stepping 2 microcode 0x22, cx8, cmov, fxsr, ht, mmx, 3dnowpref, sse, sse2, sse3, ssse3, sse4.1, sse4.2, popcnt, lzcnt, tsc, tscinvbit, avx, avx2, aes, erms, clmul, bmi1, bmi2, adx, avx512f, avx512dq, avx512cd, avx512bw, avx512vl, sha, fma, vzeroupper, avx512_vpopcntdq, avx512_vpclmulqdq, avx512_vaes, avx512_vnni, clflush, clflushopt, clwb, avx512_vbmi2, avx512_vbmi
Processor Information for all 8 processors :
  Max Mhz: 3187, Current Mhz: 3187, Mhz Limit: 3187

Memory: 4k page, system-wide physical 16167M (886M free)
TotalPageFile size 34917M (AvailPageFile size 49M)
current process WorkingSet (physical memory assigned to process): 161M, peak: 169M
current process commit charge ("private bytes"): 193M, peak: 392M

vm_info: OpenJDK 64-Bit Server VM (17.0.8+7) for windows-amd64 JRE (17.0.8+7), built on Jul 18 2023 21:02:32 by "admin" with MS VC++ 16.7 (VS2019)

END.
