#
# There is insufficient memory for the Java Runtime Environment to continue.
# Native memory allocation (malloc) failed to allocate 32744 bytes for ChunkPool::allocate
# Possible reasons:
#   The system is out of physical RAM or swap space
#   The process is running with CompressedOops enabled, and the Java Heap may be blocking the growth of the native heap
# Possible solutions:
#   Reduce memory load on the system
#   Increase physical memory or swap space
#   Check if swap backing store is full
#   Decrease Java heap size (-Xmx/-Xms)
#   Decrease number of Java threads
#   Decrease Java thread stack sizes (-Xss)
#   Set larger code cache with -XX:ReservedCodeCacheSize=
#   JVM is running with Zero Based Compressed Oops mode in which the Java heap is
#     placed in the first 32GB address space. The Java Heap base address is the
#     maximum limit for the native heap growth. Please use -XX:HeapBaseMinAddress
#     to set the Java Heap base and to place the Java Heap above 32GB virtual address.
# This output file may be truncated or incomplete.
#
#  Out of Memory Error (arena.cpp:78), pid=67416, tid=83124
#
# JRE version: OpenJDK Runtime Environment Temurin-17.0.8+7 (17.0.8+7) (build 17.0.8+7)
# Java VM: OpenJDK 64-Bit Server VM Temurin-17.0.8+7 (17.0.8+7, mixed mode, tiered, compressed oops, compressed class ptrs, g1 gc, windows-amd64)
# No core dump will be written. Minidumps are not enabled by default on client versions of Windows
#

---------------  S U M M A R Y ------------

Command Line: -ea -Dfile.encoding=UTF-8 -XX:+ShowCodeDetailsInExceptionMessages org.testng.remote.RemoteTestNG -serport 49284 -protocol json -d C:\Users\koppu\eclipse-workspace\loginforgo\test-output C:\WINDOWS\TEMP\testng-eclipse--699933167\testng-customsuite.xml

Host: 11th Gen Intel(R) Core(TM) i5-11320H @ 3.20GHz, 8 cores, 15G,  Windows 11 , 64 bit Build 22621 (10.0.22621.3235)
Time: Mon May 20 16:46:32 2024 India Standard Time elapsed time: 11.099149 seconds (0d 0h 0m 11s)

---------------  T H R E A D  ---------------

Current thread (0x0000021ffd0b89d0):  JavaThread "C2 CompilerThread0" daemon [_thread_in_native, id=83124, stack(0x0000002c26c00000,0x0000002c26d00000)]


Current CompileTask:
C2:  11099 2827       4       jdk.internal.org.objectweb.asm.SymbolTable::addType (81 bytes)

Stack: [0x0000002c26c00000,0x0000002c26d00000]
Native frames: (J=compiled Java code, j=interpreted, Vv=VM code, C=native code)
V  [jvm.dll+0x678b0a]
V  [jvm.dll+0x835e84]
V  [jvm.dll+0x83762e]
V  [jvm.dll+0x837c93]
V  [jvm.dll+0x24746f]
V  [jvm.dll+0xac42c]
V  [jvm.dll+0xac7dc]
V  [jvm.dll+0x54ad00]
V  [jvm.dll+0x55a89f]
V  [jvm.dll+0x548083]
V  [jvm.dll+0x2ada14]
V  [jvm.dll+0x690e27]
V  [jvm.dll+0x688f1b]
V  [jvm.dll+0x688557]
V  [jvm.dll+0x686442]
V  [jvm.dll+0x1a859c]
V  [jvm.dll+0x1a9166]
V  [jvm.dll+0x2ada14]
V  [jvm.dll+0x690e27]
V  [jvm.dll+0x688f1b]
V  [jvm.dll+0x688557]
V  [jvm.dll+0x686442]
V  [jvm.dll+0x1a859c]
V  [jvm.dll+0x218bd8]
V  [jvm.dll+0x1a534d]
V  [jvm.dll+0x228d8a]
V  [jvm.dll+0x226dcc]
V  [jvm.dll+0x7ec09b]
V  [jvm.dll+0x7e64ca]
V  [jvm.dll+0x677955]
C  [ucrtbase.dll+0x29363]
C  [KERNEL32.DLL+0x1257d]
C  [ntdll.dll+0x5aa58]


---------------  P R O C E S S  ---------------

Threads class SMR info:
_java_thread_list=0x0000021f818f8890, length=26, elements={
0x0000021fd847ae90, 0x0000021ffd064ea0, 0x0000021ffd065a60, 0x0000021ffd0a8280,
0x0000021ffd0a8d50, 0x0000021ffd0ab820, 0x0000021ffd0ac7f0, 0x0000021ffd0b89d0,
0x0000021ffd0bd8a0, 0x0000021ffd0bebe0, 0x0000021ffd2237c0, 0x0000021ffd2352a0,
0x0000021ffd72c800, 0x0000021f803db580, 0x0000021f809d7580, 0x0000021f8021b030,
0x0000021f8060d390, 0x0000021f8060ddb0, 0x0000021f8060e2c0, 0x0000021f8060c970,
0x0000021f8060c460, 0x0000021f8060d8a0, 0x0000021f8060e7d0, 0x0000021f8060b530,
0x0000021f8060ba40, 0x0000021f8060bf50
}

Java Threads: ( => current thread )
  0x0000021fd847ae90 JavaThread "Forwarding findElement on session 56c807e65c1dfc3c671afb46b7ebbf85 to remote" [_thread_blocked, id=9832, stack(0x0000002c25f00000,0x0000002c26000000)]
  0x0000021ffd064ea0 JavaThread "Reference Handler" daemon [_thread_blocked, id=66240, stack(0x0000002c26600000,0x0000002c26700000)]
  0x0000021ffd065a60 JavaThread "Finalizer" daemon [_thread_blocked, id=31412, stack(0x0000002c26700000,0x0000002c26800000)]
  0x0000021ffd0a8280 JavaThread "Signal Dispatcher" daemon [_thread_blocked, id=84844, stack(0x0000002c26800000,0x0000002c26900000)]
  0x0000021ffd0a8d50 JavaThread "Attach Listener" daemon [_thread_blocked, id=82988, stack(0x0000002c26900000,0x0000002c26a00000)]
  0x0000021ffd0ab820 JavaThread "Service Thread" daemon [_thread_blocked, id=82628, stack(0x0000002c26a00000,0x0000002c26b00000)]
  0x0000021ffd0ac7f0 JavaThread "Monitor Deflation Thread" daemon [_thread_blocked, id=87688, stack(0x0000002c26b00000,0x0000002c26c00000)]
=>0x0000021ffd0b89d0 JavaThread "C2 CompilerThread0" daemon [_thread_in_native, id=83124, stack(0x0000002c26c00000,0x0000002c26d00000)]
  0x0000021ffd0bd8a0 JavaThread "C1 CompilerThread0" daemon [_thread_blocked, id=72772, stack(0x0000002c26d00000,0x0000002c26e00000)]
  0x0000021ffd0bebe0 JavaThread "Sweeper thread" daemon [_thread_blocked, id=89788, stack(0x0000002c26e00000,0x0000002c26f00000)]
  0x0000021ffd2237c0 JavaThread "Notification Thread" daemon [_thread_blocked, id=59728, stack(0x0000002c26f00000,0x0000002c27000000)]
  0x0000021ffd2352a0 JavaThread "Common-Cleaner" daemon [_thread_blocked, id=90624, stack(0x0000002c27100000,0x0000002c27200000)]
  0x0000021ffd72c800 JavaThread "ReaderThread" [_thread_in_native, id=10416, stack(0x0000002c27400000,0x0000002c27500000)]
  0x0000021f803db580 JavaThread "ForkJoinPool.commonPool-worker-1" daemon [_thread_blocked, id=86328, stack(0x0000002c27e00000,0x0000002c27f00000)]
  0x0000021f809d7580 JavaThread "HttpClient-1-SelectorManager" daemon [_thread_in_native, id=71432, stack(0x0000002c27f00000,0x0000002c28000000)]
  0x0000021f8021b030 JavaThread "External Process Output Forwarder - C:\Users\koppu\.cache\selenium\chromedriver\win64\124.0.6367.207\chromedriver.exe" daemon [_thread_in_native, id=84664, stack(0x0000002c28000000,0x0000002c28100000)]
  0x0000021f8060d390 JavaThread "Driver Service Executor" daemon [_thread_blocked, id=75880, stack(0x0000002c28100000,0x0000002c28200000)]
  0x0000021f8060ddb0 JavaThread "Driver Service Executor" daemon [_thread_in_native, id=86744, stack(0x0000002c28200000,0x0000002c28300000)]
  0x0000021f8060e2c0 JavaThread "UrlChecker-2" daemon [_thread_blocked, id=91432, stack(0x0000002c28300000,0x0000002c28400000)]
  0x0000021f8060c970 JavaThread "JdkHttpClient-0-0" daemon [_thread_blocked, id=28600, stack(0x0000002c28500000,0x0000002c28600000)]
  0x0000021f8060c460 JavaThread "JdkHttpClient-0-1" daemon [_thread_blocked, id=89192, stack(0x0000002c28600000,0x0000002c28700000)]
  0x0000021f8060d8a0 JavaThread "JdkHttpClient-0-2" daemon [_thread_blocked, id=80416, stack(0x0000002c28700000,0x0000002c28800000)]
  0x0000021f8060e7d0 JavaThread "HttpClient-2-SelectorManager" daemon [_thread_in_native, id=90904, stack(0x0000002c27200000,0x0000002c27300000)]
  0x0000021f8060b530 JavaThread "JdkHttpClient-1-0" daemon [_thread_blocked, id=91884, stack(0x0000002c27c00000,0x0000002c27d00000)]
  0x0000021f8060ba40 JavaThread "JdkHttpClient-1-1" daemon [_thread_blocked, id=85904, stack(0x0000002c28800000,0x0000002c28900000)]
  0x0000021f8060bf50 JavaThread "JdkHttpClient-1-2" daemon [_thread_blocked, id=83156, stack(0x0000002c28900000,0x0000002c28a00000)]

Other Threads:
  0x0000021ffd061940 VMThread "VM Thread" [stack: 0x0000002c26500000,0x0000002c26600000] [id=91476]
  0x0000021fd84feb00 WatcherThread [stack: 0x0000002c27000000,0x0000002c27100000] [id=66092]
  0x0000021fd84e74c0 GCTaskThread "GC Thread#0" [stack: 0x0000002c26000000,0x0000002c26100000] [id=84708]
  0x0000021ffdb3bf60 GCTaskThread "GC Thread#1" [stack: 0x0000002c27500000,0x0000002c27600000] [id=77328]
  0x0000021ffdb3c220 GCTaskThread "GC Thread#2" [stack: 0x0000002c27600000,0x0000002c27700000] [id=57904]
  0x0000021ffdf0b2d0 GCTaskThread "GC Thread#3" [stack: 0x0000002c27700000,0x0000002c27800000] [id=92104]
  0x0000021ffdf0b590 GCTaskThread "GC Thread#4" [stack: 0x0000002c27800000,0x0000002c27900000] [id=66768]
  0x0000021ffdf0b850 GCTaskThread "GC Thread#5" [stack: 0x0000002c27900000,0x0000002c27a00000] [id=86984]
  0x0000021ffdf116c0 GCTaskThread "GC Thread#6" [stack: 0x0000002c27a00000,0x0000002c27b00000] [id=11764]
  0x0000021ffded2890 GCTaskThread "GC Thread#7" [stack: 0x0000002c27b00000,0x0000002c27c00000] [id=81248]
  0x0000021fd84f80a0 ConcurrentGCThread "G1 Main Marker" [stack: 0x0000002c26100000,0x0000002c26200000] [id=89436]
  0x0000021fd84f9250 ConcurrentGCThread "G1 Conc#0" [stack: 0x0000002c26200000,0x0000002c26300000] [id=76556]
  0x0000021ffebcb8f0 ConcurrentGCThread "G1 Conc#1" [stack: 0x0000002c27d00000,0x0000002c27e00000] [id=65948]
  0x0000021fd851e5e0 ConcurrentGCThread "G1 Refine#0" [stack: 0x0000002c26300000,0x0000002c26400000] [id=89884]
  0x0000021ff8d703a0 ConcurrentGCThread "G1 Service" [stack: 0x0000002c26400000,0x0000002c26500000] [id=85412]

Threads with active compile tasks:
C2 CompilerThread0    11137 2827       4       jdk.internal.org.objectweb.asm.SymbolTable::addType (81 bytes)

VM state: not at safepoint (normal execution)

VM Mutex/Monitor currently owned by a thread: None

Heap address: 0x0000000703600000, size: 4042 MB, Compressed Oops mode: Zero based, Oop shift amount: 3

CDS archive(s) not mapped
Compressed class space mapped at: 0x0000000800000000-0x0000000840000000, reserved size: 1073741824
Narrow klass base: 0x0000000800000000, Narrow klass shift: 0, Narrow klass range: 0x40000000

GC Precious Log:
 CPUs: 8 total, 8 available
 Memory: 16167M
 Large Page Support: Disabled
 NUMA Support: Disabled
 Compressed Oops: Enabled (Zero based)
 Heap Region Size: 2M
 Heap Min Capacity: 8M
 Heap Initial Capacity: 254M
 Heap Max Capacity: 4042M
 Pre-touch: Disabled
 Parallel Workers: 8
 Concurrent Workers: 2
 Concurrent Refinement Workers: 8
 Periodic GC: Disabled

Heap:
 garbage-first heap   total 55296K, used 30983K [0x0000000703600000, 0x0000000800000000)
  region size 2048K, 13 young (26624K), 5 survivors (10240K)
 Metaspace       used 28555K, committed 28928K, reserved 1114112K
  class space    used 3147K, committed 3328K, reserved 1048576K

Heap Regions: E=young(eden), S=young(survivor), O=old, HS=humongous(starts), HC=humongous(continues), CS=collection set, F=free, OA=open archive, CA=closed archive, TAMS=top-at-mark-start (previous, next)
|   0|0x0000000703600000, 0x0000000703800000, 0x0000000703800000|100%| O|  |TAMS 0x0000000703800000, 0x0000000703600000| Untracked 
|   1|0x0000000703800000, 0x0000000703a00000, 0x0000000703a00000|100%| O|  |TAMS 0x0000000703a00000, 0x0000000703800000| Untracked 
|   2|0x0000000703a00000, 0x0000000703c00000, 0x0000000703c00000|100%| O|  |TAMS 0x0000000703c00000, 0x0000000703a00000| Untracked 
|   3|0x0000000703c00000, 0x0000000703dfea00, 0x0000000703e00000| 99%| O|  |TAMS 0x0000000703dfea00, 0x0000000703c00000| Untracked 
|   4|0x0000000703e00000, 0x0000000703e00000, 0x0000000704000000|  0%| F|  |TAMS 0x0000000703e00000, 0x0000000703e00000| Untracked 
|   5|0x0000000704000000, 0x0000000704000000, 0x0000000704200000|  0%| F|  |TAMS 0x0000000704000000, 0x0000000704000000| Untracked 
|   6|0x0000000704200000, 0x00000007042433f0, 0x0000000704400000| 13%| S|CS|TAMS 0x0000000704200000, 0x0000000704200000| Complete 
|   7|0x0000000704400000, 0x0000000704600000, 0x0000000704600000|100%| S|CS|TAMS 0x0000000704400000, 0x0000000704400000| Complete 
|   8|0x0000000704600000, 0x0000000704800000, 0x0000000704800000|100%| S|CS|TAMS 0x0000000704600000, 0x0000000704600000| Complete 
|   9|0x0000000704800000, 0x0000000704a00000, 0x0000000704a00000|100%| S|CS|TAMS 0x0000000704800000, 0x0000000704800000| Complete 
|  10|0x0000000704a00000, 0x0000000704c00000, 0x0000000704c00000|100%| S|CS|TAMS 0x0000000704a00000, 0x0000000704a00000| Complete 
|  11|0x0000000704c00000, 0x0000000704c00000, 0x0000000704e00000|  0%| F|  |TAMS 0x0000000704c00000, 0x0000000704c00000| Untracked 
|  12|0x0000000704e00000, 0x0000000704e00000, 0x0000000705000000|  0%| F|  |TAMS 0x0000000704e00000, 0x0000000704e00000| Untracked 
|  13|0x0000000705000000, 0x0000000705000000, 0x0000000705200000|  0%| F|  |TAMS 0x0000000705000000, 0x0000000705000000| Untracked 
|  14|0x0000000705200000, 0x0000000705200000, 0x0000000705400000|  0%| F|  |TAMS 0x0000000705200000, 0x0000000705200000| Untracked 
|  15|0x0000000705400000, 0x0000000705400000, 0x0000000705600000|  0%| F|  |TAMS 0x0000000705400000, 0x0000000705400000| Untracked 
|  16|0x0000000705600000, 0x0000000705600000, 0x0000000705800000|  0%| F|  |TAMS 0x0000000705600000, 0x0000000705600000| Untracked 
|  17|0x0000000705800000, 0x0000000705800000, 0x0000000705a00000|  0%| F|  |TAMS 0x0000000705800000, 0x0000000705800000| Untracked 
|  18|0x0000000705a00000, 0x0000000705a00000, 0x0000000705c00000|  0%| F|  |TAMS 0x0000000705a00000, 0x0000000705a00000| Untracked 
|  19|0x0000000705c00000, 0x0000000705cf3de0, 0x0000000705e00000| 47%| E|  |TAMS 0x0000000705c00000, 0x0000000705c00000| Complete 
|  20|0x0000000705e00000, 0x0000000706000000, 0x0000000706000000|100%| E|CS|TAMS 0x0000000705e00000, 0x0000000705e00000| Complete 
|  21|0x0000000706000000, 0x0000000706200000, 0x0000000706200000|100%| E|CS|TAMS 0x0000000706000000, 0x0000000706000000| Complete 
|  22|0x0000000706200000, 0x0000000706400000, 0x0000000706400000|100%| E|CS|TAMS 0x0000000706200000, 0x0000000706200000| Complete 
| 118|0x0000000712200000, 0x0000000712400000, 0x0000000712400000|100%| E|CS|TAMS 0x0000000712200000, 0x0000000712200000| Complete 
| 119|0x0000000712400000, 0x0000000712600000, 0x0000000712600000|100%| E|CS|TAMS 0x0000000712400000, 0x0000000712400000| Complete 
| 120|0x0000000712600000, 0x0000000712800000, 0x0000000712800000|100%| E|CS|TAMS 0x0000000712600000, 0x0000000712600000| Complete 
| 126|0x0000000713200000, 0x0000000713400000, 0x0000000713400000|100%| E|CS|TAMS 0x0000000713200000, 0x0000000713200000| Complete 

Card table byte_map: [0x0000021fed570000,0x0000021fedd60000] _byte_map_base: 0x0000021fe9d55000

Marking Bits (Prev, Next): (CMBitMap*) 0x0000021fd84e7b20, (CMBitMap*) 0x0000021fd84e7ae0
 Prev Bits: [0x0000021ff2480000, 0x0000021ff63a8000)
 Next Bits: [0x0000021fee550000, 0x0000021ff2478000)

Polling page: 0x0000021fd8520000

Metaspace:

Usage:
  Non-class:     24.81 MB used.
      Class:      3.07 MB used.
       Both:     27.89 MB used.

Virtual space:
  Non-class space:       64.00 MB reserved,      25.00 MB ( 39%) committed,  1 nodes.
      Class space:        1.00 GB reserved,       3.25 MB ( <1%) committed,  1 nodes.
             Both:        1.06 GB reserved,      28.25 MB (  3%) committed. 

Chunk freelists:
   Non-Class:  6.80 MB
       Class:  12.67 MB
        Both:  19.47 MB

MaxMetaspaceSize: unlimited
CompressedClassSpaceSize: 1.00 GB
Initial GC threshold: 21.00 MB
Current GC threshold: 35.25 MB
CDS: off
MetaspaceReclaimPolicy: balanced
 - commit_granule_bytes: 65536.
 - commit_granule_words: 8192.
 - virtual_space_node_default_size: 8388608.
 - enlarge_chunks_in_place: 1.
 - new_chunks_are_fully_committed: 0.
 - uncommit_free_chunks: 1.
 - use_allocation_guard: 0.
 - handle_deallocations: 1.


Internal statistics:

num_allocs_failed_limit: 3.
num_arena_births: 368.
num_arena_deaths: 0.
num_vsnodes_births: 2.
num_vsnodes_deaths: 0.
num_space_committed: 452.
num_space_uncommitted: 0.
num_chunks_returned_to_freelist: 3.
num_chunks_taken_from_freelist: 915.
num_chunk_merges: 0.
num_chunk_splits: 544.
num_chunks_enlarged: 352.
num_inconsistent_stats: 0.

CodeHeap 'non-profiled nmethods': size=120000Kb used=1250Kb max_used=1250Kb free=118749Kb
 bounds [0x0000021fe4de0000, 0x0000021fe5050000, 0x0000021fec310000]
CodeHeap 'profiled nmethods': size=120000Kb used=5752Kb max_used=5752Kb free=114247Kb
 bounds [0x0000021fdd310000, 0x0000021fdd8b0000, 0x0000021fe4840000]
CodeHeap 'non-nmethods': size=5760Kb used=1256Kb max_used=1319Kb free=4504Kb
 bounds [0x0000021fe4840000, 0x0000021fe4ab0000, 0x0000021fe4de0000]
 total_blobs=3383 nmethods=2832 adapters=463
 compilation: enabled
              stopped_count=0, restarted_count=0
 full_count=0

Compilation events (20 events):
Event: 11.090 Thread 0x0000021ffd0bd8a0 2826       3       jdk.internal.org.objectweb.asm.MethodWriter::putFrame (549 bytes)
Event: 11.093 Thread 0x0000021ffd0bd8a0 nmethod 2826 0x0000021fdd8a4890 code [0x0000021fdd8a4d00, 0x0000021fdd8a68b8]
Event: 11.093 Thread 0x0000021ffd0bd8a0 2822       3       jdk.internal.org.objectweb.asm.Frame::putAbstractType (379 bytes)
Event: 11.094 Thread 0x0000021ffd0bd8a0 nmethod 2822 0x0000021fdd8a7510 code [0x0000021fdd8a7940, 0x0000021fdd8a90b8]
Event: 11.094 Thread 0x0000021ffd0bd8a0 2829       3       java.nio.HeapByteBuffer::getShort (29 bytes)
Event: 11.094 Thread 0x0000021ffd0bd8a0 nmethod 2829 0x0000021fdd8a9b10 code [0x0000021fdd8a9d40, 0x0000021fdd8aa608]
Event: 11.094 Thread 0x0000021ffd0bd8a0 2823       3       jdk.internal.org.objectweb.asm.SymbolTable::getType (7 bytes)
Event: 11.094 Thread 0x0000021ffd0bd8a0 nmethod 2823 0x0000021fdd8aaa10 code [0x0000021fdd8aaba0, 0x0000021fdd8aacd8]
Event: 11.095 Thread 0x0000021ffd0bd8a0 2824       3       jdk.internal.org.objectweb.asm.Frame::getConcreteOutputType (111 bytes)
Event: 11.095 Thread 0x0000021ffd0bd8a0 nmethod 2824 0x0000021fdd8aad90 code [0x0000021fdd8aaf40, 0x0000021fdd8ab338]
Event: 11.095 Thread 0x0000021ffd0bd8a0 2819       3       java.lang.PublicMethods::merge (81 bytes)
Event: 11.095 Thread 0x0000021ffd0bd8a0 nmethod 2819 0x0000021fdd8ab490 code [0x0000021fdd8ab6e0, 0x0000021fdd8ac148]
Event: 11.095 Thread 0x0000021ffd0bd8a0 2830  s    3       java.lang.StringBuffer::append (13 bytes)
Event: 11.095 Thread 0x0000021ffd0bd8a0 nmethod 2830 0x0000021fdd8ac590 code [0x0000021fdd8ac740, 0x0000021fdd8ac968]
Event: 11.095 Thread 0x0000021ffd0bd8a0 2831       3       java.util.HashMap$HashMapSpliterator::getFence (53 bytes)
Event: 11.095 Thread 0x0000021ffd0bd8a0 nmethod 2831 0x0000021fdd8aca10 code [0x0000021fdd8acba0, 0x0000021fdd8acd78]
Event: 11.095 Thread 0x0000021ffd0bd8a0 2833       3       java.lang.Thread::interrupted (23 bytes)
Event: 11.096 Thread 0x0000021ffd0bd8a0 nmethod 2833 0x0000021fdd8ace90 code [0x0000021fdd8ad040, 0x0000021fdd8ad1c8]
Event: 11.096 Thread 0x0000021ffd0bd8a0 2832       3       java.util.concurrent.ForkJoinTask::<init> (5 bytes)
Event: 11.096 Thread 0x0000021ffd0bd8a0 nmethod 2832 0x0000021fdd8ad290 code [0x0000021fdd8ad420, 0x0000021fdd8ad578]

GC Heap History (8 events):
Event: 0.496 GC heap before
{Heap before GC invocations=0 (full 0):
 garbage-first heap   total 260096K, used 20480K [0x0000000703600000, 0x0000000800000000)
  region size 2048K, 11 young (22528K), 0 survivors (0K)
 Metaspace       used 14588K, committed 14784K, reserved 1114112K
  class space    used 1430K, committed 1536K, reserved 1048576K
}
Event: 0.502 GC heap after
{Heap after GC invocations=1 (full 0):
 garbage-first heap   total 260096K, used 8483K [0x0000000703600000, 0x0000000800000000)
  region size 2048K, 2 young (4096K), 2 survivors (4096K)
 Metaspace       used 14588K, committed 14784K, reserved 1114112K
  class space    used 1430K, committed 1536K, reserved 1048576K
}
Event: 0.752 GC heap before
{Heap before GC invocations=1 (full 0):
 garbage-first heap   total 260096K, used 26915K [0x0000000703600000, 0x0000000800000000)
  region size 2048K, 11 young (22528K), 2 survivors (4096K)
 Metaspace       used 19001K, committed 19264K, reserved 1114112K
  class space    used 1934K, committed 2048K, reserved 1048576K
}
Event: 0.755 GC heap after
{Heap after GC invocations=2 (full 0):
 garbage-first heap   total 260096K, used 10036K [0x0000000703600000, 0x0000000800000000)
  region size 2048K, 1 young (2048K), 1 survivors (2048K)
 Metaspace       used 19001K, committed 19264K, reserved 1114112K
  class space    used 1934K, committed 2048K, reserved 1048576K
}
Event: 0.874 GC heap before
{Heap before GC invocations=2 (full 0):
 garbage-first heap   total 260096K, used 20276K [0x0000000703600000, 0x0000000800000000)
  region size 2048K, 7 young (14336K), 1 survivors (2048K)
 Metaspace       used 21293K, committed 21504K, reserved 1114112K
  class space    used 2186K, committed 2304K, reserved 1048576K
}
Event: 0.876 GC heap after
{Heap after GC invocations=3 (full 0):
 garbage-first heap   total 260096K, used 12387K [0x0000000703600000, 0x0000000800000000)
  region size 2048K, 3 young (6144K), 3 survivors (6144K)
 Metaspace       used 21293K, committed 21504K, reserved 1114112K
  class space    used 2186K, committed 2304K, reserved 1048576K
}
Event: 1.134 GC heap before
{Heap before GC invocations=4 (full 0):
 garbage-first heap   total 55296K, used 36963K [0x0000000703600000, 0x0000000800000000)
  region size 2048K, 16 young (32768K), 3 survivors (6144K)
 Metaspace       used 25168K, committed 25536K, reserved 1114112K
  class space    used 2650K, committed 2816K, reserved 1048576K
}
Event: 1.145 GC heap after
{Heap after GC invocations=5 (full 0):
 garbage-first heap   total 55296K, used 16647K [0x0000000703600000, 0x0000000800000000)
  region size 2048K, 5 young (10240K), 5 survivors (10240K)
 Metaspace       used 25168K, committed 25536K, reserved 1114112K
  class space    used 2650K, committed 2816K, reserved 1048576K
}

Dll operation events (7 events):
Event: 0.007 Loaded shared library C:\Users\koppu\.p2\pool\plugins\org.eclipse.justj.openjdk.hotspot.jre.full.win32.x86_64_17.0.8.v20230801-1951\jre\bin\java.dll
Event: 0.098 Loaded shared library C:\Users\koppu\.p2\pool\plugins\org.eclipse.justj.openjdk.hotspot.jre.full.win32.x86_64_17.0.8.v20230801-1951\jre\bin\net.dll
Event: 0.100 Loaded shared library C:\Users\koppu\.p2\pool\plugins\org.eclipse.justj.openjdk.hotspot.jre.full.win32.x86_64_17.0.8.v20230801-1951\jre\bin\nio.dll
Event: 0.106 Loaded shared library C:\Users\koppu\.p2\pool\plugins\org.eclipse.justj.openjdk.hotspot.jre.full.win32.x86_64_17.0.8.v20230801-1951\jre\bin\zip.dll
Event: 0.181 Loaded shared library C:\Users\koppu\.p2\pool\plugins\org.eclipse.justj.openjdk.hotspot.jre.full.win32.x86_64_17.0.8.v20230801-1951\jre\bin\jimage.dll
Event: 0.241 Loaded shared library C:\Users\koppu\.p2\pool\plugins\org.eclipse.justj.openjdk.hotspot.jre.full.win32.x86_64_17.0.8.v20230801-1951\jre\bin\verify.dll
Event: 0.711 Loaded shared library C:\Users\koppu\.p2\pool\plugins\org.eclipse.justj.openjdk.hotspot.jre.full.win32.x86_64_17.0.8.v20230801-1951\jre\bin\sunmscapi.dll

Deoptimization events (20 events):
Event: 1.215 Thread 0x0000021fd847ae90 Uncommon trap: trap_request=0xffffffde fr.pc=0x0000021fe4ea60f4 relative=0x00000000000000d4
Event: 1.215 Thread 0x0000021fd847ae90 Uncommon trap: reason=class_check action=maybe_recompile pc=0x0000021fe4ea60f4 method=java.util.Collections$UnmodifiableCollection$1.next()Ljava/lang/Object; @ 4 c2
Event: 1.215 Thread 0x0000021fd847ae90 DEOPT PACKING pc=0x0000021fe4ea60f4 sp=0x0000002c25ffd220
Event: 1.215 Thread 0x0000021fd847ae90 DEOPT UNPACKING pc=0x0000021fe489a1a3 sp=0x0000002c25ffd1d0 mode 2
Event: 1.899 Thread 0x0000021fd847ae90 Uncommon trap: trap_request=0xffffff45 fr.pc=0x0000021fe4f0b17c relative=0x00000000000011dc
Event: 1.899 Thread 0x0000021fd847ae90 Uncommon trap: reason=unstable_if action=reinterpret pc=0x0000021fe4f0b17c method=java.util.concurrent.ConcurrentHashMap.putVal(Ljava/lang/Object;Ljava/lang/Object;Z)Ljava/lang/Object; @ 231 c2
Event: 1.899 Thread 0x0000021fd847ae90 DEOPT PACKING pc=0x0000021fe4f0b17c sp=0x0000002c25ffd440
Event: 1.899 Thread 0x0000021fd847ae90 DEOPT UNPACKING pc=0x0000021fe489a1a3 sp=0x0000002c25ffd3c0 mode 2
Event: 1.949 Thread 0x0000021fd847ae90 Uncommon trap: trap_request=0xffffffcc fr.pc=0x0000021fe4ed08f4 relative=0x0000000000000354
Event: 1.949 Thread 0x0000021fd847ae90 Uncommon trap: reason=intrinsic_or_type_checked_inlining action=make_not_entrant pc=0x0000021fe4ed08f4 method=java.util.Arrays.copyOf([Ljava/lang/Object;ILjava/lang/Class;)[Ljava/lang/Object; @ 35 c2
Event: 1.949 Thread 0x0000021fd847ae90 DEOPT PACKING pc=0x0000021fe4ed08f4 sp=0x0000002c25ffd4d0
Event: 1.949 Thread 0x0000021fd847ae90 DEOPT UNPACKING pc=0x0000021fe489a1a3 sp=0x0000002c25ffd478 mode 2
Event: 9.054 Thread 0x0000021fd847ae90 Uncommon trap: trap_request=0xffffff45 fr.pc=0x0000021fe4ebad0c relative=0x000000000000006c
Event: 9.054 Thread 0x0000021fd847ae90 Uncommon trap: reason=unstable_if action=reinterpret pc=0x0000021fe4ebad0c method=java.lang.Integer.equals(Ljava/lang/Object;)Z @ 18 c2
Event: 9.054 Thread 0x0000021fd847ae90 DEOPT PACKING pc=0x0000021fe4ebad0c sp=0x0000002c25ffe6a0
Event: 9.054 Thread 0x0000021fd847ae90 DEOPT UNPACKING pc=0x0000021fe489a1a3 sp=0x0000002c25ffe638 mode 2
Event: 11.089 Thread 0x0000021fd847ae90 Uncommon trap: trap_request=0xffffff45 fr.pc=0x0000021fe4f03688 relative=0x0000000000004e08
Event: 11.089 Thread 0x0000021fd847ae90 Uncommon trap: reason=unstable_if action=reinterpret pc=0x0000021fe4f03688 method=java.lang.invoke.MethodType.makeImpl(Ljava/lang/Class;[Ljava/lang/Class;Z)Ljava/lang/invoke/MethodType; @ 47 c2
Event: 11.089 Thread 0x0000021fd847ae90 DEOPT PACKING pc=0x0000021fe4f03688 sp=0x0000002c25ffcc60
Event: 11.089 Thread 0x0000021fd847ae90 DEOPT UNPACKING pc=0x0000021fe489a1a3 sp=0x0000002c25ffcca0 mode 2

Classes unloaded (0 events):
No events

Classes redefined (0 events):
No events

Internal exceptions (20 events):
Event: 1.124 Thread 0x0000021fd847ae90 Exception <a 'java/lang/NoSuchMethodError'{0x0000000704da5f08}: 'java.lang.Object java.lang.invoke.DirectMethodHandle$Holder.invokeVirtual(java.lang.Object, java.lang.Object, java.lang.Object, java.lang.Object)'> (0x0000000704da5f08) 
thrown [s\src\hotspot\share\interpreter\linkResolver.cpp, line 759]
Event: 1.130 Thread 0x0000021fd847ae90 Exception <a 'java/lang/NoSuchMethodError'{0x0000000704dada18}: 'void java.lang.invoke.DirectMethodHandle$Holder.invokeStatic(java.lang.Object, long)'> (0x0000000704dada18) 
thrown [s\src\hotspot\share\interpreter\linkResolver.cpp, line 759]
Event: 1.130 Thread 0x0000021fd847ae90 Exception <a 'java/lang/NoSuchMethodError'{0x0000000704db3068}: 'java.lang.Object java.lang.invoke.DirectMethodHandle$Holder.newInvokeSpecial(java.lang.Object, long)'> (0x0000000704db3068) 
thrown [s\src\hotspot\share\interpreter\linkResolver.cpp, line 759]
Event: 1.132 Thread 0x0000021fd847ae90 Exception <a 'java/lang/NoSuchMethodError'{0x0000000704db9900}: 'java.lang.Object java.lang.invoke.DirectMethodHandle$Holder.invokeStatic(java.lang.Object, java.lang.Object, long, java.lang.Object)'> (0x0000000704db9900) 
thrown [s\src\hotspot\share\interpreter\linkResolver.cpp, line 759]
Event: 1.132 Thread 0x0000021fd847ae90 Exception <a 'java/lang/NoSuchMethodError'{0x0000000704dbd398}: 'java.lang.Object java.lang.invoke.DirectMethodHandle$Holder.invokeStaticInit(java.lang.Object, java.lang.Object, long, java.lang.Object)'> (0x0000000704dbd398) 
thrown [s\src\hotspot\share\interpreter\linkResolver.cpp, line 759]
Event: 1.132 Thread 0x0000021fd847ae90 Exception <a 'java/lang/NoSuchMethodError'{0x0000000704dc36c8}: 'java.lang.Object java.lang.invoke.DirectMethodHandle$Holder.newInvokeSpecial(java.lang.Object, java.lang.Object, long)'> (0x0000000704dc36c8) 
thrown [s\src\hotspot\share\interpreter\linkResolver.cpp, line 759]
Event: 1.154 Thread 0x0000021f8060e2c0 Exception <a 'java/net/ConnectException'{0x000000071329e288}: Connection refused: no further information> (0x000000071329e288) 
thrown [s\src\hotspot\share\prims\jni.cpp, line 535]
Event: 1.154 Thread 0x0000021f8060e2c0 Exception <a 'java/net/SocketException'{0x000000071329e5c0}: Socket is not connected: shutdown> (0x000000071329e5c0) 
thrown [s\src\hotspot\share\prims\jni.cpp, line 535]
Event: 1.189 Thread 0x0000021fd847ae90 Exception <a 'java/lang/NoSuchMethodError'{0x00000007132d3cf8}: 'double java.lang.invoke.DirectMethodHandle$Holder.invokeVirtual(java.lang.Object, java.lang.Object)'> (0x00000007132d3cf8) 
thrown [s\src\hotspot\share\interpreter\linkResolver.cpp, line 759]
Event: 1.190 Thread 0x0000021fd847ae90 Exception <a 'java/lang/NoSuchMethodError'{0x00000007132da4a0}: 'float java.lang.invoke.DirectMethodHandle$Holder.invokeVirtual(java.lang.Object, java.lang.Object)'> (0x00000007132da4a0) 
thrown [s\src\hotspot\share\interpreter\linkResolver.cpp, line 759]
Event: 1.190 Thread 0x0000021fd847ae90 Exception <a 'java/lang/NoSuchMethodError'{0x00000007132e3480}: 'long java.lang.invoke.DirectMethodHandle$Holder.invokeVirtual(java.lang.Object, java.lang.Object)'> (0x00000007132e3480) 
thrown [s\src\hotspot\share\interpreter\linkResolver.cpp, line 759]
Event: 1.211 Thread 0x0000021fd847ae90 Exception <a 'java/lang/NoSuchMethodError'{0x00000007126242c8}: 'java.lang.Object java.lang.invoke.DirectMethodHandle$Holder.newInvokeSpecial(java.lang.Object, java.lang.Object, int, int)'> (0x00000007126242c8) 
thrown [s\src\hotspot\share\interpreter\linkResolver.cpp, line 759]
Event: 1.212 Thread 0x0000021fd847ae90 Exception <a 'java/lang/NoSuchMethodError'{0x000000071262f058}: 'void java.lang.invoke.DirectMethodHandle$Holder.invokeStatic(java.lang.Object, java.lang.Object, int)'> (0x000000071262f058) 
thrown [s\src\hotspot\share\interpreter\linkResolver.cpp, line 759]
Event: 1.250 Thread 0x0000021f8060c970 Exception <a 'java/lang/NoSuchMethodError'{0x0000000712522ac0}: 'java.lang.Object java.lang.invoke.DirectMethodHandle$Holder.invokeSpecial(java.lang.Object, java.lang.Object, java.lang.Object, java.lang.Object, int)'> (0x0000000712522ac0) 
thrown [s\src\hotspot\share\interpreter\linkResolver.cpp, line 759]
Event: 1.250 Thread 0x0000021f8060c970 Exception <a 'java/lang/NoSuchMethodError'{0x0000000712526688}: 'java.lang.Object java.lang.invoke.Invokers$Holder.linkToTargetMethod(java.lang.Object, java.lang.Object, int, java.lang.Object)'> (0x0000000712526688) 
thrown [s\src\hotspot\share\interpreter\linkResolver.cpp, line 759]
Event: 1.265 Thread 0x0000021f8060c970 Exception <a 'java/lang/NoSuchMethodError'{0x00000007122755a8}: 'void java.lang.invoke.DirectMethodHandle$Holder.invokeSpecial(java.lang.Object, java.lang.Object, java.lang.Object, java.lang.Object, java.lang.Object)'> (0x00000007122755a8) 
thrown [s\src\hotspot\share\interpreter\linkResolver.cpp, line 759]
Event: 1.867 Thread 0x0000021f8060c970 Exception <a 'java/lang/NoSuchMethodError'{0x00000007123fe028}: 'java.lang.Object java.lang.invoke.DirectMethodHandle$Holder.newInvokeSpecial(java.lang.Object, java.lang.Object, long, java.lang.Object, java.lang.Object, java.lang.Object)'> (0x00000007123fe028) 
thrown [s\src\hotspot\share\interpreter\linkResolver.cpp, line 759]
Event: 1.869 Thread 0x0000021f8060c970 Exception <a 'java/lang/NoSuchMethodError'{0x00000007062237e0}: 'void java.lang.invoke.DirectMethodHandle$Holder.invokeSpecial(java.lang.Object, java.lang.Object, java.lang.Object, java.lang.Object, java.lang.Object, java.lang.Object, java.lang.Object)'> (0x00000007062237e0) 
thrown [s\src\hotspot\share\interpreter\linkResolver.cpp, line 759]
Event: 1.883 Thread 0x0000021fd847ae90 Exception <a 'java/lang/NoSuchMethodError'{0x0000000712443f10}: 'java.lang.Object java.lang.invoke.DirectMethodHandle$Holder.invokeSpecialIFC(java.lang.Object, java.lang.Object, java.lang.Object)'> (0x0000000712443f10) 
thrown [s\src\hotspot\share\interpreter\linkResolver.cpp, line 759]
Event: 1.951 Thread 0x0000021fd847ae90 Exception <a 'java/lang/ClassNotFoundException'{0x0000000705eb3a00}: sun/util/logging/resources/spi/loggingProvider> (0x0000000705eb3a00) 
thrown [s\src\hotspot\share\classfile\systemDictionary.cpp, line 256]

VM Operations (20 events):
Event: 0.880 Executing VM operation: G1PauseRemark
Event: 0.881 Executing VM operation: G1PauseRemark done
Event: 0.881 Executing VM operation: G1PauseCleanup
Event: 0.882 Executing VM operation: G1PauseCleanup done
Event: 1.134 Executing VM operation: G1CollectForAllocation
Event: 1.145 Executing VM operation: G1CollectForAllocation done
Event: 1.179 Executing VM operation: HandshakeAllThreads
Event: 1.180 Executing VM operation: HandshakeAllThreads done
Event: 1.180 Executing VM operation: HandshakeAllThreads
Event: 1.180 Executing VM operation: HandshakeAllThreads done
Event: 1.181 Executing VM operation: HandshakeAllThreads
Event: 1.181 Executing VM operation: HandshakeAllThreads done
Event: 1.857 Executing VM operation: HandshakeAllThreads
Event: 1.857 Executing VM operation: HandshakeAllThreads done
Event: 2.867 Executing VM operation: Cleanup
Event: 2.867 Executing VM operation: Cleanup done
Event: 6.899 Executing VM operation: Cleanup
Event: 6.899 Executing VM operation: Cleanup done
Event: 9.922 Executing VM operation: Cleanup
Event: 9.922 Executing VM operation: Cleanup done

Events (20 events):
Event: 1.951 loading class sun/util/logging/resources/logging_en done
Event: 1.951 loading class sun/util/logging/resources/logging_en
Event: 1.951 loading class sun/util/logging/resources/logging_en done
Event: 1.951 loading class sun/util/logging/resources/logging_en_IN
Event: 1.951 loading class sun/util/logging/resources/logging_en_IN done
Event: 1.951 loading class sun/util/logging/resources/logging_en_IN
Event: 1.951 loading class sun/util/logging/resources/logging_en_IN done
Event: 1.951 loading class java/util/Formatter$DateTime
Event: 1.951 loading class java/util/Formatter$DateTime done
Event: 1.952 loading class java/time/ZonedDateTime$1
Event: 1.952 loading class java/time/ZonedDateTime$1 done
Event: 1.952 loading class java/time/LocalDate$1
Event: 1.952 loading class java/time/LocalDate$1 done
Event: 1.952 loading class java/time/LocalTime$1
Event: 1.952 loading class java/time/LocalTime$1 done
Event: 6.192 Thread 0x0000021f8060b020 Thread exited: 0x0000021f8060b020
Event: 11.082 loading class java/lang/annotation/ElementType
Event: 11.082 loading class java/lang/annotation/ElementType done
Event: 11.093 loading class java/util/AbstractList$ListItr
Event: 11.093 loading class java/util/AbstractList$ListItr done


Dynamic libraries:
0x00007ff69a140000 - 0x00007ff69a14e000 	C:\Users\koppu\.p2\pool\plugins\org.eclipse.justj.openjdk.hotspot.jre.full.win32.x86_64_17.0.8.v20230801-1951\jre\bin\javaw.exe
0x00007ff97fbb0000 - 0x00007ff97fdc6000 	C:\WINDOWS\SYSTEM32\ntdll.dll
0x00007ff97f940000 - 0x00007ff97fa04000 	C:\WINDOWS\System32\KERNEL32.DLL
0x00007ff97d410000 - 0x00007ff97d7b6000 	C:\WINDOWS\System32\KERNELBASE.dll
0x00007ff97d060000 - 0x00007ff97d171000 	C:\WINDOWS\System32\ucrtbase.dll
0x00007ff975420000 - 0x00007ff975437000 	C:\Users\koppu\.p2\pool\plugins\org.eclipse.justj.openjdk.hotspot.jre.full.win32.x86_64_17.0.8.v20230801-1951\jre\bin\jli.dll
0x00007ff9702e0000 - 0x00007ff9702f9000 	C:\Users\koppu\.p2\pool\plugins\org.eclipse.justj.openjdk.hotspot.jre.full.win32.x86_64_17.0.8.v20230801-1951\jre\bin\VCRUNTIME140.dll
0x00007ff97d900000 - 0x00007ff97daad000 	C:\WINDOWS\System32\USER32.dll
0x00007ff97d370000 - 0x00007ff97d396000 	C:\WINDOWS\System32\win32u.dll
0x00007ff96b1f0000 - 0x00007ff96b483000 	C:\WINDOWS\WinSxS\amd64_microsoft.windows.common-controls_6595b64144ccf1df_6.0.22621.3235_none_270f74e173860f98\COMCTL32.dll
0x00007ff97db30000 - 0x00007ff97db59000 	C:\WINDOWS\System32\GDI32.dll
0x00007ff97eab0000 - 0x00007ff97eb57000 	C:\WINDOWS\System32\msvcrt.dll
0x00007ff97d1b0000 - 0x00007ff97d2c8000 	C:\WINDOWS\System32\gdi32full.dll
0x00007ff97d2d0000 - 0x00007ff97d36a000 	C:\WINDOWS\System32\msvcp_win.dll
0x00007ff97fb00000 - 0x00007ff97fb31000 	C:\WINDOWS\System32\IMM32.DLL
0x00007ff9772d0000 - 0x00007ff9772dc000 	C:\Users\koppu\.p2\pool\plugins\org.eclipse.justj.openjdk.hotspot.jre.full.win32.x86_64_17.0.8.v20230801-1951\jre\bin\vcruntime140_1.dll
0x00007ff96d410000 - 0x00007ff96d4a1000 	C:\Users\koppu\.p2\pool\plugins\org.eclipse.justj.openjdk.hotspot.jre.full.win32.x86_64_17.0.8.v20230801-1951\jre\bin\msvcp140.dll
0x00007ff932420000 - 0x00007ff93306c000 	C:\Users\koppu\.p2\pool\plugins\org.eclipse.justj.openjdk.hotspot.jre.full.win32.x86_64_17.0.8.v20230801-1951\jre\bin\server\jvm.dll
0x00007ff97f390000 - 0x00007ff97f442000 	C:\WINDOWS\System32\ADVAPI32.dll
0x00007ff97ec60000 - 0x00007ff97ed08000 	C:\WINDOWS\System32\sechost.dll
0x00007ff97d180000 - 0x00007ff97d1a8000 	C:\WINDOWS\System32\bcrypt.dll
0x00007ff97f680000 - 0x00007ff97f795000 	C:\WINDOWS\System32\RPCRT4.dll
0x00007ff96d950000 - 0x00007ff96d959000 	C:\WINDOWS\SYSTEM32\WSOCK32.dll
0x00007ff976970000 - 0x00007ff9769a4000 	C:\WINDOWS\SYSTEM32\WINMM.dll
0x00007ff97c7c0000 - 0x00007ff97c80d000 	C:\WINDOWS\SYSTEM32\POWRPROF.dll
0x00007ff97dab0000 - 0x00007ff97db21000 	C:\WINDOWS\System32\WS2_32.dll
0x00007ff9759c0000 - 0x00007ff9759ca000 	C:\WINDOWS\SYSTEM32\VERSION.dll
0x00007ff97c7a0000 - 0x00007ff97c7b3000 	C:\WINDOWS\SYSTEM32\UMPDC.dll
0x00007ff97bf30000 - 0x00007ff97bf48000 	C:\WINDOWS\SYSTEM32\kernel.appcore.dll
0x00007ff975e30000 - 0x00007ff975e3a000 	C:\Users\koppu\.p2\pool\plugins\org.eclipse.justj.openjdk.hotspot.jre.full.win32.x86_64_17.0.8.v20230801-1951\jre\bin\jimage.dll
0x00007ff97aa80000 - 0x00007ff97acb3000 	C:\WINDOWS\SYSTEM32\DBGHELP.DLL
0x00007ff97f000000 - 0x00007ff97f388000 	C:\WINDOWS\System32\combase.dll
0x00007ff97f7b0000 - 0x00007ff97f887000 	C:\WINDOWS\System32\OLEAUT32.dll
0x00007ff975cd0000 - 0x00007ff975d02000 	C:\WINDOWS\SYSTEM32\dbgcore.DLL
0x00007ff97d880000 - 0x00007ff97d8fa000 	C:\WINDOWS\System32\bcryptPrimitives.dll
0x00007ff96f1a0000 - 0x00007ff96f1c5000 	C:\Users\koppu\.p2\pool\plugins\org.eclipse.justj.openjdk.hotspot.jre.full.win32.x86_64_17.0.8.v20230801-1951\jre\bin\java.dll
0x00007ff96f760000 - 0x00007ff96f778000 	C:\Users\koppu\.p2\pool\plugins\org.eclipse.justj.openjdk.hotspot.jre.full.win32.x86_64_17.0.8.v20230801-1951\jre\bin\zip.dll
0x00007ff97db60000 - 0x00007ff97e3bd000 	C:\WINDOWS\System32\SHELL32.dll
0x00007ff97ae50000 - 0x00007ff97b748000 	C:\WINDOWS\SYSTEM32\windows.storage.dll
0x00007ff97ad10000 - 0x00007ff97ae4e000 	C:\WINDOWS\SYSTEM32\wintypes.dll
0x00007ff97eda0000 - 0x00007ff97ee93000 	C:\WINDOWS\System32\SHCORE.dll
0x00007ff97f8e0000 - 0x00007ff97f93e000 	C:\WINDOWS\System32\shlwapi.dll
0x00007ff97ce20000 - 0x00007ff97ce46000 	C:\WINDOWS\SYSTEM32\profapi.dll
0x00007ff96f150000 - 0x00007ff96f169000 	C:\Users\koppu\.p2\pool\plugins\org.eclipse.justj.openjdk.hotspot.jre.full.win32.x86_64_17.0.8.v20230801-1951\jre\bin\net.dll
0x00007ff977a30000 - 0x00007ff977b67000 	C:\WINDOWS\SYSTEM32\WINHTTP.dll
0x00007ff97c3b0000 - 0x00007ff97c419000 	C:\WINDOWS\system32\mswsock.dll
0x00007ff96f130000 - 0x00007ff96f145000 	C:\Users\koppu\.p2\pool\plugins\org.eclipse.justj.openjdk.hotspot.jre.full.win32.x86_64_17.0.8.v20230801-1951\jre\bin\nio.dll
0x00007ff975460000 - 0x00007ff975470000 	C:\Users\koppu\.p2\pool\plugins\org.eclipse.justj.openjdk.hotspot.jre.full.win32.x86_64_17.0.8.v20230801-1951\jre\bin\verify.dll
0x00007ff97ba20000 - 0x00007ff97bb19000 	C:\WINDOWS\SYSTEM32\DNSAPI.dll
0x00007ff97b9b0000 - 0x00007ff97b9dd000 	C:\WINDOWS\SYSTEM32\IPHLPAPI.DLL
0x00007ff97f7a0000 - 0x00007ff97f7a9000 	C:\WINDOWS\System32\NSI.dll
0x00007ff975b90000 - 0x00007ff975b9a000 	C:\Windows\System32\rasadhlp.dll
0x00007ff976680000 - 0x00007ff976703000 	C:\WINDOWS\System32\fwpuclnt.dll
0x00007ff97c600000 - 0x00007ff97c61b000 	C:\WINDOWS\SYSTEM32\CRYPTSP.dll
0x00007ff97be90000 - 0x00007ff97bec5000 	C:\WINDOWS\system32\rsaenh.dll
0x00007ff97c4a0000 - 0x00007ff97c4cc000 	C:\WINDOWS\SYSTEM32\USERENV.dll
0x00007ff97c620000 - 0x00007ff97c62c000 	C:\WINDOWS\SYSTEM32\CRYPTBASE.dll
0x00007ff977480000 - 0x00007ff977499000 	C:\WINDOWS\SYSTEM32\dhcpcsvc6.DLL
0x00007ff977460000 - 0x00007ff97747f000 	C:\WINDOWS\SYSTEM32\dhcpcsvc.DLL
0x00007ff975230000 - 0x00007ff97523e000 	C:\Users\koppu\.p2\pool\plugins\org.eclipse.justj.openjdk.hotspot.jre.full.win32.x86_64_17.0.8.v20230801-1951\jre\bin\sunmscapi.dll
0x00007ff97cef0000 - 0x00007ff97d056000 	C:\WINDOWS\System32\CRYPT32.dll
0x00007ff97c8b0000 - 0x00007ff97c8de000 	C:\WINDOWS\SYSTEM32\ncrypt.dll
0x00007ff97c870000 - 0x00007ff97c8a7000 	C:\WINDOWS\SYSTEM32\NTASN1.dll
0x00007ff944450000 - 0x00007ff944458000 	C:\WINDOWS\system32\wshunix.dll

dbghelp: loaded successfully - version: 4.0.5 - missing functions: none
symbol engine: initialized successfully - sym options: 0x614 - pdb path: .;C:\Users\koppu\.p2\pool\plugins\org.eclipse.justj.openjdk.hotspot.jre.full.win32.x86_64_17.0.8.v20230801-1951\jre\bin;C:\WINDOWS\SYSTEM32;C:\WINDOWS\WinSxS\amd64_microsoft.windows.common-controls_6595b64144ccf1df_6.0.22621.3235_none_270f74e173860f98;C:\Users\koppu\.p2\pool\plugins\org.eclipse.justj.openjdk.hotspot.jre.full.win32.x86_64_17.0.8.v20230801-1951\jre\bin\server

VM Arguments:
jvm_args: -ea -Dfile.encoding=UTF-8 -XX:+ShowCodeDetailsInExceptionMessages 
java_command: org.testng.remote.RemoteTestNG -serport 49284 -protocol json -d C:\Users\koppu\eclipse-workspace\loginforgo\test-output C:\WINDOWS\TEMP\testng-eclipse--699933167\testng-customsuite.xml
java_class_path (initial): C:\Users\koppu\eclipse\java-2023-06\eclipse\configuration\org.eclipse.osgi\606\0\.cp\lib\testng-remote.jar;C:\Users\koppu\eclipse-workspace\loginforgo\target\test-classes;C:\Users\koppu\eclipse-workspace\loginforgo\target\classes;C:\Users\koppu\.p2\pool\plugins\org.testng_7.9.0.r202312310341.jar;C:\Users\koppu\.p2\pool\plugins\com.beust.jcommander_1.82.0.jar;C:\Users\koppu\.p2\pool\plugins\org.apache-extras.beanshell.bsh_2.0.0.b6.jar;C:\Users\koppu\.p2\pool\plugins\org.yaml.snakeyaml_1.21.0.jar;C:\Users\koppu\.p2\pool\plugins\org.webjars.jquery_3.7.1.jar;C:\Users\koppu\.m2\repository\org\testng\testng\7.9.0\testng-7.9.0.jar;C:\Users\koppu\.m2\repository\org\slf4j\slf4j-api\1.7.36\slf4j-api-1.7.36.jar;C:\Users\koppu\.m2\repository\com\beust\jcommander\1.82\jcommander-1.82.jar;C:\Users\koppu\.m2\repository\org\webjars\jquery\3.7.1\jquery-3.7.1.jar;C:\Users\koppu\.m2\repository\org\seleniumhq\selenium\selenium-java\4.19.1\selenium-java-4.19.1.jar;C:\Users\koppu\.m2\repository\org\seleniumhq\selenium\selenium-api\4.19.1\selenium-api-4.19.1.jar;C:\Users\koppu\.m2\repository\org\seleniumhq\selenium\selenium-chrome-driver\4.19.1\selenium-chrome-driver-4.19.1.jar;C:\Users\koppu\.m2\repository\com\google\auto\service\auto-service-annotations\1.1.1\auto-service-annotations-1.1.1.jar;C:\Users\koppu\.m2\repository\org\seleniumhq\selenium\selenium-chromium-driver\4.19.1\selenium-chromium-driver-4.19.1.jar;C:\Users\koppu\.m2\repository\org\seleniumhq\selenium\selenium-json\4.19.1\selenium-json-4.19.1.jar;C:\Users\koppu\.m2\repository\org\seleniumhq\selenium\selenium-manager\4.19.1\selenium-manager-4.19.1.jar;C:\Users\koppu\.m2\repository\org\seleniumhq\selenium\selenium-devtools-v121\4.19.1\selenium-devtools-v121-4.19.1.jar;C:\Users\koppu\.m2\repository\org\seleniumhq\selenium\selenium-devtools-v122\4.19.1\selenium-devtools-v122-4.19.1.jar;C:\Users\koppu\.m2\repository\org\seleniumhq\selenium\selenium-devtools-v123\4.19.1\selenium-devtools-v123-4.19.1
Launcher Type: SUN_STANDARD

[Global flags]
     intx CICompilerCount                          = 4                                         {product} {ergonomic}
     uint ConcGCThreads                            = 2                                         {product} {ergonomic}
     uint G1ConcRefinementThreads                  = 8                                         {product} {ergonomic}
   size_t G1HeapRegionSize                         = 2097152                                   {product} {ergonomic}
    uintx GCDrainStackTargetSize                   = 64                                        {product} {ergonomic}
   size_t InitialHeapSize                          = 266338304                                 {product} {ergonomic}
   size_t MarkStackSize                            = 4194304                                   {product} {ergonomic}
   size_t MaxHeapSize                              = 4238344192                                {product} {ergonomic}
   size_t MaxNewSize                               = 2541748224                                {product} {ergonomic}
   size_t MinHeapDeltaBytes                        = 2097152                                   {product} {ergonomic}
   size_t MinHeapSize                              = 8388608                                   {product} {ergonomic}
    uintx NonNMethodCodeHeapSize                   = 5839372                                {pd product} {ergonomic}
    uintx NonProfiledCodeHeapSize                  = 122909434                              {pd product} {ergonomic}
    uintx ProfiledCodeHeapSize                     = 122909434                              {pd product} {ergonomic}
    uintx ReservedCodeCacheSize                    = 251658240                              {pd product} {ergonomic}
     bool SegmentedCodeCache                       = true                                      {product} {ergonomic}
     bool ShowCodeDetailsInExceptionMessages       = true                                   {manageable} {command line}
   size_t SoftMaxHeapSize                          = 4238344192                             {manageable} {ergonomic}
     bool UseCompressedClassPointers               = true                           {product lp64_product} {ergonomic}
     bool UseCompressedOops                        = true                           {product lp64_product} {ergonomic}
     bool UseG1GC                                  = true                                      {product} {ergonomic}
     bool UseLargePagesIndividualAllocation        = false                                  {pd product} {ergonomic}

Logging:
Log output configuration:
 #0: stdout all=warning uptime,level,tags
 #1: stderr all=off uptime,level,tags

Environment Variables:
JAVA_HOME=C:\Program Files\Java\jdk-20
PATH=C:/Users/koppu/.p2/pool/plugins/org.eclipse.justj.openjdk.hotspot.jre.full.win32.x86_64_20.0.2.v20230801-2057/jre/bin/server;C:/Users/koppu/.p2/pool/plugins/org.eclipse.justj.openjdk.hotspot.jre.full.win32.x86_64_20.0.2.v20230801-2057/jre/bin;C:\Program Files\Common Files\Oracle\Java\javapath;C:\Program Files (x86)\Common Files\Oracle\Java\javapath;C:\WINDOWS\system32;C:\WINDOWS;C:\WINDOWS\System32\Wbem;C:\WINDOWS\System32\WindowsPowerShell\v1.0\;C:\WINDOWS\System32\OpenSSH\;C:\Program Files (x86)\Java\jre-1.8\bin;C:\Program Files (x86)\Common Files\Oracle\Java\javapath;C:\Program Files\Java\jdk-20\bin;C:\Program Files\Common Files\Oracle\Java\javapath;C:\Program Files\MySQL\MySQL Server 8.0\bin;c:\Program Files\Vector SIL Kit 4.0.34\x86\bin;c:\Program Files\Vector SIL Kit 4.0.34\x86_64\bin;c:\Program Files (x86)\Vector CANdb++ 3.1\Exec32;C:\Program Files (x86)\nodejs\;C:\Program Files\Git\cmd;C:\Program Files\MySQL\MySQL Shell 8.0\bin\;C:\Users\koppu\AppData\Roaming\npm;C:\Users\koppu\AppData\Local\Programs\Microsoft VS Code\bin;C:\New folder\IntelliJ IDEA Community Edition 2024.1\bin;;C:\WINDOWS\system32;
USERNAME=koppu
OS=Windows_NT
PROCESSOR_IDENTIFIER=Intel64 Family 6 Model 140 Stepping 2, GenuineIntel
TMP=C:\WINDOWS\TEMP
TEMP=C:\WINDOWS\TEMP



---------------  S Y S T E M  ---------------

OS:
 Windows 11 , 64 bit Build 22621 (10.0.22621.3235)
OS uptime: 21 days 3:56 hours

CPU: total 8 (initial active 8) (4 cores per cpu, 2 threads per core) family 6 model 140 stepping 2 microcode 0x22, cx8, cmov, fxsr, ht, mmx, 3dnowpref, sse, sse2, sse3, ssse3, sse4.1, sse4.2, popcnt, lzcnt, tsc, tscinvbit, avx, avx2, aes, erms, clmul, bmi1, bmi2, adx, avx512f, avx512dq, avx512cd, avx512bw, avx512vl, sha, fma, vzeroupper, avx512_vpopcntdq, avx512_vpclmulqdq, avx512_vaes, avx512_vnni, clflush, clflushopt, clwb, avx512_vbmi2, avx512_vbmi
Processor Information for all 8 processors :
  Max Mhz: 3187, Current Mhz: 3187, Mhz Limit: 3187

Memory: 4k page, system-wide physical 16167M (905M free)
TotalPageFile size 34917M (AvailPageFile size 0M)
current process WorkingSet (physical memory assigned to process): 133M, peak: 169M
current process commit charge ("private bytes"): 175M, peak: 388M

vm_info: OpenJDK 64-Bit Server VM (17.0.8+7) for windows-amd64 JRE (17.0.8+7), built on Jul 18 2023 21:02:32 by "admin" with MS VC++ 16.7 (VS2019)

END.
