#
# There is insufficient memory for the Java Runtime Environment to continue.
# Native memory allocation (mmap) failed to map 266338304 bytes for G1 virtual space
# Possible reasons:
#   The system is out of physical RAM or swap space
#   The process is running with CompressedOops enabled, and the Java Heap may be blocking the growth of the native heap
# Possible solutions:
#   Reduce memory load on the system
#   Increase physical memory or swap space
#   Check if swap backing store is full
#   Decrease Java heap size (-Xmx/-Xms)
#   Decrease number of Java threads
#   Decrease Java thread stack sizes (-Xss)
#   Set larger code cache with -XX:ReservedCodeCacheSize=
#   JVM is running with Zero Based Compressed Oops mode in which the Java heap is
#     placed in the first 32GB address space. The Java Heap base address is the
#     maximum limit for the native heap growth. Please use -XX:HeapBaseMinAddress
#     to set the Java Heap base and to place the Java Heap above 32GB virtual address.
# This output file may be truncated or incomplete.
#
#  Out of Memory Error (os_windows.cpp:3617), pid=86984, tid=84540
#
# JRE version:  (17.0.8+7) (build )
# Java VM: OpenJDK 64-Bit Server VM (17.0.8+7, mixed mode, sharing, tiered, compressed oops, compressed class ptrs, g1 gc, windows-amd64)
# No core dump will be written. Minidumps are not enabled by default on client versions of Windows
#

---------------  S U M M A R Y ------------

Command Line: -ea -Dfile.encoding=UTF-8 -XX:+ShowCodeDetailsInExceptionMessages org.testng.remote.RemoteTestNG -serport 49855 -protocol json -d C:\Users\koppu\eclipse-workspace\loginforgo\test-output C:\WINDOWS\TEMP\testng-eclipse--1562941919\testng-customsuite.xml

Host: 11th Gen Intel(R) Core(TM) i5-11320H @ 3.20GHz, 8 cores, 15G,  Windows 11 , 64 bit Build 22621 (10.0.22621.3235)
Time: Mon May 20 16:50:52 2024 India Standard Time elapsed time: 0.016687 seconds (0d 0h 0m 0s)

---------------  T H R E A D  ---------------

Current thread (0x000001a24ac5b8b0):  JavaThread "Unknown thread" [_thread_in_vm, id=84540, stack(0x0000001e5aa00000,0x0000001e5ab00000)]

Stack: [0x0000001e5aa00000,0x0000001e5ab00000]
Native frames: (J=compiled Java code, j=interpreted, Vv=VM code, C=native code)
V  [jvm.dll+0x678b0a]
V  [jvm.dll+0x835e84]
V  [jvm.dll+0x83762e]
V  [jvm.dll+0x837c93]
V  [jvm.dll+0x24746f]
V  [jvm.dll+0x675859]
V  [jvm.dll+0x66a0ea]
V  [jvm.dll+0x306c7b]
V  [jvm.dll+0x30e166]
V  [jvm.dll+0x35dd3e]
V  [jvm.dll+0x35df6f]
V  [jvm.dll+0x2ddb48]
V  [jvm.dll+0x2deab4]
V  [jvm.dll+0x807f31]
V  [jvm.dll+0x36bb21]
V  [jvm.dll+0x7e733c]
V  [jvm.dll+0x3ee4af]
V  [jvm.dll+0x3f00c1]
C  [jli.dll+0x528b]
C  [ucrtbase.dll+0x29363]
C  [KERNEL32.DLL+0x1257d]
C  [ntdll.dll+0x5aa58]


---------------  P R O C E S S  ---------------

Threads class SMR info:
_java_thread_list=0x00007ff932f3a018, length=0, elements={
}

Java Threads: ( => current thread )

Other Threads:
  0x000001a24acc7aa0 GCTaskThread "GC Thread#0" [stack: 0x0000001e5ab00000,0x0000001e5ac00000] [id=87516]
  0x000001a24acdae40 ConcurrentGCThread "G1 Main Marker" [stack: 0x0000001e5ac00000,0x0000001e5ad00000] [id=86916]
  0x000001a24acdb850 ConcurrentGCThread "G1 Conc#0" [stack: 0x0000001e5ad00000,0x0000001e5ae00000] [id=92636]

[error occurred during error reporting (printing all threads), id 0xc0000005, EXCEPTION_ACCESS_VIOLATION (0xc0000005) at pc=0x00007ff93270e587]

VM state: not at safepoint (not fully initialized)

VM Mutex/Monitor currently owned by a thread:  ([mutex/lock_event])
[0x000001a24ac42d60] Heap_lock - owner thread: 0x000001a24ac5b8b0

Heap address: 0x0000000703600000, size: 4042 MB, Compressed Oops mode: Zero based, Oop shift amount: 3

CDS archive(s) mapped at: [0x0000000000000000-0x0000000000000000-0x0000000000000000), size 0, SharedBaseAddress: 0x0000000800000000, ArchiveRelocationMode: 1.
Narrow klass base: 0x0000000000000000, Narrow klass shift: 0, Narrow klass range: 0x0

GC Precious Log:
<Empty>

Heap:
 garbage-first heap   total 0K, used 0K [0x0000000703600000, 0x0000000800000000)
  region size 2048K, 0 young (0K), 0 survivors (0K)

[error occurred during error reporting (printing heap information), id 0xc0000005, EXCEPTION_ACCESS_VIOLATION (0xc0000005) at pc=0x00007ff932af2699]

GC Heap History (0 events):
No events

Dll operation events (1 events):
Event: 0.010 Loaded shared library C:\Users\koppu\.p2\pool\plugins\org.eclipse.justj.openjdk.hotspot.jre.full.win32.x86_64_17.0.8.v20230801-1951\jre\bin\java.dll

Deoptimization events (0 events):
No events

Classes unloaded (0 events):
No events

Classes redefined (0 events):
No events

Internal exceptions (0 events):
No events

VM Operations (0 events):
No events

Events (0 events):
No events


Dynamic libraries:
0x00007ff69a140000 - 0x00007ff69a14e000 	C:\Users\koppu\.p2\pool\plugins\org.eclipse.justj.openjdk.hotspot.jre.full.win32.x86_64_17.0.8.v20230801-1951\jre\bin\javaw.exe
0x00007ff97fbb0000 - 0x00007ff97fdc6000 	C:\WINDOWS\SYSTEM32\ntdll.dll
0x00007ff97f940000 - 0x00007ff97fa04000 	C:\WINDOWS\System32\KERNEL32.DLL
0x00007ff97d410000 - 0x00007ff97d7b6000 	C:\WINDOWS\System32\KERNELBASE.dll
0x00007ff97d060000 - 0x00007ff97d171000 	C:\WINDOWS\System32\ucrtbase.dll
0x00007ff96f760000 - 0x00007ff96f777000 	C:\Users\koppu\.p2\pool\plugins\org.eclipse.justj.openjdk.hotspot.jre.full.win32.x86_64_17.0.8.v20230801-1951\jre\bin\jli.dll
0x00007ff96b1f0000 - 0x00007ff96b483000 	C:\WINDOWS\WinSxS\amd64_microsoft.windows.common-controls_6595b64144ccf1df_6.0.22621.3235_none_270f74e173860f98\COMCTL32.dll
0x00007ff9702e0000 - 0x00007ff9702f9000 	C:\Users\koppu\.p2\pool\plugins\org.eclipse.justj.openjdk.hotspot.jre.full.win32.x86_64_17.0.8.v20230801-1951\jre\bin\VCRUNTIME140.dll
0x00007ff97d900000 - 0x00007ff97daad000 	C:\WINDOWS\System32\USER32.dll
0x00007ff97eab0000 - 0x00007ff97eb57000 	C:\WINDOWS\System32\msvcrt.dll
0x00007ff97d370000 - 0x00007ff97d396000 	C:\WINDOWS\System32\win32u.dll
0x00007ff97db30000 - 0x00007ff97db59000 	C:\WINDOWS\System32\GDI32.dll
0x00007ff97d1b0000 - 0x00007ff97d2c8000 	C:\WINDOWS\System32\gdi32full.dll
0x00007ff97d2d0000 - 0x00007ff97d36a000 	C:\WINDOWS\System32\msvcp_win.dll
0x00007ff97fb00000 - 0x00007ff97fb31000 	C:\WINDOWS\System32\IMM32.DLL
0x00007ff9772d0000 - 0x00007ff9772dc000 	C:\Users\koppu\.p2\pool\plugins\org.eclipse.justj.openjdk.hotspot.jre.full.win32.x86_64_17.0.8.v20230801-1951\jre\bin\vcruntime140_1.dll
0x00007ff96d410000 - 0x00007ff96d4a1000 	C:\Users\koppu\.p2\pool\plugins\org.eclipse.justj.openjdk.hotspot.jre.full.win32.x86_64_17.0.8.v20230801-1951\jre\bin\msvcp140.dll
0x00007ff932420000 - 0x00007ff93306c000 	C:\Users\koppu\.p2\pool\plugins\org.eclipse.justj.openjdk.hotspot.jre.full.win32.x86_64_17.0.8.v20230801-1951\jre\bin\server\jvm.dll
0x00007ff97f390000 - 0x00007ff97f442000 	C:\WINDOWS\System32\ADVAPI32.dll
0x00007ff97ec60000 - 0x00007ff97ed08000 	C:\WINDOWS\System32\sechost.dll
0x00007ff97d180000 - 0x00007ff97d1a8000 	C:\WINDOWS\System32\bcrypt.dll
0x00007ff97f680000 - 0x00007ff97f795000 	C:\WINDOWS\System32\RPCRT4.dll
0x00007ff97c7c0000 - 0x00007ff97c80d000 	C:\WINDOWS\SYSTEM32\POWRPROF.dll
0x00007ff976970000 - 0x00007ff9769a4000 	C:\WINDOWS\SYSTEM32\WINMM.dll
0x00007ff96d950000 - 0x00007ff96d959000 	C:\WINDOWS\SYSTEM32\WSOCK32.dll
0x00007ff97dab0000 - 0x00007ff97db21000 	C:\WINDOWS\System32\WS2_32.dll
0x00007ff9759c0000 - 0x00007ff9759ca000 	C:\WINDOWS\SYSTEM32\VERSION.dll
0x00007ff97c7a0000 - 0x00007ff97c7b3000 	C:\WINDOWS\SYSTEM32\UMPDC.dll
0x00007ff97bf30000 - 0x00007ff97bf48000 	C:\WINDOWS\SYSTEM32\kernel.appcore.dll
0x00007ff975e30000 - 0x00007ff975e3a000 	C:\Users\koppu\.p2\pool\plugins\org.eclipse.justj.openjdk.hotspot.jre.full.win32.x86_64_17.0.8.v20230801-1951\jre\bin\jimage.dll
0x00007ff97aa80000 - 0x00007ff97acb3000 	C:\WINDOWS\SYSTEM32\DBGHELP.DLL
0x00007ff97f000000 - 0x00007ff97f388000 	C:\WINDOWS\System32\combase.dll
0x00007ff97f7b0000 - 0x00007ff97f887000 	C:\WINDOWS\System32\OLEAUT32.dll
0x00007ff975cd0000 - 0x00007ff975d02000 	C:\WINDOWS\SYSTEM32\dbgcore.DLL
0x00007ff97d880000 - 0x00007ff97d8fa000 	C:\WINDOWS\System32\bcryptPrimitives.dll
0x00007ff96f140000 - 0x00007ff96f165000 	C:\Users\koppu\.p2\pool\plugins\org.eclipse.justj.openjdk.hotspot.jre.full.win32.x86_64_17.0.8.v20230801-1951\jre\bin\java.dll

dbghelp: loaded successfully - version: 4.0.5 - missing functions: none
symbol engine: initialized successfully - sym options: 0x614 - pdb path: .;C:\Users\koppu\.p2\pool\plugins\org.eclipse.justj.openjdk.hotspot.jre.full.win32.x86_64_17.0.8.v20230801-1951\jre\bin;C:\WINDOWS\SYSTEM32;C:\WINDOWS\WinSxS\amd64_microsoft.windows.common-controls_6595b64144ccf1df_6.0.22621.3235_none_270f74e173860f98;C:\Users\koppu\.p2\pool\plugins\org.eclipse.justj.openjdk.hotspot.jre.full.win32.x86_64_17.0.8.v20230801-1951\jre\bin\server

VM Arguments:
jvm_args: -ea -Dfile.encoding=UTF-8 -XX:+ShowCodeDetailsInExceptionMessages 
java_command: org.testng.remote.RemoteTestNG -serport 49855 -protocol json -d C:\Users\koppu\eclipse-workspace\loginforgo\test-output C:\WINDOWS\TEMP\testng-eclipse--1562941919\testng-customsuite.xml
java_class_path (initial): C:\Users\koppu\eclipse\java-2023-06\eclipse\configuration\org.eclipse.osgi\606\0\.cp\lib\testng-remote.jar;C:\Users\koppu\eclipse-workspace\loginforgo\target\test-classes;C:\Users\koppu\eclipse-workspace\loginforgo\target\classes;C:\Users\koppu\.p2\pool\plugins\org.testng_7.9.0.r202312310341.jar;C:\Users\koppu\.p2\pool\plugins\com.beust.jcommander_1.82.0.jar;C:\Users\koppu\.p2\pool\plugins\org.apache-extras.beanshell.bsh_2.0.0.b6.jar;C:\Users\koppu\.p2\pool\plugins\org.yaml.snakeyaml_1.21.0.jar;C:\Users\koppu\.p2\pool\plugins\org.webjars.jquery_3.7.1.jar;C:\Users\koppu\.m2\repository\org\testng\testng\7.9.0\testng-7.9.0.jar;C:\Users\koppu\.m2\repository\org\slf4j\slf4j-api\1.7.36\slf4j-api-1.7.36.jar;C:\Users\koppu\.m2\repository\com\beust\jcommander\1.82\jcommander-1.82.jar;C:\Users\koppu\.m2\repository\org\webjars\jquery\3.7.1\jquery-3.7.1.jar;C:\Users\koppu\.m2\repository\org\seleniumhq\selenium\selenium-java\4.19.1\selenium-java-4.19.1.jar;C:\Users\koppu\.m2\repository\org\seleniumhq\selenium\selenium-api\4.19.1\selenium-api-4.19.1.jar;C:\Users\koppu\.m2\repository\org\seleniumhq\selenium\selenium-chrome-driver\4.19.1\selenium-chrome-driver-4.19.1.jar;C:\Users\koppu\.m2\repository\com\google\auto\service\auto-service-annotations\1.1.1\auto-service-annotations-1.1.1.jar;C:\Users\koppu\.m2\repository\org\seleniumhq\selenium\selenium-chromium-driver\4.19.1\selenium-chromium-driver-4.19.1.jar;C:\Users\koppu\.m2\repository\org\seleniumhq\selenium\selenium-json\4.19.1\selenium-json-4.19.1.jar;C:\Users\koppu\.m2\repository\org\seleniumhq\selenium\selenium-manager\4.19.1\selenium-manager-4.19.1.jar;C:\Users\koppu\.m2\repository\org\seleniumhq\selenium\selenium-devtools-v121\4.19.1\selenium-devtools-v121-4.19.1.jar;C:\Users\koppu\.m2\repository\org\seleniumhq\selenium\selenium-devtools-v122\4.19.1\selenium-devtools-v122-4.19.1.jar;C:\Users\koppu\.m2\repository\org\seleniumhq\selenium\selenium-devtools-v123\4.19.1\selenium-devtools-v123-4.19.1
Launcher Type: SUN_STANDARD

[Global flags]
     intx CICompilerCount                          = 4                                         {product} {ergonomic}
     uint ConcGCThreads                            = 2                                         {product} {ergonomic}
     uint G1ConcRefinementThreads                  = 8                                         {product} {ergonomic}
   size_t G1HeapRegionSize                         = 2097152                                   {product} {ergonomic}
    uintx GCDrainStackTargetSize                   = 64                                        {product} {ergonomic}
   size_t InitialHeapSize                          = 266338304                                 {product} {ergonomic}
   size_t MarkStackSize                            = 4194304                                   {product} {ergonomic}
   size_t MaxHeapSize                              = 4238344192                                {product} {ergonomic}
   size_t MinHeapDeltaBytes                        = 2097152                                   {product} {ergonomic}
   size_t MinHeapSize                              = 8388608                                   {product} {ergonomic}
    uintx NonNMethodCodeHeapSize                   = 5839372                                {pd product} {ergonomic}
    uintx NonProfiledCodeHeapSize                  = 122909434                              {pd product} {ergonomic}
    uintx ProfiledCodeHeapSize                     = 122909434                              {pd product} {ergonomic}
    uintx ReservedCodeCacheSize                    = 251658240                              {pd product} {ergonomic}
     bool SegmentedCodeCache                       = true                                      {product} {ergonomic}
     bool ShowCodeDetailsInExceptionMessages       = true                                   {manageable} {command line}
   size_t SoftMaxHeapSize                          = 4238344192                             {manageable} {ergonomic}
     bool UseCompressedClassPointers               = true                           {product lp64_product} {ergonomic}
     bool UseCompressedOops                        = true                           {product lp64_product} {ergonomic}
     bool UseG1GC                                  = true                                      {product} {ergonomic}
     bool UseLargePagesIndividualAllocation        = false                                  {pd product} {ergonomic}

Logging:
Log output configuration:
 #0: stdout all=warning uptime,level,tags
 #1: stderr all=off uptime,level,tags

Environment Variables:
JAVA_HOME=C:\Program Files\Java\jdk-20
PATH=C:/Users/koppu/.p2/pool/plugins/org.eclipse.justj.openjdk.hotspot.jre.full.win32.x86_64_20.0.2.v20230801-2057/jre/bin/server;C:/Users/koppu/.p2/pool/plugins/org.eclipse.justj.openjdk.hotspot.jre.full.win32.x86_64_20.0.2.v20230801-2057/jre/bin;C:\Program Files\Common Files\Oracle\Java\javapath;C:\Program Files (x86)\Common Files\Oracle\Java\javapath;C:\WINDOWS\system32;C:\WINDOWS;C:\WINDOWS\System32\Wbem;C:\WINDOWS\System32\WindowsPowerShell\v1.0\;C:\WINDOWS\System32\OpenSSH\;C:\Program Files (x86)\Java\jre-1.8\bin;C:\Program Files (x86)\Common Files\Oracle\Java\javapath;C:\Program Files\Java\jdk-20\bin;C:\Program Files\Common Files\Oracle\Java\javapath;C:\Program Files\MySQL\MySQL Server 8.0\bin;c:\Program Files\Vector SIL Kit 4.0.34\x86\bin;c:\Program Files\Vector SIL Kit 4.0.34\x86_64\bin;c:\Program Files (x86)\Vector CANdb++ 3.1\Exec32;C:\Program Files (x86)\nodejs\;C:\Program Files\Git\cmd;C:\Program Files\MySQL\MySQL Shell 8.0\bin\;C:\Users\koppu\AppData\Roaming\npm;C:\Users\koppu\AppData\Local\Programs\Microsoft VS Code\bin;C:\New folder\IntelliJ IDEA Community Edition 2024.1\bin;;C:\WINDOWS\system32;
USERNAME=koppu
OS=Windows_NT
PROCESSOR_IDENTIFIER=Intel64 Family 6 Model 140 Stepping 2, GenuineIntel
TMP=C:\WINDOWS\TEMP
TEMP=C:\WINDOWS\TEMP



---------------  S Y S T E M  ---------------

OS:
 Windows 11 , 64 bit Build 22621 (10.0.22621.3235)
OS uptime: 21 days 4:01 hours

CPU: total 8 (initial active 8) (4 cores per cpu, 2 threads per core) family 6 model 140 stepping 2 microcode 0x22, cx8, cmov, fxsr, ht, mmx, 3dnowpref, sse, sse2, sse3, ssse3, sse4.1, sse4.2, popcnt, lzcnt, tsc, tscinvbit, avx, avx2, aes, erms, clmul, bmi1, bmi2, adx, avx512f, avx512dq, avx512cd, avx512bw, avx512vl, sha, fma, vzeroupper, avx512_vpopcntdq, avx512_vpclmulqdq, avx512_vaes, avx512_vnni, clflush, clflushopt, clwb, avx512_vbmi2, avx512_vbmi
Processor Information for all 8 processors :
  Max Mhz: 3187, Current Mhz: 3187, Mhz Limit: 3187

Memory: 4k page, system-wide physical 16167M (1208M free)
TotalPageFile size 34917M (AvailPageFile size 101M)
current process WorkingSet (physical memory assigned to process): 11M, peak: 11M
current process commit charge ("private bytes"): 60M, peak: 314M

vm_info: OpenJDK 64-Bit Server VM (17.0.8+7) for windows-amd64 JRE (17.0.8+7), built on Jul 18 2023 21:02:32 by "admin" with MS VC++ 16.7 (VS2019)

END.
