#
# There is insufficient memory for the Java Runtime Environment to continue.
# Native memory allocation (mmap) failed to map 104857600 bytes for G1 virtual space
# Possible reasons:
#   The system is out of physical RAM or swap space
#   The process is running with CompressedOops enabled, and the Java Heap may be blocking the growth of the native heap
# Possible solutions:
#   Reduce memory load on the system
#   Increase physical memory or swap space
#   Check if swap backing store is full
#   Decrease Java heap size (-Xmx/-Xms)
#   Decrease number of Java threads
#   Decrease Java thread stack sizes (-Xss)
#   Set larger code cache with -XX:ReservedCodeCacheSize=
#   JVM is running with Zero Based Compressed Oops mode in which the Java heap is
#     placed in the first 32GB address space. The Java Heap base address is the
#     maximum limit for the native heap growth. Please use -XX:HeapBaseMinAddress
#     to set the Java Heap base and to place the Java Heap above 32GB virtual address.
# This output file may be truncated or incomplete.
#
#  Out of Memory Error (os_windows.cpp:3617), pid=100260, tid=62856
#
# JRE version: OpenJDK Runtime Environment Temurin-17.0.8+7 (17.0.8+7) (build 17.0.8+7)
# Java VM: OpenJDK 64-Bit Server VM Temurin-17.0.8+7 (17.0.8+7, mixed mode, tiered, compressed oops, compressed class ptrs, g1 gc, windows-amd64)
# No core dump will be written. Minidumps are not enabled by default on client versions of Windows
#

---------------  S U M M A R Y ------------

Command Line: -ea -Dfile.encoding=UTF-8 -XX:+ShowCodeDetailsInExceptionMessages org.testng.remote.RemoteTestNG -serport 56514 -protocol json -d C:\Users\koppu\eclipse-workspace\loginforgo\test-output C:\WINDOWS\TEMP\testng-eclipse-1099784286\testng-customsuite.xml

Host: 11th Gen Intel(R) Core(TM) i5-11320H @ 3.20GHz, 8 cores, 15G,  Windows 11 , 64 bit Build 22621 (10.0.22621.3235)
Time: Tue May 21 14:45:43 2024 India Standard Time elapsed time: 14.092162 seconds (0d 0h 0m 14s)

---------------  T H R E A D  ---------------

Current thread (0x000002cadd610580):  VMThread "VM Thread" [stack: 0x000000ef8a700000,0x000000ef8a800000] [id=62856]

Stack: [0x000000ef8a700000,0x000000ef8a800000]
Native frames: (J=compiled Java code, j=interpreted, Vv=VM code, C=native code)
V  [jvm.dll+0x678b0a]
V  [jvm.dll+0x835e84]
V  [jvm.dll+0x83762e]
V  [jvm.dll+0x837c93]
V  [jvm.dll+0x24746f]
V  [jvm.dll+0x675859]
V  [jvm.dll+0x66a0ea]
V  [jvm.dll+0x306c7b]
V  [jvm.dll+0x30e166]
V  [jvm.dll+0x35dd3e]
V  [jvm.dll+0x35df6f]
V  [jvm.dll+0x2ddb48]
V  [jvm.dll+0x2dbd0c]
V  [jvm.dll+0x2db2dc]
V  [jvm.dll+0x31f18b]
V  [jvm.dll+0x83c15b]
V  [jvm.dll+0x83ce94]
V  [jvm.dll+0x83d3ac]
V  [jvm.dll+0x83d784]
V  [jvm.dll+0x83d850]
V  [jvm.dll+0x7e64ca]
V  [jvm.dll+0x677955]
C  [ucrtbase.dll+0x29363]
C  [KERNEL32.DLL+0x1257d]
C  [ntdll.dll+0x5aa58]

VM_Operation (0x000000ef8cafcdc0): G1CollectForAllocation, mode: safepoint, requested by thread 0x000002cae3702f50


---------------  P R O C E S S  ---------------

Threads class SMR info:
_java_thread_list=0x000002cae36700b0, length=26, elements={
0x000002cabeb2c560, 0x000002cadd617290, 0x000002cadd6185f0, 0x000002cadd61d970,
0x000002cadd656000, 0x000002cadd65b490, 0x000002cadd65e510, 0x000002cadd664d10,
0x000002cadd666cf0, 0x000002cadd66b610, 0x000002cadd7e9ba0, 0x000002cadd7f88c0,
0x000002cae2215ba0, 0x000002cae32fa610, 0x000002cae40ed060, 0x000002cae3d9d020,
0x000002cae3d9d500, 0x000002cae350fdd0, 0x000002cae35102b0, 0x000002cae3703e80,
0x000002cae37057d0, 0x000002cae3702f50, 0x000002cae3702020, 0x000002cae3704db0,
0x000002cae3703460, 0x000002cae3702530
}

Java Threads: ( => current thread )
  0x000002cabeb2c560 JavaThread "Forwarding sendKeysToElement on session d6d0c1dcb15b015d4bd40ca3ec71c70e to remote" [_thread_blocked, id=35404, stack(0x000000ef8a100000,0x000000ef8a200000)]
  0x000002cadd617290 JavaThread "Reference Handler" daemon [_thread_blocked, id=103140, stack(0x000000ef8a800000,0x000000ef8a900000)]
  0x000002cadd6185f0 JavaThread "Finalizer" daemon [_thread_blocked, id=102332, stack(0x000000ef8a900000,0x000000ef8aa00000)]
  0x000002cadd61d970 JavaThread "Signal Dispatcher" daemon [_thread_blocked, id=92412, stack(0x000000ef8aa00000,0x000000ef8ab00000)]
  0x000002cadd656000 JavaThread "Attach Listener" daemon [_thread_blocked, id=94084, stack(0x000000ef8ab00000,0x000000ef8ac00000)]
  0x000002cadd65b490 JavaThread "Service Thread" daemon [_thread_blocked, id=101636, stack(0x000000ef8ac00000,0x000000ef8ad00000)]
  0x000002cadd65e510 JavaThread "Monitor Deflation Thread" daemon [_thread_blocked, id=98220, stack(0x000000ef8ad00000,0x000000ef8ae00000)]
  0x000002cadd664d10 JavaThread "C2 CompilerThread0" daemon [_thread_blocked, id=97796, stack(0x000000ef8ae00000,0x000000ef8af00000)]
  0x000002cadd666cf0 JavaThread "C1 CompilerThread0" daemon [_thread_blocked, id=92592, stack(0x000000ef8af00000,0x000000ef8b000000)]
  0x000002cadd66b610 JavaThread "Sweeper thread" daemon [_thread_blocked, id=95352, stack(0x000000ef8b000000,0x000000ef8b100000)]
  0x000002cadd7e9ba0 JavaThread "Notification Thread" daemon [_thread_blocked, id=105012, stack(0x000000ef8b100000,0x000000ef8b200000)]
  0x000002cadd7f88c0 JavaThread "Common-Cleaner" daemon [_thread_blocked, id=104796, stack(0x000000ef8b300000,0x000000ef8b400000)]
  0x000002cae2215ba0 JavaThread "ReaderThread" [_thread_in_native, id=48584, stack(0x000000ef8b600000,0x000000ef8b700000)]
  0x000002cae32fa610 JavaThread "ForkJoinPool.commonPool-worker-1" daemon [_thread_blocked, id=98360, stack(0x000000ef8c100000,0x000000ef8c200000)]
  0x000002cae40ed060 JavaThread "HttpClient-1-SelectorManager" daemon [_thread_blocked, id=99536, stack(0x000000ef8c200000,0x000000ef8c300000)]
  0x000002cae3d9d020 JavaThread "External Process Output Forwarder - C:\Users\koppu\.cache\selenium\chromedriver\win64\124.0.6367.207\chromedriver.exe" daemon [_thread_in_native, id=99656, stack(0x000000ef8c300000,0x000000ef8c400000)]
  0x000002cae3d9d500 JavaThread "Driver Service Executor" daemon [_thread_blocked, id=13580, stack(0x000000ef8c400000,0x000000ef8c500000)]
  0x000002cae350fdd0 JavaThread "Driver Service Executor" daemon [_thread_in_native, id=100144, stack(0x000000ef8c500000,0x000000ef8c600000)]
  0x000002cae35102b0 JavaThread "UrlChecker-2" daemon [_thread_blocked, id=92520, stack(0x000000ef8c600000,0x000000ef8c700000)]
  0x000002cae3703e80 JavaThread "JdkHttpClient-0-0" daemon [_thread_blocked, id=99068, stack(0x000000ef8c800000,0x000000ef8c900000)]
  0x000002cae37057d0 JavaThread "JdkHttpClient-0-1" daemon [_thread_blocked, id=96192, stack(0x000000ef8c900000,0x000000ef8ca00000)]
  0x000002cae3702f50 JavaThread "JdkHttpClient-0-2" daemon [_thread_blocked, id=91876, stack(0x000000ef8ca00000,0x000000ef8cb00000)]
  0x000002cae3702020 JavaThread "HttpClient-2-SelectorManager" daemon [_thread_in_native, id=98748, stack(0x000000ef8b400000,0x000000ef8b500000)]
  0x000002cae3704db0 JavaThread "JdkHttpClient-1-0" daemon [_thread_blocked, id=97400, stack(0x000000ef8bf00000,0x000000ef8c000000)]
  0x000002cae3703460 JavaThread "JdkHttpClient-1-1" daemon [_thread_blocked, id=95636, stack(0x000000ef8cb00000,0x000000ef8cc00000)]
  0x000002cae3702530 JavaThread "JdkHttpClient-1-2" daemon [_thread_blocked, id=14640, stack(0x000000ef8cc00000,0x000000ef8cd00000)]

Other Threads:
=>0x000002cadd610580 VMThread "VM Thread" [stack: 0x000000ef8a700000,0x000000ef8a800000] [id=62856]
  0x000002cabebb1af0 WatcherThread [stack: 0x000000ef8b200000,0x000000ef8b300000] [id=96408]
  0x000002cabeb98b10 GCTaskThread "GC Thread#0" [stack: 0x000000ef8a200000,0x000000ef8a300000] [id=104428]
  0x000002cae2a65950 GCTaskThread "GC Thread#1" [stack: 0x000000ef8b700000,0x000000ef8b800000] [id=103132]
  0x000002cae2a65c10 GCTaskThread "GC Thread#2" [stack: 0x000000ef8b800000,0x000000ef8b900000] [id=105220]
  0x000002cae2a65ed0 GCTaskThread "GC Thread#3" [stack: 0x000000ef8b900000,0x000000ef8ba00000] [id=97108]
  0x000002cae2a66190 GCTaskThread "GC Thread#4" [stack: 0x000000ef8ba00000,0x000000ef8bb00000] [id=101660]
  0x000002cae29c0440 GCTaskThread "GC Thread#5" [stack: 0x000000ef8bb00000,0x000000ef8bc00000] [id=104088]
  0x000002cae2a09370 GCTaskThread "GC Thread#6" [stack: 0x000000ef8bc00000,0x000000ef8bd00000] [id=89124]
  0x000002cae2a0a640 GCTaskThread "GC Thread#7" [stack: 0x000000ef8bd00000,0x000000ef8be00000] [id=95168]
  0x000002cabeba9ea0 ConcurrentGCThread "G1 Main Marker" [stack: 0x000000ef8a300000,0x000000ef8a400000] [id=95404]
  0x000002cabebaa8b0 ConcurrentGCThread "G1 Conc#0" [stack: 0x000000ef8a400000,0x000000ef8a500000] [id=96348]
  0x000002cae315f520 ConcurrentGCThread "G1 Conc#1" [stack: 0x000000ef8c000000,0x000000ef8c100000] [id=98036]
  0x000002cabebce5b0 ConcurrentGCThread "G1 Refine#0" [stack: 0x000000ef8a500000,0x000000ef8a600000] [id=95476]
  0x000002cae29c0b10 ConcurrentGCThread "G1 Refine#1" [stack: 0x000000ef8be00000,0x000000ef8bf00000] [id=21244]
  0x000002cadd461380 ConcurrentGCThread "G1 Service" [stack: 0x000000ef8a600000,0x000000ef8a700000] [id=104884]

Threads with active compile tasks:
C1 CompilerThread0    14133 3017       3       jdk.internal.net.http.common.Log::logTrace (27 bytes)

VM state: at safepoint (normal execution)

VM Mutex/Monitor currently owned by a thread:  ([mutex/lock_event])
[0x000002cabeb28630] Threads_lock - owner thread: 0x000002cadd610580
[0x000002cabeb27940] Heap_lock - owner thread: 0x000002cae3702f50

Heap address: 0x0000000703600000, size: 4042 MB, Compressed Oops mode: Zero based, Oop shift amount: 3

CDS archive(s) not mapped
Compressed class space mapped at: 0x0000000800000000-0x0000000840000000, reserved size: 1073741824
Narrow klass base: 0x0000000800000000, Narrow klass shift: 0, Narrow klass range: 0x40000000

GC Precious Log:
 CPUs: 8 total, 8 available
 Memory: 16167M
 Large Page Support: Disabled
 NUMA Support: Disabled
 Compressed Oops: Enabled (Zero based)
 Heap Region Size: 2M
 Heap Min Capacity: 8M
 Heap Initial Capacity: 254M
 Heap Max Capacity: 4042M
 Pre-touch: Disabled
 Parallel Workers: 8
 Concurrent Workers: 2
 Concurrent Refinement Workers: 8
 Periodic GC: Disabled

Heap:
 garbage-first heap   total 55296K, used 18102K [0x0000000703600000, 0x0000000800000000)
  region size 2048K, 1 young (2048K), 1 survivors (2048K)
 Metaspace       used 28734K, committed 29120K, reserved 1114112K
  class space    used 3154K, committed 3328K, reserved 1048576K

Heap Regions: E=young(eden), S=young(survivor), O=old, HS=humongous(starts), HC=humongous(continues), CS=collection set, F=free, OA=open archive, CA=closed archive, TAMS=top-at-mark-start (previous, next)
|   0|0x0000000703600000, 0x0000000703800000, 0x0000000703800000|100%| O|  |TAMS 0x0000000703800000, 0x0000000703600000| Untracked 
|   1|0x0000000703800000, 0x0000000703a00000, 0x0000000703a00000|100%| O|  |TAMS 0x0000000703a00000, 0x0000000703800000| Untracked 
|   2|0x0000000703a00000, 0x0000000703c00000, 0x0000000703c00000|100%| O|  |TAMS 0x0000000703c00000, 0x0000000703a00000| Untracked 
|   3|0x0000000703c00000, 0x0000000703e00000, 0x0000000703e00000|100%| O|  |TAMS 0x0000000703e00000, 0x0000000703c00000| Untracked 
|   4|0x0000000703e00000, 0x0000000703e00000, 0x0000000704000000|  0%| F|  |TAMS 0x0000000703e00000, 0x0000000703e00000| Untracked 
|   5|0x0000000704000000, 0x0000000704200000, 0x0000000704200000|100%| O|  |TAMS 0x0000000704000000, 0x0000000704000000| Untracked 
|   6|0x0000000704200000, 0x0000000704400000, 0x0000000704400000|100%| O|  |TAMS 0x0000000704200000, 0x0000000704200000| Untracked 
|   7|0x0000000704400000, 0x0000000704600000, 0x0000000704600000|100%| O|  |TAMS 0x0000000704400000, 0x0000000704400000| Untracked 
|   8|0x0000000704600000, 0x0000000704600000, 0x0000000704800000|  0%| F|  |TAMS 0x0000000704600000, 0x0000000704600000| Untracked 
|   9|0x0000000704800000, 0x0000000704800000, 0x0000000704a00000|  0%| F|  |TAMS 0x0000000704800000, 0x0000000704800000| Untracked 
|  10|0x0000000704a00000, 0x0000000704a00000, 0x0000000704c00000|  0%| F|  |TAMS 0x0000000704a00000, 0x0000000704a00000| Untracked 
|  11|0x0000000704c00000, 0x0000000704c00000, 0x0000000704e00000|  0%| F|  |TAMS 0x0000000704c00000, 0x0000000704c00000| Untracked 
|  12|0x0000000704e00000, 0x0000000704e00000, 0x0000000705000000|  0%| F|  |TAMS 0x0000000704e00000, 0x0000000704e00000| Untracked 
|  13|0x0000000705000000, 0x0000000705200000, 0x0000000705200000|100%| O|  |TAMS 0x0000000705000000, 0x0000000705000000| Untracked 
|  14|0x0000000705200000, 0x0000000705250e00, 0x0000000705400000| 15%| O|  |TAMS 0x0000000705200000, 0x0000000705200000| Untracked 
|  15|0x0000000705400000, 0x0000000705400000, 0x0000000705600000|  0%| F|  |TAMS 0x0000000705400000, 0x0000000705400000| Untracked 
|  16|0x0000000705600000, 0x0000000705600000, 0x0000000705800000|  0%| F|  |TAMS 0x0000000705600000, 0x0000000705600000| Untracked 
|  17|0x0000000705800000, 0x000000070595cc00, 0x0000000705a00000| 68%| S|CS|TAMS 0x0000000705800000, 0x0000000705800000| Complete 
|  18|0x0000000705a00000, 0x0000000705a00000, 0x0000000705c00000|  0%| F|  |TAMS 0x0000000705a00000, 0x0000000705a00000| Untracked 
|  19|0x0000000705c00000, 0x0000000705c00000, 0x0000000705e00000|  0%| F|  |TAMS 0x0000000705c00000, 0x0000000705c00000| Untracked 
|  20|0x0000000705e00000, 0x0000000705e00000, 0x0000000706000000|  0%| F|  |TAMS 0x0000000705e00000, 0x0000000705e00000| Untracked 
|  21|0x0000000706000000, 0x0000000706000000, 0x0000000706200000|  0%| F|  |TAMS 0x0000000706000000, 0x0000000706000000| Untracked 
|  22|0x0000000706200000, 0x0000000706200000, 0x0000000706400000|  0%| F|  |TAMS 0x0000000706200000, 0x0000000706200000| Untracked 
|  23|0x0000000706400000, 0x0000000706400000, 0x0000000706600000|  0%| F|  |TAMS 0x0000000706400000, 0x0000000706400000| Untracked 
| 118|0x0000000712200000, 0x0000000712200000, 0x0000000712400000|  0%| F|  |TAMS 0x0000000712200000, 0x0000000712200000| Untracked 
| 119|0x0000000712400000, 0x0000000712400000, 0x0000000712600000|  0%| F|  |TAMS 0x0000000712400000, 0x0000000712400000| Untracked 
| 126|0x0000000713200000, 0x0000000713200000, 0x0000000713400000|  0%| F|  |TAMS 0x0000000713200000, 0x0000000713200000| Untracked 

Card table byte_map: [0x000002cad1cf0000,0x000002cad24e0000] _byte_map_base: 0x000002cace4d5000

Marking Bits (Prev, Next): (CMBitMap*) 0x000002cabeb99180, (CMBitMap*) 0x000002cabeb99140
 Prev Bits: [0x000002cad6c00000, 0x000002cadab28000)
 Next Bits: [0x000002cad2cd0000, 0x000002cad6bf8000)

Polling page: 0x000002cabca60000

Metaspace:

Usage:
  Non-class:     24.98 MB used.
      Class:      3.08 MB used.
       Both:     28.06 MB used.

Virtual space:
  Non-class space:       64.00 MB reserved,      25.19 MB ( 39%) committed,  1 nodes.
      Class space:        1.00 GB reserved,       3.25 MB ( <1%) committed,  1 nodes.
             Both:        1.06 GB reserved,      28.44 MB (  3%) committed. 

Chunk freelists:
   Non-Class:  6.78 MB
       Class:  12.67 MB
        Both:  19.45 MB

MaxMetaspaceSize: unlimited
CompressedClassSpaceSize: 1.00 GB
Initial GC threshold: 21.00 MB
Current GC threshold: 35.12 MB
CDS: off
MetaspaceReclaimPolicy: balanced
 - commit_granule_bytes: 65536.
 - commit_granule_words: 8192.
 - virtual_space_node_default_size: 8388608.
 - enlarge_chunks_in_place: 1.
 - new_chunks_are_fully_committed: 0.
 - uncommit_free_chunks: 1.
 - use_allocation_guard: 0.
 - handle_deallocations: 1.


Internal statistics:

num_allocs_failed_limit: 3.
num_arena_births: 374.
num_arena_deaths: 0.
num_vsnodes_births: 2.
num_vsnodes_deaths: 0.
num_space_committed: 455.
num_space_uncommitted: 0.
num_chunks_returned_to_freelist: 3.
num_chunks_taken_from_freelist: 938.
num_chunk_merges: 0.
num_chunk_splits: 549.
num_chunks_enlarged: 344.
num_inconsistent_stats: 0.

CodeHeap 'non-profiled nmethods': size=120000Kb used=1324Kb max_used=1324Kb free=118675Kb
 bounds [0x000002cac9ca0000, 0x000002cac9f10000, 0x000002cad11d0000]
CodeHeap 'profiled nmethods': size=120000Kb used=6056Kb max_used=6056Kb free=113943Kb
 bounds [0x000002cac21d0000, 0x000002cac27c0000, 0x000002cac9700000]
CodeHeap 'non-nmethods': size=5760Kb used=1259Kb max_used=1317Kb free=4500Kb
 bounds [0x000002cac9700000, 0x000002cac9970000, 0x000002cac9ca0000]
 total_blobs=3568 nmethods=3015 adapters=465
 compilation: enabled
              stopped_count=0, restarted_count=0
 full_count=0

Compilation events (20 events):
Event: 14.077 Thread 0x000002cadd666cf0 nmethod 3006 0x000002cac27b6810 code [0x000002cac27b6a00, 0x000002cac27b6db8]
Event: 14.077 Thread 0x000002cadd666cf0 3007       3       java.nio.channels.spi.AbstractInterruptibleChannel::blockedOn (10 bytes)
Event: 14.078 Thread 0x000002cadd666cf0 nmethod 3007 0x000002cac27b6f90 code [0x000002cac27b7140, 0x000002cac27b7388]
Event: 14.078 Thread 0x000002cadd666cf0 3009       3       jdk.internal.net.http.common.SequentialScheduler::isStopped (18 bytes)
Event: 14.078 Thread 0x000002cadd666cf0 nmethod 3009 0x000002cac27b7510 code [0x000002cac27b76a0, 0x000002cac27b7838]
Event: 14.078 Thread 0x000002cadd666cf0 3008       3       java.lang.System$2::blockedOn (5 bytes)
Event: 14.078 Thread 0x000002cadd666cf0 nmethod 3008 0x000002cac27b7910 code [0x000002cac27b7aa0, 0x000002cac27b7be8]
Event: 14.078 Thread 0x000002cadd666cf0 3010       3       org.openqa.selenium.json.JsonTypeCoercer::coerce (43 bytes)
Event: 14.079 Thread 0x000002cadd664d10 3012       4       java.util.AbstractMap::<init> (5 bytes)
Event: 14.079 Thread 0x000002cadd664d10 nmethod 3012 0x000002cac9deaf10 code [0x000002cac9deb080, 0x000002cac9deb0f8]
Event: 14.079 Thread 0x000002cadd666cf0 nmethod 3010 0x000002cac27b7c90 code [0x000002cac27b7ec0, 0x000002cac27b8878]
Event: 14.079 Thread 0x000002cadd666cf0 3011       3       org.openqa.selenium.json.JsonTypeCoercer$$Lambda$413/0x00000008002bdea8::<init> (10 bytes)
Event: 14.079 Thread 0x000002cadd666cf0 nmethod 3011 0x000002cac27b8b90 code [0x000002cac27b8d20, 0x000002cac27b8ed8]
Event: 14.079 Thread 0x000002cadd666cf0 3014       3       java.lang.Exception::<init> (6 bytes)
Event: 14.080 Thread 0x000002cadd666cf0 nmethod 3014 0x000002cac27b8f90 code [0x000002cac27b9160, 0x000002cac27b95a8]
Event: 14.080 Thread 0x000002cadd666cf0 3015       3       java.util.Spliterators$IteratorSpliterator::estimateSize (41 bytes)
Event: 14.080 Thread 0x000002cadd666cf0 nmethod 3015 0x000002cac27b9690 code [0x000002cac27b9860, 0x000002cac27b9bf8]
Event: 14.081 Thread 0x000002cadd666cf0 3016       3       java.util.concurrent.locks.LockSupport::setBlocker (12 bytes)
Event: 14.081 Thread 0x000002cadd666cf0 nmethod 3016 0x000002cac27b9d10 code [0x000002cac27b9ec0, 0x000002cac27ba0c8]
Event: 14.081 Thread 0x000002cadd666cf0 3017       3       jdk.internal.net.http.common.Log::logTrace (27 bytes)

GC Heap History (11 events):
Event: 0.437 GC heap before
{Heap before GC invocations=0 (full 0):
 garbage-first heap   total 260096K, used 20480K [0x0000000703600000, 0x0000000800000000)
  region size 2048K, 11 young (22528K), 0 survivors (0K)
 Metaspace       used 14603K, committed 14784K, reserved 1114112K
  class space    used 1430K, committed 1536K, reserved 1048576K
}
Event: 0.440 GC heap after
{Heap after GC invocations=1 (full 0):
 garbage-first heap   total 260096K, used 8515K [0x0000000703600000, 0x0000000800000000)
  region size 2048K, 2 young (4096K), 2 survivors (4096K)
 Metaspace       used 14603K, committed 14784K, reserved 1114112K
  class space    used 1430K, committed 1536K, reserved 1048576K
}
Event: 0.661 GC heap before
{Heap before GC invocations=1 (full 0):
 garbage-first heap   total 260096K, used 28995K [0x0000000703600000, 0x0000000800000000)
  region size 2048K, 12 young (24576K), 2 survivors (4096K)
 Metaspace       used 18147K, committed 18432K, reserved 1114112K
  class space    used 1840K, committed 1984K, reserved 1048576K
}
Event: 0.663 GC heap after
{Heap after GC invocations=2 (full 0):
 garbage-first heap   total 260096K, used 9790K [0x0000000703600000, 0x0000000800000000)
  region size 2048K, 1 young (2048K), 1 survivors (2048K)
 Metaspace       used 18147K, committed 18432K, reserved 1114112K
  class space    used 1840K, committed 1984K, reserved 1048576K
}
Event: 0.803 GC heap before
{Heap before GC invocations=2 (full 0):
 garbage-first heap   total 260096K, used 22078K [0x0000000703600000, 0x0000000800000000)
  region size 2048K, 8 young (16384K), 1 survivors (2048K)
 Metaspace       used 21274K, committed 21504K, reserved 1114112K
  class space    used 2182K, committed 2304K, reserved 1048576K
}
Event: 0.804 GC heap after
{Heap after GC invocations=3 (full 0):
 garbage-first heap   total 260096K, used 12401K [0x0000000703600000, 0x0000000800000000)
  region size 2048K, 2 young (4096K), 2 survivors (4096K)
 Metaspace       used 21274K, committed 21504K, reserved 1114112K
  class space    used 2182K, committed 2304K, reserved 1048576K
}
Event: 1.010 GC heap before
{Heap before GC invocations=4 (full 0):
 garbage-first heap   total 55296K, used 34929K [0x0000000703600000, 0x0000000800000000)
  region size 2048K, 14 young (28672K), 2 survivors (4096K)
 Metaspace       used 24500K, committed 24768K, reserved 1114112K
  class space    used 2549K, committed 2688K, reserved 1048576K
}
Event: 1.015 GC heap after
{Heap after GC invocations=5 (full 0):
 garbage-first heap   total 55296K, used 17114K [0x0000000703600000, 0x0000000800000000)
  region size 2048K, 5 young (10240K), 5 survivors (10240K)
 Metaspace       used 24500K, committed 24768K, reserved 1114112K
  class space    used 2549K, committed 2688K, reserved 1048576K
}
Event: 1.116 GC heap before
{Heap before GC invocations=5 (full 0):
 garbage-first heap   total 55296K, used 19162K [0x0000000703600000, 0x0000000800000000)
  region size 2048K, 6 young (12288K), 5 survivors (10240K)
 Metaspace       used 25582K, committed 25856K, reserved 1114112K
  class space    used 2689K, committed 2816K, reserved 1048576K
}
Event: 1.121 GC heap after
{Heap after GC invocations=6 (full 0):
 garbage-first heap   total 55296K, used 18073K [0x0000000703600000, 0x0000000800000000)
  region size 2048K, 1 young (2048K), 1 survivors (2048K)
 Metaspace       used 25582K, committed 25856K, reserved 1114112K
  class space    used 2689K, committed 2816K, reserved 1048576K
}
Event: 14.081 GC heap before
{Heap before GC invocations=6 (full 0):
 garbage-first heap   total 55296K, used 32409K [0x0000000703600000, 0x0000000800000000)
  region size 2048K, 9 young (18432K), 1 survivors (2048K)
 Metaspace       used 28734K, committed 29120K, reserved 1114112K
  class space    used 3154K, committed 3328K, reserved 1048576K
}

Dll operation events (7 events):
Event: 0.005 Loaded shared library C:\Users\koppu\.p2\pool\plugins\org.eclipse.justj.openjdk.hotspot.jre.full.win32.x86_64_17.0.8.v20230801-1951\jre\bin\java.dll
Event: 0.091 Loaded shared library C:\Users\koppu\.p2\pool\plugins\org.eclipse.justj.openjdk.hotspot.jre.full.win32.x86_64_17.0.8.v20230801-1951\jre\bin\net.dll
Event: 0.092 Loaded shared library C:\Users\koppu\.p2\pool\plugins\org.eclipse.justj.openjdk.hotspot.jre.full.win32.x86_64_17.0.8.v20230801-1951\jre\bin\nio.dll
Event: 0.097 Loaded shared library C:\Users\koppu\.p2\pool\plugins\org.eclipse.justj.openjdk.hotspot.jre.full.win32.x86_64_17.0.8.v20230801-1951\jre\bin\zip.dll
Event: 0.165 Loaded shared library C:\Users\koppu\.p2\pool\plugins\org.eclipse.justj.openjdk.hotspot.jre.full.win32.x86_64_17.0.8.v20230801-1951\jre\bin\jimage.dll
Event: 0.214 Loaded shared library C:\Users\koppu\.p2\pool\plugins\org.eclipse.justj.openjdk.hotspot.jre.full.win32.x86_64_17.0.8.v20230801-1951\jre\bin\verify.dll
Event: 0.995 Loaded shared library C:\Users\koppu\.p2\pool\plugins\org.eclipse.justj.openjdk.hotspot.jre.full.win32.x86_64_17.0.8.v20230801-1951\jre\bin\sunmscapi.dll

Deoptimization events (20 events):
Event: 1.151 Thread 0x000002cabeb2c560 Uncommon trap: trap_request=0xffffff45 fr.pc=0x000002cac9d7556c relative=0x00000000000003cc
Event: 1.151 Thread 0x000002cabeb2c560 Uncommon trap: reason=unstable_if action=reinterpret pc=0x000002cac9d7556c method=java.util.stream.StreamOpFlag.getMask(I)I @ 1 c2
Event: 1.151 Thread 0x000002cabeb2c560 DEOPT PACKING pc=0x000002cac9d7556c sp=0x000000ef8a1fd740
Event: 1.151 Thread 0x000002cabeb2c560 DEOPT UNPACKING pc=0x000002cac975a1a3 sp=0x000000ef8a1fd630 mode 2
Event: 1.201 Thread 0x000002cae3703e80 DEOPT PACKING pc=0x000002cac2580242 sp=0x000000ef8c8fa740
Event: 1.201 Thread 0x000002cae3703e80 DEOPT UNPACKING pc=0x000002cac975ace3 sp=0x000000ef8c8f9c50 mode 0
Event: 1.220 Thread 0x000002cae3703e80 DEOPT PACKING pc=0x000002cac2580263 sp=0x000000ef8c8fd5b0
Event: 1.220 Thread 0x000002cae3703e80 DEOPT UNPACKING pc=0x000002cac975ace3 sp=0x000000ef8c8fcac0 mode 0
Event: 1.831 Thread 0x000002cabeb2c560 Uncommon trap: trap_request=0xffffff45 fr.pc=0x000002cac9dc5b48 relative=0x00000000000011a8
Event: 1.831 Thread 0x000002cabeb2c560 Uncommon trap: reason=unstable_if action=reinterpret pc=0x000002cac9dc5b48 method=java.util.concurrent.ConcurrentHashMap.putVal(Ljava/lang/Object;Ljava/lang/Object;Z)Ljava/lang/Object; @ 231 c2
Event: 1.831 Thread 0x000002cabeb2c560 DEOPT PACKING pc=0x000002cac9dc5b48 sp=0x000000ef8a1fd940
Event: 1.831 Thread 0x000002cabeb2c560 DEOPT UNPACKING pc=0x000002cac975a1a3 sp=0x000000ef8a1fd8c0 mode 2
Event: 1.870 Thread 0x000002cabeb2c560 Uncommon trap: trap_request=0xffffffcc fr.pc=0x000002cac9d96374 relative=0x0000000000000354
Event: 1.870 Thread 0x000002cabeb2c560 Uncommon trap: reason=intrinsic_or_type_checked_inlining action=make_not_entrant pc=0x000002cac9d96374 method=java.util.Arrays.copyOf([Ljava/lang/Object;ILjava/lang/Class;)[Ljava/lang/Object; @ 35 c2
Event: 1.870 Thread 0x000002cabeb2c560 DEOPT PACKING pc=0x000002cac9d96374 sp=0x000000ef8a1fd9d0
Event: 1.870 Thread 0x000002cabeb2c560 DEOPT UNPACKING pc=0x000002cac975a1a3 sp=0x000000ef8a1fd978 mode 2
Event: 10.853 Thread 0x000002cabeb2c560 Uncommon trap: trap_request=0xffffff45 fr.pc=0x000002cac9dcf38c relative=0x0000000000004e0c
Event: 10.853 Thread 0x000002cabeb2c560 Uncommon trap: reason=unstable_if action=reinterpret pc=0x000002cac9dcf38c method=java.lang.invoke.MethodType.makeImpl(Ljava/lang/Class;[Ljava/lang/Class;Z)Ljava/lang/invoke/MethodType; @ 47 c2
Event: 10.853 Thread 0x000002cabeb2c560 DEOPT PACKING pc=0x000002cac9dcf38c sp=0x000000ef8a1fd160
Event: 10.853 Thread 0x000002cabeb2c560 DEOPT UNPACKING pc=0x000002cac975a1a3 sp=0x000000ef8a1fd1a0 mode 2

Classes unloaded (0 events):
No events

Classes redefined (0 events):
No events

Internal exceptions (20 events):
Event: 1.047 Thread 0x000002cabeb2c560 Exception <a 'java/lang/NoSuchMethodError'{0x000000071336bd40}: 'java.lang.Object java.lang.invoke.DirectMethodHandle$Holder.newInvokeSpecial(java.lang.Object, long)'> (0x000000071336bd40) 
thrown [s\src\hotspot\share\interpreter\linkResolver.cpp, line 759]
Event: 1.048 Thread 0x000002cabeb2c560 Exception <a 'java/lang/NoSuchMethodError'{0x00000007133725d8}: 'java.lang.Object java.lang.invoke.DirectMethodHandle$Holder.invokeStatic(java.lang.Object, java.lang.Object, long, java.lang.Object)'> (0x00000007133725d8) 
thrown [s\src\hotspot\share\interpreter\linkResolver.cpp, line 759]
Event: 1.048 Thread 0x000002cabeb2c560 Exception <a 'java/lang/NoSuchMethodError'{0x00000007133763d0}: 'java.lang.Object java.lang.invoke.DirectMethodHandle$Holder.invokeStaticInit(java.lang.Object, java.lang.Object, long, java.lang.Object)'> (0x00000007133763d0) 
thrown [s\src\hotspot\share\interpreter\linkResolver.cpp, line 759]
Event: 1.048 Thread 0x000002cabeb2c560 Exception <a 'java/lang/NoSuchMethodError'{0x000000071337c700}: 'java.lang.Object java.lang.invoke.DirectMethodHandle$Holder.newInvokeSpecial(java.lang.Object, java.lang.Object, long)'> (0x000000071337c700) 
thrown [s\src\hotspot\share\interpreter\linkResolver.cpp, line 759]
Event: 1.057 Thread 0x000002cae35102b0 Exception <a 'java/net/ConnectException'{0x00000007133c0af0}: Connection refused: no further information> (0x00000007133c0af0) 
thrown [s\src\hotspot\share\prims\jni.cpp, line 535]
Event: 1.058 Thread 0x000002cae35102b0 Exception <a 'java/net/SocketException'{0x00000007133c0e28}: Socket is not connected: shutdown> (0x00000007133c0e28) 
thrown [s\src\hotspot\share\prims\jni.cpp, line 535]
Event: 1.078 Thread 0x000002cae35102b0 Exception <a 'java/net/ConnectException'{0x00000007133c1e20}: Connection refused: no further information> (0x00000007133c1e20) 
thrown [s\src\hotspot\share\prims\jni.cpp, line 535]
Event: 1.078 Thread 0x000002cae35102b0 Exception <a 'java/net/SocketException'{0x00000007133c2158}: Socket is not connected: shutdown> (0x00000007133c2158) 
thrown [s\src\hotspot\share\prims\jni.cpp, line 535]
Event: 1.125 Thread 0x000002cabeb2c560 Exception <a 'java/lang/NoSuchMethodError'{0x0000000713234340}: 'double java.lang.invoke.DirectMethodHandle$Holder.invokeVirtual(java.lang.Object, java.lang.Object)'> (0x0000000713234340) 
thrown [s\src\hotspot\share\interpreter\linkResolver.cpp, line 759]
Event: 1.125 Thread 0x000002cabeb2c560 Exception <a 'java/lang/NoSuchMethodError'{0x000000071323aae8}: 'float java.lang.invoke.DirectMethodHandle$Holder.invokeVirtual(java.lang.Object, java.lang.Object)'> (0x000000071323aae8) 
thrown [s\src\hotspot\share\interpreter\linkResolver.cpp, line 759]
Event: 1.126 Thread 0x000002cabeb2c560 Exception <a 'java/lang/NoSuchMethodError'{0x0000000713243ac8}: 'long java.lang.invoke.DirectMethodHandle$Holder.invokeVirtual(java.lang.Object, java.lang.Object)'> (0x0000000713243ac8) 
thrown [s\src\hotspot\share\interpreter\linkResolver.cpp, line 759]
Event: 1.139 Thread 0x000002cabeb2c560 Exception <a 'java/lang/NoSuchMethodError'{0x00000007133b2710}: 'java.lang.Object java.lang.invoke.DirectMethodHandle$Holder.newInvokeSpecial(java.lang.Object, java.lang.Object, int, int)'> (0x00000007133b2710) 
thrown [s\src\hotspot\share\interpreter\linkResolver.cpp, line 759]
Event: 1.140 Thread 0x000002cabeb2c560 Exception <a 'java/lang/NoSuchMethodError'{0x00000007133bd4a0}: 'void java.lang.invoke.DirectMethodHandle$Holder.invokeStatic(java.lang.Object, java.lang.Object, int)'> (0x00000007133bd4a0) 
thrown [s\src\hotspot\share\interpreter\linkResolver.cpp, line 759]
Event: 1.187 Thread 0x000002cae3703e80 Exception <a 'java/lang/NoSuchMethodError'{0x0000000706452588}: 'java.lang.Object java.lang.invoke.DirectMethodHandle$Holder.invokeSpecial(java.lang.Object, java.lang.Object, java.lang.Object, java.lang.Object, int)'> (0x0000000706452588) 
thrown [s\src\hotspot\share\interpreter\linkResolver.cpp, line 759]
Event: 1.187 Thread 0x000002cae3703e80 Exception <a 'java/lang/NoSuchMethodError'{0x0000000706456150}: 'java.lang.Object java.lang.invoke.Invokers$Holder.linkToTargetMethod(java.lang.Object, java.lang.Object, int, java.lang.Object)'> (0x0000000706456150) 
thrown [s\src\hotspot\share\interpreter\linkResolver.cpp, line 759]
Event: 1.203 Thread 0x000002cae3703e80 Exception <a 'java/lang/NoSuchMethodError'{0x00000007065a5a28}: 'void java.lang.invoke.DirectMethodHandle$Holder.invokeSpecial(java.lang.Object, java.lang.Object, java.lang.Object, java.lang.Object, java.lang.Object)'> (0x00000007065a5a28) 
thrown [s\src\hotspot\share\interpreter\linkResolver.cpp, line 759]
Event: 1.811 Thread 0x000002cae3703e80 Exception <a 'java/lang/NoSuchMethodError'{0x0000000706315040}: 'java.lang.Object java.lang.invoke.DirectMethodHandle$Holder.newInvokeSpecial(java.lang.Object, java.lang.Object, long, java.lang.Object, java.lang.Object, java.lang.Object)'> (0x0000000706315040) 
thrown [s\src\hotspot\share\interpreter\linkResolver.cpp, line 759]
Event: 1.812 Thread 0x000002cae3703e80 Exception <a 'java/lang/NoSuchMethodError'{0x000000070633a570}: 'void java.lang.invoke.DirectMethodHandle$Holder.invokeSpecial(java.lang.Object, java.lang.Object, java.lang.Object, java.lang.Object, java.lang.Object, java.lang.Object, java.lang.Object)'> (0x000000070633a570) 
thrown [s\src\hotspot\share\interpreter\linkResolver.cpp, line 759]
Event: 1.819 Thread 0x000002cabeb2c560 Exception <a 'java/lang/NoSuchMethodError'{0x00000007063b8938}: 'java.lang.Object java.lang.invoke.DirectMethodHandle$Holder.invokeSpecialIFC(java.lang.Object, java.lang.Object, java.lang.Object)'> (0x00000007063b8938) 
thrown [s\src\hotspot\share\interpreter\linkResolver.cpp, line 759]
Event: 1.872 Thread 0x000002cabeb2c560 Exception <a 'java/lang/ClassNotFoundException'{0x0000000705fe9198}: sun/util/logging/resources/spi/loggingProvider> (0x0000000705fe9198) 
thrown [s\src\hotspot\share\classfile\systemDictionary.cpp, line 256]

VM Operations (20 events):
Event: 1.121 Executing VM operation: G1CollectForAllocation done
Event: 1.806 Executing VM operation: HandshakeAllThreads
Event: 1.806 Executing VM operation: HandshakeAllThreads done
Event: 2.814 Executing VM operation: Cleanup
Event: 2.814 Executing VM operation: Cleanup done
Event: 6.856 Executing VM operation: Cleanup
Event: 6.857 Executing VM operation: Cleanup done
Event: 7.862 Executing VM operation: Cleanup
Event: 7.862 Executing VM operation: Cleanup done
Event: 10.847 Executing VM operation: HandshakeAllThreads
Event: 10.847 Executing VM operation: HandshakeAllThreads done
Event: 10.847 Executing VM operation: Cleanup
Event: 10.847 Executing VM operation: Cleanup done
Event: 11.857 Executing VM operation: Cleanup
Event: 11.857 Executing VM operation: Cleanup done
Event: 12.858 Executing VM operation: Cleanup
Event: 12.858 Executing VM operation: Cleanup done
Event: 13.869 Executing VM operation: Cleanup
Event: 13.869 Executing VM operation: Cleanup done
Event: 14.081 Executing VM operation: G1CollectForAllocation

Events (20 events):
Event: 1.872 loading class sun/util/logging/resources/logging_en_IN done
Event: 1.872 loading class java/util/Formatter$DateTime
Event: 1.872 loading class java/util/Formatter$DateTime done
Event: 1.872 loading class java/time/ZonedDateTime$1
Event: 1.872 loading class java/time/ZonedDateTime$1 done
Event: 1.872 loading class java/time/LocalDate$1
Event: 1.872 loading class java/time/LocalDate$1 done
Event: 1.872 loading class java/time/LocalTime$1
Event: 1.872 loading class java/time/LocalTime$1 done
Event: 6.120 Thread 0x000002cae3702a40 Thread exited: 0x000002cae3702a40
Event: 10.838 loading class java/lang/annotation/ElementType
Event: 10.839 loading class java/lang/annotation/ElementType done
Event: 10.859 loading class java/util/AbstractList$ListItr
Event: 10.860 loading class java/util/AbstractList$ListItr done
Event: 10.882 loading class java/net/URLEncoder
Event: 10.883 loading class java/net/URLEncoder done
Event: 10.883 loading class java/io/CharArrayWriter
Event: 10.883 loading class java/io/CharArrayWriter done
Event: 12.522 loading class jdk/internal/reflect/UnsafeLongFieldAccessorImpl
Event: 12.522 loading class jdk/internal/reflect/UnsafeLongFieldAccessorImpl done


Dynamic libraries:
0x00007ff69acb0000 - 0x00007ff69acbe000 	C:\Users\koppu\.p2\pool\plugins\org.eclipse.justj.openjdk.hotspot.jre.full.win32.x86_64_17.0.8.v20230801-1951\jre\bin\javaw.exe
0x00007ff97fbb0000 - 0x00007ff97fdc6000 	C:\WINDOWS\SYSTEM32\ntdll.dll
0x00007ff97f940000 - 0x00007ff97fa04000 	C:\WINDOWS\System32\KERNEL32.DLL
0x00007ff97d410000 - 0x00007ff97d7b6000 	C:\WINDOWS\System32\KERNELBASE.dll
0x00007ff97d060000 - 0x00007ff97d171000 	C:\WINDOWS\System32\ucrtbase.dll
0x00007ff9762d0000 - 0x00007ff9762e7000 	C:\Users\koppu\.p2\pool\plugins\org.eclipse.justj.openjdk.hotspot.jre.full.win32.x86_64_17.0.8.v20230801-1951\jre\bin\jli.dll
0x00007ff974ec0000 - 0x00007ff974ed9000 	C:\Users\koppu\.p2\pool\plugins\org.eclipse.justj.openjdk.hotspot.jre.full.win32.x86_64_17.0.8.v20230801-1951\jre\bin\VCRUNTIME140.dll
0x00007ff97d900000 - 0x00007ff97daad000 	C:\WINDOWS\System32\USER32.dll
0x00007ff97d370000 - 0x00007ff97d396000 	C:\WINDOWS\System32\win32u.dll
0x00007ff96b1f0000 - 0x00007ff96b483000 	C:\WINDOWS\WinSxS\amd64_microsoft.windows.common-controls_6595b64144ccf1df_6.0.22621.3235_none_270f74e173860f98\COMCTL32.dll
0x00007ff97db30000 - 0x00007ff97db59000 	C:\WINDOWS\System32\GDI32.dll
0x00007ff97eab0000 - 0x00007ff97eb57000 	C:\WINDOWS\System32\msvcrt.dll
0x00007ff97d1b0000 - 0x00007ff97d2c8000 	C:\WINDOWS\System32\gdi32full.dll
0x00007ff97d2d0000 - 0x00007ff97d36a000 	C:\WINDOWS\System32\msvcp_win.dll
0x00007ff97fb00000 - 0x00007ff97fb31000 	C:\WINDOWS\System32\IMM32.DLL
0x00007ff977530000 - 0x00007ff97753c000 	C:\Users\koppu\.p2\pool\plugins\org.eclipse.justj.openjdk.hotspot.jre.full.win32.x86_64_17.0.8.v20230801-1951\jre\bin\vcruntime140_1.dll
0x00007ff95c090000 - 0x00007ff95c121000 	C:\Users\koppu\.p2\pool\plugins\org.eclipse.justj.openjdk.hotspot.jre.full.win32.x86_64_17.0.8.v20230801-1951\jre\bin\msvcp140.dll
0x00007ff92e0b0000 - 0x00007ff92ecfc000 	C:\Users\koppu\.p2\pool\plugins\org.eclipse.justj.openjdk.hotspot.jre.full.win32.x86_64_17.0.8.v20230801-1951\jre\bin\server\jvm.dll
0x00007ff97f390000 - 0x00007ff97f442000 	C:\WINDOWS\System32\ADVAPI32.dll
0x00007ff97ec60000 - 0x00007ff97ed08000 	C:\WINDOWS\System32\sechost.dll
0x00007ff97d180000 - 0x00007ff97d1a8000 	C:\WINDOWS\System32\bcrypt.dll
0x00007ff97f680000 - 0x00007ff97f795000 	C:\WINDOWS\System32\RPCRT4.dll
0x00007ff97c7c0000 - 0x00007ff97c80d000 	C:\WINDOWS\SYSTEM32\POWRPROF.dll
0x00007ff976970000 - 0x00007ff9769a4000 	C:\WINDOWS\SYSTEM32\WINMM.dll
0x00007ff96d950000 - 0x00007ff96d959000 	C:\WINDOWS\SYSTEM32\WSOCK32.dll
0x00007ff97dab0000 - 0x00007ff97db21000 	C:\WINDOWS\System32\WS2_32.dll
0x00007ff9759c0000 - 0x00007ff9759ca000 	C:\WINDOWS\SYSTEM32\VERSION.dll
0x00007ff97c7a0000 - 0x00007ff97c7b3000 	C:\WINDOWS\SYSTEM32\UMPDC.dll
0x00007ff97bf30000 - 0x00007ff97bf48000 	C:\WINDOWS\SYSTEM32\kernel.appcore.dll
0x00007ff9773e0000 - 0x00007ff9773ea000 	C:\Users\koppu\.p2\pool\plugins\org.eclipse.justj.openjdk.hotspot.jre.full.win32.x86_64_17.0.8.v20230801-1951\jre\bin\jimage.dll
0x00007ff97aa80000 - 0x00007ff97acb3000 	C:\WINDOWS\SYSTEM32\DBGHELP.DLL
0x00007ff97f000000 - 0x00007ff97f388000 	C:\WINDOWS\System32\combase.dll
0x00007ff97f7b0000 - 0x00007ff97f887000 	C:\WINDOWS\System32\OLEAUT32.dll
0x00007ff975cd0000 - 0x00007ff975d02000 	C:\WINDOWS\SYSTEM32\dbgcore.DLL
0x00007ff97d880000 - 0x00007ff97d8fa000 	C:\WINDOWS\System32\bcryptPrimitives.dll
0x00007ff9705c0000 - 0x00007ff9705e5000 	C:\Users\koppu\.p2\pool\plugins\org.eclipse.justj.openjdk.hotspot.jre.full.win32.x86_64_17.0.8.v20230801-1951\jre\bin\java.dll
0x00007ff970350000 - 0x00007ff970368000 	C:\Users\koppu\.p2\pool\plugins\org.eclipse.justj.openjdk.hotspot.jre.full.win32.x86_64_17.0.8.v20230801-1951\jre\bin\zip.dll
0x00007ff97db60000 - 0x00007ff97e3bd000 	C:\WINDOWS\System32\SHELL32.dll
0x00007ff97ae50000 - 0x00007ff97b748000 	C:\WINDOWS\SYSTEM32\windows.storage.dll
0x00007ff97ad10000 - 0x00007ff97ae4e000 	C:\WINDOWS\SYSTEM32\wintypes.dll
0x00007ff97eda0000 - 0x00007ff97ee93000 	C:\WINDOWS\System32\SHCORE.dll
0x00007ff97f8e0000 - 0x00007ff97f93e000 	C:\WINDOWS\System32\shlwapi.dll
0x00007ff97ce20000 - 0x00007ff97ce46000 	C:\WINDOWS\SYSTEM32\profapi.dll
0x00007ff96f760000 - 0x00007ff96f779000 	C:\Users\koppu\.p2\pool\plugins\org.eclipse.justj.openjdk.hotspot.jre.full.win32.x86_64_17.0.8.v20230801-1951\jre\bin\net.dll
0x00007ff977a30000 - 0x00007ff977b67000 	C:\WINDOWS\SYSTEM32\WINHTTP.dll
0x00007ff97c3b0000 - 0x00007ff97c419000 	C:\WINDOWS\system32\mswsock.dll
0x00007ff96f730000 - 0x00007ff96f745000 	C:\Users\koppu\.p2\pool\plugins\org.eclipse.justj.openjdk.hotspot.jre.full.win32.x86_64_17.0.8.v20230801-1951\jre\bin\nio.dll
0x00007ff9772c0000 - 0x00007ff9772d0000 	C:\Users\koppu\.p2\pool\plugins\org.eclipse.justj.openjdk.hotspot.jre.full.win32.x86_64_17.0.8.v20230801-1951\jre\bin\verify.dll
0x00007ff97ba20000 - 0x00007ff97bb19000 	C:\WINDOWS\SYSTEM32\DNSAPI.dll
0x00007ff97b9b0000 - 0x00007ff97b9dd000 	C:\WINDOWS\SYSTEM32\IPHLPAPI.DLL
0x00007ff97f7a0000 - 0x00007ff97f7a9000 	C:\WINDOWS\System32\NSI.dll
0x00007ff975b90000 - 0x00007ff975b9a000 	C:\Windows\System32\rasadhlp.dll
0x00007ff976680000 - 0x00007ff976703000 	C:\WINDOWS\System32\fwpuclnt.dll
0x00007ff97c600000 - 0x00007ff97c61b000 	C:\WINDOWS\SYSTEM32\CRYPTSP.dll
0x00007ff97be90000 - 0x00007ff97bec5000 	C:\WINDOWS\system32\rsaenh.dll
0x00007ff97c4a0000 - 0x00007ff97c4cc000 	C:\WINDOWS\SYSTEM32\USERENV.dll
0x00007ff97c620000 - 0x00007ff97c62c000 	C:\WINDOWS\SYSTEM32\CRYPTBASE.dll
0x00007ff977480000 - 0x00007ff977499000 	C:\WINDOWS\SYSTEM32\dhcpcsvc6.DLL
0x00007ff977460000 - 0x00007ff97747f000 	C:\WINDOWS\SYSTEM32\dhcpcsvc.DLL
0x00007ff9770e0000 - 0x00007ff9770ee000 	C:\Users\koppu\.p2\pool\plugins\org.eclipse.justj.openjdk.hotspot.jre.full.win32.x86_64_17.0.8.v20230801-1951\jre\bin\sunmscapi.dll
0x00007ff97cef0000 - 0x00007ff97d056000 	C:\WINDOWS\System32\CRYPT32.dll
0x00007ff97c8b0000 - 0x00007ff97c8de000 	C:\WINDOWS\SYSTEM32\ncrypt.dll
0x00007ff97c870000 - 0x00007ff97c8a7000 	C:\WINDOWS\SYSTEM32\NTASN1.dll
0x00007ff975e30000 - 0x00007ff975e38000 	C:\WINDOWS\system32\wshunix.dll

dbghelp: loaded successfully - version: 4.0.5 - missing functions: none
symbol engine: initialized successfully - sym options: 0x614 - pdb path: .;C:\Users\koppu\.p2\pool\plugins\org.eclipse.justj.openjdk.hotspot.jre.full.win32.x86_64_17.0.8.v20230801-1951\jre\bin;C:\WINDOWS\SYSTEM32;C:\WINDOWS\WinSxS\amd64_microsoft.windows.common-controls_6595b64144ccf1df_6.0.22621.3235_none_270f74e173860f98;C:\Users\koppu\.p2\pool\plugins\org.eclipse.justj.openjdk.hotspot.jre.full.win32.x86_64_17.0.8.v20230801-1951\jre\bin\server

VM Arguments:
jvm_args: -ea -Dfile.encoding=UTF-8 -XX:+ShowCodeDetailsInExceptionMessages 
java_command: org.testng.remote.RemoteTestNG -serport 56514 -protocol json -d C:\Users\koppu\eclipse-workspace\loginforgo\test-output C:\WINDOWS\TEMP\testng-eclipse-1099784286\testng-customsuite.xml
java_class_path (initial): C:\Users\koppu\eclipse\java-2023-06\eclipse\configuration\org.eclipse.osgi\606\0\.cp\lib\testng-remote.jar;C:\Users\koppu\eclipse-workspace\loginforgo\target\test-classes;C:\Users\koppu\eclipse-workspace\loginforgo\target\classes;C:\Users\koppu\.p2\pool\plugins\org.testng_7.9.0.r202312310341.jar;C:\Users\koppu\.p2\pool\plugins\com.beust.jcommander_1.82.0.jar;C:\Users\koppu\.p2\pool\plugins\org.apache-extras.beanshell.bsh_2.0.0.b6.jar;C:\Users\koppu\.p2\pool\plugins\org.yaml.snakeyaml_1.21.0.jar;C:\Users\koppu\.p2\pool\plugins\org.webjars.jquery_3.7.1.jar;C:\Users\koppu\.m2\repository\org\testng\testng\7.9.0\testng-7.9.0.jar;C:\Users\koppu\.m2\repository\org\slf4j\slf4j-api\1.7.36\slf4j-api-1.7.36.jar;C:\Users\koppu\.m2\repository\com\beust\jcommander\1.82\jcommander-1.82.jar;C:\Users\koppu\.m2\repository\org\webjars\jquery\3.7.1\jquery-3.7.1.jar;C:\Users\koppu\.m2\repository\org\seleniumhq\selenium\selenium-java\4.19.1\selenium-java-4.19.1.jar;C:\Users\koppu\.m2\repository\org\seleniumhq\selenium\selenium-api\4.19.1\selenium-api-4.19.1.jar;C:\Users\koppu\.m2\repository\org\seleniumhq\selenium\selenium-chrome-driver\4.19.1\selenium-chrome-driver-4.19.1.jar;C:\Users\koppu\.m2\repository\com\google\auto\service\auto-service-annotations\1.1.1\auto-service-annotations-1.1.1.jar;C:\Users\koppu\.m2\repository\org\seleniumhq\selenium\selenium-chromium-driver\4.19.1\selenium-chromium-driver-4.19.1.jar;C:\Users\koppu\.m2\repository\org\seleniumhq\selenium\selenium-json\4.19.1\selenium-json-4.19.1.jar;C:\Users\koppu\.m2\repository\org\seleniumhq\selenium\selenium-manager\4.19.1\selenium-manager-4.19.1.jar;C:\Users\koppu\.m2\repository\org\seleniumhq\selenium\selenium-devtools-v121\4.19.1\selenium-devtools-v121-4.19.1.jar;C:\Users\koppu\.m2\repository\org\seleniumhq\selenium\selenium-devtools-v122\4.19.1\selenium-devtools-v122-4.19.1.jar;C:\Users\koppu\.m2\repository\org\seleniumhq\selenium\selenium-devtools-v123\4.19.1\selenium-devtools-v123-4.19.1
Launcher Type: SUN_STANDARD

[Global flags]
     intx CICompilerCount                          = 4                                         {product} {ergonomic}
     uint ConcGCThreads                            = 2                                         {product} {ergonomic}
     uint G1ConcRefinementThreads                  = 8                                         {product} {ergonomic}
   size_t G1HeapRegionSize                         = 2097152                                   {product} {ergonomic}
    uintx GCDrainStackTargetSize                   = 64                                        {product} {ergonomic}
   size_t InitialHeapSize                          = 266338304                                 {product} {ergonomic}
   size_t MarkStackSize                            = 4194304                                   {product} {ergonomic}
   size_t MaxHeapSize                              = 4238344192                                {product} {ergonomic}
   size_t MaxNewSize                               = 2541748224                                {product} {ergonomic}
   size_t MinHeapDeltaBytes                        = 2097152                                   {product} {ergonomic}
   size_t MinHeapSize                              = 8388608                                   {product} {ergonomic}
    uintx NonNMethodCodeHeapSize                   = 5839372                                {pd product} {ergonomic}
    uintx NonProfiledCodeHeapSize                  = 122909434                              {pd product} {ergonomic}
    uintx ProfiledCodeHeapSize                     = 122909434                              {pd product} {ergonomic}
    uintx ReservedCodeCacheSize                    = 251658240                              {pd product} {ergonomic}
     bool SegmentedCodeCache                       = true                                      {product} {ergonomic}
     bool ShowCodeDetailsInExceptionMessages       = true                                   {manageable} {command line}
   size_t SoftMaxHeapSize                          = 4238344192                             {manageable} {ergonomic}
     bool UseCompressedClassPointers               = true                           {product lp64_product} {ergonomic}
     bool UseCompressedOops                        = true                           {product lp64_product} {ergonomic}
     bool UseG1GC                                  = true                                      {product} {ergonomic}
     bool UseLargePagesIndividualAllocation        = false                                  {pd product} {ergonomic}

Logging:
Log output configuration:
 #0: stdout all=warning uptime,level,tags
 #1: stderr all=off uptime,level,tags

Environment Variables:
JAVA_HOME=C:\Program Files\Java\jdk-20
PATH=C:/Users/koppu/.p2/pool/plugins/org.eclipse.justj.openjdk.hotspot.jre.full.win32.x86_64_20.0.2.v20230801-2057/jre/bin/server;C:/Users/koppu/.p2/pool/plugins/org.eclipse.justj.openjdk.hotspot.jre.full.win32.x86_64_20.0.2.v20230801-2057/jre/bin;C:\Program Files\Common Files\Oracle\Java\javapath;C:\Program Files (x86)\Common Files\Oracle\Java\javapath;C:\WINDOWS\system32;C:\WINDOWS;C:\WINDOWS\System32\Wbem;C:\WINDOWS\System32\WindowsPowerShell\v1.0\;C:\WINDOWS\System32\OpenSSH\;C:\Program Files (x86)\Java\jre-1.8\bin;C:\Program Files (x86)\Common Files\Oracle\Java\javapath;C:\Program Files\Java\jdk-20\bin;C:\Program Files\Common Files\Oracle\Java\javapath;C:\Program Files\MySQL\MySQL Server 8.0\bin;c:\Program Files\Vector SIL Kit 4.0.34\x86\bin;c:\Program Files\Vector SIL Kit 4.0.34\x86_64\bin;c:\Program Files (x86)\Vector CANdb++ 3.1\Exec32;C:\Program Files (x86)\nodejs\;C:\Program Files\Git\cmd;C:\Program Files\MySQL\MySQL Shell 8.0\bin\;C:\Users\koppu\AppData\Roaming\npm;C:\Users\koppu\AppData\Local\Programs\Microsoft VS Code\bin;C:\New folder\IntelliJ IDEA Community Edition 2024.1\bin;;C:\WINDOWS\system32;
USERNAME=koppu
OS=Windows_NT
PROCESSOR_IDENTIFIER=Intel64 Family 6 Model 140 Stepping 2, GenuineIntel
TMP=C:\WINDOWS\TEMP
TEMP=C:\WINDOWS\TEMP



---------------  S Y S T E M  ---------------

OS:
 Windows 11 , 64 bit Build 22621 (10.0.22621.3235)
OS uptime: 22 days 1:56 hours

CPU: total 8 (initial active 8) (4 cores per cpu, 2 threads per core) family 6 model 140 stepping 2 microcode 0x22, cx8, cmov, fxsr, ht, mmx, 3dnowpref, sse, sse2, sse3, ssse3, sse4.1, sse4.2, popcnt, lzcnt, tsc, tscinvbit, avx, avx2, aes, erms, clmul, bmi1, bmi2, adx, avx512f, avx512dq, avx512cd, avx512bw, avx512vl, sha, fma, vzeroupper, avx512_vpopcntdq, avx512_vpclmulqdq, avx512_vaes, avx512_vnni, clflush, clflushopt, clwb, avx512_vbmi2, avx512_vbmi
Processor Information for processor 0
  Max Mhz: 3187, Current Mhz: 1195, Mhz Limit: 3187
Processor Information for processor 1
  Max Mhz: 3187, Current Mhz: 3187, Mhz Limit: 3187
Processor Information for processor 2
  Max Mhz: 3187, Current Mhz: 3187, Mhz Limit: 3187
Processor Information for processor 3
  Max Mhz: 3187, Current Mhz: 1195, Mhz Limit: 3187
Processor Information for processor 4
  Max Mhz: 3187, Current Mhz: 3187, Mhz Limit: 3187
Processor Information for processor 5
  Max Mhz: 3187, Current Mhz: 3187, Mhz Limit: 3187
Processor Information for processor 6
  Max Mhz: 3187, Current Mhz: 1195, Mhz Limit: 3187
Processor Information for processor 7
  Max Mhz: 3187, Current Mhz: 1195, Mhz Limit: 3187

Memory: 4k page, system-wide physical 16167M (820M free)
TotalPageFile size 34917M (AvailPageFile size 101M)
current process WorkingSet (physical memory assigned to process): 139M, peak: 169M
current process commit charge ("private bytes"): 172M, peak: 388M

vm_info: OpenJDK 64-Bit Server VM (17.0.8+7) for windows-amd64 JRE (17.0.8+7), built on Jul 18 2023 21:02:32 by "admin" with MS VC++ 16.7 (VS2019)

END.
